#
# There is insufficient memory for the Java Runtime Environment to continue.
# Native memory allocation (mmap) failed to map 90177536 bytes for Failed to commit area from 0x0000000090d00000 to 0x0000000096300000 of length 90177536.
# Possible reasons:
#   The system is out of physical RAM or swap space
#   The process is running with CompressedOops enabled, and the Java Heap may be blocking the growth of the native heap
# Possible solutions:
#   Reduce memory load on the system
#   Increase physical memory or swap space
#   Check if swap backing store is full
#   Decrease Java heap size (-Xmx/-Xms)
#   Decrease number of Java threads
#   Decrease Java thread stack sizes (-Xss)
#   Set larger code cache with -XX:ReservedCodeCacheSize=
#   JVM is running with Unscaled Compressed Oops mode in which the Java heap is
#     placed in the first 4GB address space. The Java Heap base address is the
#     maximum limit for the native heap growth. Please use -XX:HeapBaseMinAddress
#     to set the Java Heap base and to place the Java Heap above 4GB virtual address.
# This output file may be truncated or incomplete.
#
#  Out of Memory Error (./src/hotspot/os/windows/os_windows.cpp:3301), pid=34528, tid=37596
#
# JRE version: OpenJDK Runtime Environment (11.0.11+9) (build 11.0.11+9-b60-7590822)
# Java VM: OpenJDK 64-Bit Server VM (11.0.11+9-b60-7590822, mixed mode, tiered, compressed oops, g1 gc, windows-amd64)
# No core dump will be written. Minidumps are not enabled by default on client versions of Windows
#

---------------  S U M M A R Y ------------

Command Line: --add-opens=java.base/java.util=ALL-UNNAMED --add-opens=java.base/java.lang=ALL-UNNAMED --add-opens=java.base/java.lang.invoke=ALL-UNNAMED --add-opens=java.base/java.util=ALL-UNNAMED --add-opens=java.prefs/java.util.prefs=ALL-UNNAMED --add-opens=java.prefs/java.util.prefs=ALL-UNNAMED --add-opens=java.base/java.nio.charset=ALL-UNNAMED --add-opens=java.base/java.net=ALL-UNNAMED --add-opens=java.base/java.util.concurrent.atomic=ALL-UNNAMED -Xmx2048m -Dfile.encoding=UTF-8 -Duser.country=ZA -Duser.language=en -Duser.variant org.gradle.launcher.daemon.bootstrap.GradleDaemon 7.2

Host: Intel(R) Core(TM) i5-10300H CPU @ 2.50GHz, 8 cores, 7G,  Windows 10 , 64 bit Build 22000 (10.0.22000.708)
Time: Wed Oct 12 08:37:58 2022 South Africa Standard Time elapsed time: 36.485494 seconds (0d 0h 0m 36s)

---------------  T H R E A D  ---------------

Current thread (0x0000018079b26800):  VMThread "VM Thread" [stack: 0x000000168d900000,0x000000168da00000] [id=37596]

Stack: [0x000000168d900000,0x000000168da00000]
[error occurred during error reporting (printing stack bounds), id 0xc0000005, EXCEPTION_ACCESS_VIOLATION (0xc0000005) at pc=0x00000180631a0f2d]

Native frames: (J=compiled Java code, j=interpreted, Vv=VM code, C=native code)
V  [jvm.dll+0x5f214a]
V  [jvm.dll+0x726fb5]
V  [jvm.dll+0x7285cd]
V  [jvm.dll+0x728be5]
V  [jvm.dll+0x728b9b]
V  [jvm.dll+0x5f14e8]
V  [jvm.dll+0x5f1c78]
C  [ntdll.dll+0xa8b1f]
C  [ntdll.dll+0x35b9a]
C  [ntdll.dll+0xa7b2e]
C  0x00000180631a0f2d

VM_Operation (0x00000016920f9060): G1CollectForAllocation, mode: safepoint, requested by thread 0x000001807e415800


---------------  P R O C E S S  ---------------

Threads class SMR info:
_java_thread_list=0x000001807e8e2d80, length=135, elements={
0x000001805f69f000, 0x0000018079b28000, 0x0000018079b31800, 0x000001807a4a4800,
0x000001807a4a8000, 0x000001807a4a9000, 0x000001807a4ad000, 0x000001807a4ae000,
0x000001807a4b2800, 0x000001807a5f9000, 0x000001807b8ee800, 0x000001807bf08000,
0x000001807c604000, 0x000001807b2ce800, 0x000001807bf62800, 0x000001807c6e0800,
0x000001807b458800, 0x000001807bf05000, 0x000001807c5f0000, 0x000001807c9aa000,
0x000001807c9ab800, 0x000001807c9ab000, 0x000001807c9a8800, 0x000001807c9a6800,
0x000001807c9a9000, 0x000001807c9ac800, 0x000001807c9a7800, 0x000001807c9ad800,
0x000001807cade000, 0x000001807cadc800, 0x000001807cadd800, 0x000001807cadb800,
0x000001807cadb000, 0x000001807cada000, 0x000001807cae2800, 0x000001807cae3000,
0x000001807cae0800, 0x000001807cae4000, 0x000001807cae4800, 0x000001807cae1800,
0x000001807cae5800, 0x000001807cae7000, 0x000001807cae6800, 0x000001807cae8000,
0x000001807e40a000, 0x000001807e40d800, 0x000001807e40b800, 0x000001807e408800,
0x000001807e407800, 0x000001807e409000, 0x000001807e40f800, 0x000001807e40e000,
0x000001807e410800, 0x000001807e40f000, 0x000001807e40c800, 0x000001807e40b000,
0x000001807e416000, 0x000001807e411800, 0x000001807e413000, 0x000001807e412000,
0x000001807e414000, 0x000001807e414800, 0x000001807e415800, 0x000001807d262800,
0x000001807d263800, 0x000001807d260000, 0x000001807d264000, 0x000001807d25f800,
0x000001807d266000, 0x000001807d261800, 0x000001807d265000, 0x000001807d266800,
0x000001807d261000, 0x000001807d267800, 0x000001807d26b800, 0x000001807d26d000,
0x000001807d26a800, 0x000001807d26c800, 0x000001807d26e000, 0x000001807d269000,
0x000001807d268800, 0x000001807d26a000, 0x000001807b627000, 0x000001807b625800,
0x000001807b626800, 0x000001807b623000, 0x000001807b628000, 0x000001807b622800,
0x000001807b629000, 0x000001807b624000, 0x000001807b629800, 0x000001807b62a800,
0x000001807b624800, 0x000001807b631000, 0x000001807b62b800, 0x000001807b62c000,
0x000001807b62d000, 0x000001807b62e800, 0x000001807b62d800, 0x000001807b62f800,
0x000001807b630000, 0x000001807f0d6000, 0x000001807f0d9800, 0x000001807f0d7000,
0x000001807f0d7800, 0x000001807f0d8800, 0x000001807f0d5800, 0x000001807f0d3800,
0x000001807f0da000, 0x000001807f0d4800, 0x000001807f0dd800, 0x000001807f0e0800,
0x000001807f0dc800, 0x000001807f0de800, 0x000001807f0df000, 0x000001807f0e0000,
0x000001807f0db000, 0x000001807f0e1800, 0x000001807f0dc000, 0x000001807f0e2800,
0x000001807f11c000, 0x000001807f11d000, 0x000001807f11b800, 0x000001807f11a800,
0x000001807f123800, 0x000001807f11f800, 0x000001807f11e000, 0x000001807f124800,
0x000001807f11e800, 0x000001807f125000, 0x000001807f122800, 0x000001807f126000,
0x000001807f120000, 0x0000018002da8800, 0x0000018002da5000
}

Java Threads: ( => current thread )
  0x000001805f69f000 JavaThread "main" [_thread_blocked, id=26564, stack(0x000000168d300000,0x000000168d400000)]
  0x0000018079b28000 JavaThread "Reference Handler" daemon [_thread_blocked, id=11608, stack(0x000000168da00000,0x000000168db00000)]
  0x0000018079b31800 JavaThread "Finalizer" daemon [_thread_blocked, id=23464, stack(0x000000168db00000,0x000000168dc00000)]
  0x000001807a4a4800 JavaThread "Signal Dispatcher" daemon [_thread_blocked, id=15584, stack(0x000000168dc00000,0x000000168dd00000)]
  0x000001807a4a8000 JavaThread "Attach Listener" daemon [_thread_blocked, id=12492, stack(0x000000168dd00000,0x000000168de00000)]
  0x000001807a4a9000 JavaThread "Service Thread" daemon [_thread_blocked, id=31724, stack(0x000000168de00000,0x000000168df00000)]
  0x000001807a4ad000 JavaThread "C2 CompilerThread0" daemon [_thread_blocked, id=5144, stack(0x000000168df00000,0x000000168e000000)]
  0x000001807a4ae000 JavaThread "C1 CompilerThread0" daemon [_thread_blocked, id=7104, stack(0x000000168e000000,0x000000168e100000)]
  0x000001807a4b2800 JavaThread "Sweeper thread" daemon [_thread_blocked, id=35884, stack(0x000000168e100000,0x000000168e200000)]
  0x000001807a5f9000 JavaThread "Common-Cleaner" daemon [_thread_blocked, id=9508, stack(0x000000168e200000,0x000000168e300000)]
  0x000001807b8ee800 JavaThread "Daemon health stats" [_thread_blocked, id=35512, stack(0x000000168e600000,0x000000168e700000)]
  0x000001807bf08000 JavaThread "Incoming local TCP Connector on port 54687" [_thread_in_native, id=37092, stack(0x000000168e700000,0x000000168e800000)]
  0x000001807c604000 JavaThread "Daemon periodic checks" [_thread_blocked, id=36376, stack(0x000000168e800000,0x000000168e900000)]
  0x000001807b2ce800 JavaThread "Daemon" [_thread_blocked, id=35880, stack(0x000000168e900000,0x000000168ea00000)]
  0x000001807bf62800 JavaThread "Handler for socket connection from /127.0.0.1:54687 to /127.0.0.1:54688" [_thread_in_native, id=14032, stack(0x000000168ea00000,0x000000168eb00000)]
  0x000001807c6e0800 JavaThread "Cancel handler" [_thread_blocked, id=34608, stack(0x000000168eb00000,0x000000168ec00000)]
  0x000001807b458800 JavaThread "Daemon worker" [_thread_blocked, id=9696, stack(0x000000168ec00000,0x000000168ed00000)]
  0x000001807bf05000 JavaThread "Asynchronous log dispatcher for DefaultDaemonConnection: socket connection from /127.0.0.1:54687 to /127.0.0.1:54688" [_thread_blocked, id=27140, stack(0x000000168ed00000,0x000000168ee00000)]
  0x000001807c5f0000 JavaThread "Stdin handler" [_thread_blocked, id=9056, stack(0x000000168ee00000,0x000000168ef00000)]
  0x000001807c9aa000 JavaThread "Daemon client event forwarder" [_thread_blocked, id=9372, stack(0x000000168ef00000,0x000000168f000000)]
  0x000001807c9ab800 JavaThread "Cache worker for journal cache (C:\Users\lucam\AndroidStudioProjects\18004671_OPSC7311_TaskApp\caches\journal-1)" [_thread_blocked, id=4100, stack(0x000000168f500000,0x000000168f600000)]
  0x000001807c9ab000 JavaThread "File lock request listener" [_thread_in_native, id=24020, stack(0x000000168f600000,0x000000168f700000)]
  0x000001807c9a8800 JavaThread "Cache worker for file hash cache (C:\Users\lucam\AndroidStudioProjects\18004671_OPSC7311_TaskApp\caches\7.2\fileHashes)" [_thread_blocked, id=22600, stack(0x000000168f700000,0x000000168f800000)]
  0x000001807c9a6800 JavaThread "Cache worker for file hash cache (C:\Users\lucam\AndroidStudioProjects\WonderFinder\.gradle\7.2\fileHashes)" [_thread_blocked, id=4404, stack(0x000000168f900000,0x000000168fa00000)]
  0x000001807c9a9000 JavaThread "File watcher server" daemon [_thread_blocked, id=22532, stack(0x000000168fa00000,0x000000168fb00000)]
  0x000001807c9ac800 JavaThread "File watcher consumer" daemon [_thread_blocked, id=34592, stack(0x000000168fb00000,0x000000168fc00000)]
  0x000001807c9a7800 JavaThread "Cache worker for checksums cache (C:\Users\lucam\AndroidStudioProjects\WonderFinder\.gradle\checksums)" [_thread_blocked, id=38376, stack(0x000000168fc00000,0x000000168fd00000)]
  0x000001807c9ad800 JavaThread "Cache worker for cache directory md-supplier (C:\Users\lucam\AndroidStudioProjects\18004671_OPSC7311_TaskApp\caches\7.2\md-supplier)" [_thread_blocked, id=36724, stack(0x000000168fd00000,0x000000168fe00000)]
  0x000001807cade000 JavaThread "Cache worker for cache directory md-rule (C:\Users\lucam\AndroidStudioProjects\18004671_OPSC7311_TaskApp\caches\7.2\md-rule)" [_thread_blocked, id=9220, stack(0x000000168fe00000,0x000000168ff00000)]
  0x000001807cadc800 JavaThread "Cache worker for execution history cache (C:\Users\lucam\AndroidStudioProjects\18004671_OPSC7311_TaskApp\caches\7.2\executionHistory)" [_thread_blocked, id=17724, stack(0x000000168ff00000,0x0000001690000000)]
  0x000001807cadd800 JavaThread "jar transforms" [_thread_blocked, id=10748, stack(0x0000001690000000,0x0000001690100000)]
  0x000001807cadb800 JavaThread "Cache worker for file content cache (C:\Users\lucam\AndroidStudioProjects\18004671_OPSC7311_TaskApp\caches\7.2\fileContent)" [_thread_blocked, id=17588, stack(0x0000001690100000,0x0000001690200000)]
  0x000001807cadb000 JavaThread "jar transforms Thread 2" [_thread_blocked, id=37880, stack(0x0000001690200000,0x0000001690300000)]
  0x000001807cada000 JavaThread "Cache worker for dependencies-accessors (C:\Users\lucam\AndroidStudioProjects\WonderFinder\.gradle\7.2\dependencies-accessors)" [_thread_blocked, id=22104, stack(0x0000001690300000,0x0000001690400000)]
  0x000001807cae2800 JavaThread "jar transforms Thread 3" [_thread_blocked, id=29736, stack(0x0000001690400000,0x0000001690500000)]
  0x000001807cae3000 JavaThread "Cache worker for Build Output Cleanup Cache (C:\Users\lucam\AndroidStudioProjects\WonderFinder\.gradle\buildOutputCleanup)" [_thread_blocked, id=37232, stack(0x0000001690500000,0x0000001690600000)]
  0x000001807cae0800 JavaThread "Unconstrained build operations" [_thread_blocked, id=35996, stack(0x0000001690600000,0x0000001690700000)]
  0x000001807cae4000 JavaThread "Unconstrained build operations Thread 2" [_thread_blocked, id=11340, stack(0x0000001690700000,0x0000001690800000)]
  0x000001807cae4800 JavaThread "Unconstrained build operations Thread 3" [_thread_blocked, id=4564, stack(0x0000001690800000,0x0000001690900000)]
  0x000001807cae1800 JavaThread "Unconstrained build operations Thread 4" [_thread_blocked, id=32524, stack(0x0000001690900000,0x0000001690a00000)]
  0x000001807cae5800 JavaThread "Unconstrained build operations Thread 5" [_thread_blocked, id=21768, stack(0x0000001690a00000,0x0000001690b00000)]
  0x000001807cae7000 JavaThread "Unconstrained build operations Thread 6" [_thread_blocked, id=32088, stack(0x0000001690b00000,0x0000001690c00000)]
  0x000001807cae6800 JavaThread "Unconstrained build operations Thread 7" [_thread_blocked, id=26428, stack(0x0000001690c00000,0x0000001690d00000)]
  0x000001807cae8000 JavaThread "Unconstrained build operations Thread 8" [_thread_blocked, id=18236, stack(0x0000001690d00000,0x0000001690e00000)]
  0x000001807e40a000 JavaThread "Unconstrained build operations Thread 9" [_thread_blocked, id=33048, stack(0x0000001690e00000,0x0000001690f00000)]
  0x000001807e40d800 JavaThread "Unconstrained build operations Thread 10" [_thread_blocked, id=36040, stack(0x0000001690f00000,0x0000001691000000)]
  0x000001807e40b800 JavaThread "Unconstrained build operations Thread 11" [_thread_blocked, id=3188, stack(0x0000001691000000,0x0000001691100000)]
  0x000001807e408800 JavaThread "Unconstrained build operations Thread 12" [_thread_blocked, id=20124, stack(0x0000001691100000,0x0000001691200000)]
  0x000001807e407800 JavaThread "Unconstrained build operations Thread 13" [_thread_blocked, id=37164, stack(0x0000001691200000,0x0000001691300000)]
  0x000001807e409000 JavaThread "Unconstrained build operations Thread 14" [_thread_blocked, id=29668, stack(0x0000001691300000,0x0000001691400000)]
  0x000001807e40f800 JavaThread "Unconstrained build operations Thread 15" [_thread_blocked, id=1200, stack(0x0000001691400000,0x0000001691500000)]
  0x000001807e40e000 JavaThread "Unconstrained build operations Thread 16" [_thread_blocked, id=35340, stack(0x0000001691500000,0x0000001691600000)]
  0x000001807e410800 JavaThread "Unconstrained build operations Thread 17" [_thread_blocked, id=2008, stack(0x0000001691600000,0x0000001691700000)]
  0x000001807e40f000 JavaThread "Unconstrained build operations Thread 18" [_thread_blocked, id=23216, stack(0x0000001691700000,0x0000001691800000)]
  0x000001807e40c800 JavaThread "Unconstrained build operations Thread 19" [_thread_blocked, id=37932, stack(0x0000001691800000,0x0000001691900000)]
  0x000001807e40b000 JavaThread "Unconstrained build operations Thread 20" [_thread_blocked, id=17788, stack(0x0000001691900000,0x0000001691a00000)]
  0x000001807e416000 JavaThread "Unconstrained build operations Thread 21" [_thread_blocked, id=26740, stack(0x0000001691a00000,0x0000001691b00000)]
  0x000001807e411800 JavaThread "Unconstrained build operations Thread 22" [_thread_blocked, id=8568, stack(0x0000001691b00000,0x0000001691c00000)]
  0x000001807e413000 JavaThread "Unconstrained build operations Thread 23" [_thread_blocked, id=36608, stack(0x0000001691c00000,0x0000001691d00000)]
  0x000001807e412000 JavaThread "Unconstrained build operations Thread 24" [_thread_blocked, id=9272, stack(0x0000001691d00000,0x0000001691e00000)]
  0x000001807e414000 JavaThread "Unconstrained build operations Thread 25" [_thread_blocked, id=29196, stack(0x0000001691e00000,0x0000001691f00000)]
  0x000001807e414800 JavaThread "Unconstrained build operations Thread 26" [_thread_blocked, id=14644, stack(0x0000001691f00000,0x0000001692000000)]
  0x000001807e415800 JavaThread "Unconstrained build operations Thread 27" [_thread_blocked, id=18688, stack(0x0000001692000000,0x0000001692100000)]
  0x000001807d262800 JavaThread "Unconstrained build operations Thread 28" [_thread_blocked, id=24568, stack(0x0000001692100000,0x0000001692200000)]
  0x000001807d263800 JavaThread "Unconstrained build operations Thread 29" [_thread_blocked, id=36104, stack(0x0000001692200000,0x0000001692300000)]
  0x000001807d260000 JavaThread "Unconstrained build operations Thread 30" [_thread_blocked, id=21636, stack(0x0000001692300000,0x0000001692400000)]
  0x000001807d264000 JavaThread "Unconstrained build operations Thread 31" [_thread_blocked, id=20016, stack(0x0000001692400000,0x0000001692500000)]
  0x000001807d25f800 JavaThread "Unconstrained build operations Thread 32" [_thread_blocked, id=38780, stack(0x0000001692500000,0x0000001692600000)]
  0x000001807d266000 JavaThread "Unconstrained build operations Thread 33" [_thread_blocked, id=2344, stack(0x0000001692600000,0x0000001692700000)]
  0x000001807d261800 JavaThread "Unconstrained build operations Thread 34" [_thread_blocked, id=32900, stack(0x0000001692700000,0x0000001692800000)]
  0x000001807d265000 JavaThread "Unconstrained build operations Thread 35" [_thread_blocked, id=24012, stack(0x0000001692800000,0x0000001692900000)]
  0x000001807d266800 JavaThread "Unconstrained build operations Thread 36" [_thread_blocked, id=21896, stack(0x0000001692900000,0x0000001692a00000)]
  0x000001807d261000 JavaThread "Unconstrained build operations Thread 37" [_thread_blocked, id=33312, stack(0x0000001692a00000,0x0000001692b00000)]
  0x000001807d267800 JavaThread "Unconstrained build operations Thread 38" [_thread_blocked, id=23520, stack(0x0000001692b00000,0x0000001692c00000)]
  0x000001807d26b800 JavaThread "Unconstrained build operations Thread 39" [_thread_blocked, id=28080, stack(0x0000001692c00000,0x0000001692d00000)]
  0x000001807d26d000 JavaThread "Unconstrained build operations Thread 40" [_thread_blocked, id=30952, stack(0x0000001692d00000,0x0000001692e00000)]
  0x000001807d26a800 JavaThread "Unconstrained build operations Thread 41" [_thread_blocked, id=35020, stack(0x0000001692e00000,0x0000001692f00000)]
  0x000001807d26c800 JavaThread "Unconstrained build operations Thread 42" [_thread_blocked, id=36824, stack(0x0000001692f00000,0x0000001693000000)]
  0x000001807d26e000 JavaThread "Unconstrained build operations Thread 43" [_thread_blocked, id=24420, stack(0x0000001693000000,0x0000001693100000)]
  0x000001807d269000 JavaThread "Unconstrained build operations Thread 44" [_thread_blocked, id=29952, stack(0x0000001693100000,0x0000001693200000)]
  0x000001807d268800 JavaThread "Unconstrained build operations Thread 45" [_thread_blocked, id=31504, stack(0x0000001693200000,0x0000001693300000)]
  0x000001807d26a000 JavaThread "Unconstrained build operations Thread 46" [_thread_blocked, id=31416, stack(0x0000001693300000,0x0000001693400000)]
  0x000001807b627000 JavaThread "Unconstrained build operations Thread 47" [_thread_blocked, id=3176, stack(0x0000001693400000,0x0000001693500000)]
  0x000001807b625800 JavaThread "Unconstrained build operations Thread 48" [_thread_blocked, id=37084, stack(0x0000001693500000,0x0000001693600000)]
  0x000001807b626800 JavaThread "Unconstrained build operations Thread 49" [_thread_blocked, id=16048, stack(0x0000001693600000,0x0000001693700000)]
  0x000001807b623000 JavaThread "Unconstrained build operations Thread 50" [_thread_blocked, id=11880, stack(0x0000001693700000,0x0000001693800000)]
  0x000001807b628000 JavaThread "Unconstrained build operations Thread 51" [_thread_blocked, id=27964, stack(0x0000001693800000,0x0000001693900000)]
  0x000001807b622800 JavaThread "Unconstrained build operations Thread 52" [_thread_blocked, id=12320, stack(0x0000001693900000,0x0000001693a00000)]
  0x000001807b629000 JavaThread "Unconstrained build operations Thread 53" [_thread_blocked, id=8104, stack(0x0000001693a00000,0x0000001693b00000)]
  0x000001807b624000 JavaThread "Unconstrained build operations Thread 54" [_thread_blocked, id=7780, stack(0x0000001693b00000,0x0000001693c00000)]
  0x000001807b629800 JavaThread "Unconstrained build operations Thread 55" [_thread_blocked, id=35376, stack(0x0000001693c00000,0x0000001693d00000)]
  0x000001807b62a800 JavaThread "Unconstrained build operations Thread 56" [_thread_blocked, id=37144, stack(0x0000001693d00000,0x0000001693e00000)]
  0x000001807b624800 JavaThread "Unconstrained build operations Thread 57" [_thread_blocked, id=28524, stack(0x0000001693e00000,0x0000001693f00000)]
  0x000001807b631000 JavaThread "Unconstrained build operations Thread 58" [_thread_blocked, id=12560, stack(0x0000001693f00000,0x0000001694000000)]
  0x000001807b62b800 JavaThread "Unconstrained build operations Thread 59" [_thread_blocked, id=35752, stack(0x0000001694000000,0x0000001694100000)]
  0x000001807b62c000 JavaThread "Unconstrained build operations Thread 60" [_thread_blocked, id=13624, stack(0x0000001694100000,0x0000001694200000)]
  0x000001807b62d000 JavaThread "Unconstrained build operations Thread 61" [_thread_blocked, id=37516, stack(0x0000001694200000,0x0000001694300000)]
  0x000001807b62e800 JavaThread "Unconstrained build operations Thread 62" [_thread_blocked, id=5956, stack(0x0000001694300000,0x0000001694400000)]
  0x000001807b62d800 JavaThread "Unconstrained build operations Thread 63" [_thread_blocked, id=35776, stack(0x0000001694400000,0x0000001694500000)]
  0x000001807b62f800 JavaThread "Unconstrained build operations Thread 64" [_thread_blocked, id=18896, stack(0x0000001694500000,0x0000001694600000)]
  0x000001807b630000 JavaThread "Unconstrained build operations Thread 65" [_thread_blocked, id=34108, stack(0x0000001694600000,0x0000001694700000)]
  0x000001807f0d6000 JavaThread "Unconstrained build operations Thread 66" [_thread_blocked, id=6464, stack(0x0000001694700000,0x0000001694800000)]
  0x000001807f0d9800 JavaThread "Unconstrained build operations Thread 67" [_thread_blocked, id=10160, stack(0x0000001694800000,0x0000001694900000)]
  0x000001807f0d7000 JavaThread "Unconstrained build operations Thread 68" [_thread_blocked, id=468, stack(0x0000001694900000,0x0000001694a00000)]
  0x000001807f0d7800 JavaThread "Unconstrained build operations Thread 69" [_thread_blocked, id=37432, stack(0x0000001694a00000,0x0000001694b00000)]
  0x000001807f0d8800 JavaThread "Unconstrained build operations Thread 70" [_thread_blocked, id=37828, stack(0x0000001694b00000,0x0000001694c00000)]
  0x000001807f0d5800 JavaThread "Unconstrained build operations Thread 71" [_thread_blocked, id=2540, stack(0x0000001694c00000,0x0000001694d00000)]
  0x000001807f0d3800 JavaThread "Unconstrained build operations Thread 72" [_thread_blocked, id=35408, stack(0x0000001694d00000,0x0000001694e00000)]
  0x000001807f0da000 JavaThread "Unconstrained build operations Thread 73" [_thread_blocked, id=13512, stack(0x0000001694e00000,0x0000001694f00000)]
  0x000001807f0d4800 JavaThread "Unconstrained build operations Thread 74" [_thread_blocked, id=8580, stack(0x0000001694f00000,0x0000001695000000)]
  0x000001807f0dd800 JavaThread "Unconstrained build operations Thread 75" [_thread_blocked, id=13184, stack(0x0000001695000000,0x0000001695100000)]
  0x000001807f0e0800 JavaThread "Unconstrained build operations Thread 76" [_thread_blocked, id=35096, stack(0x0000001695100000,0x0000001695200000)]
  0x000001807f0dc800 JavaThread "Unconstrained build operations Thread 77" [_thread_blocked, id=36044, stack(0x0000001695200000,0x0000001695300000)]
  0x000001807f0de800 JavaThread "Unconstrained build operations Thread 78" [_thread_blocked, id=22072, stack(0x0000001695300000,0x0000001695400000)]
  0x000001807f0df000 JavaThread "Unconstrained build operations Thread 79" [_thread_blocked, id=28144, stack(0x0000001695400000,0x0000001695500000)]
  0x000001807f0e0000 JavaThread "Unconstrained build operations Thread 80" [_thread_blocked, id=2620, stack(0x0000001695500000,0x0000001695600000)]
  0x000001807f0db000 JavaThread "jar transforms Thread 4" [_thread_blocked, id=25112, stack(0x0000001695600000,0x0000001695700000)]
  0x000001807f0e1800 JavaThread "jar transforms Thread 5" [_thread_blocked, id=32740, stack(0x0000001695700000,0x0000001695800000)]
  0x000001807f0dc000 JavaThread "jar transforms Thread 6" [_thread_blocked, id=9660, stack(0x0000001695800000,0x0000001695900000)]
  0x000001807f0e2800 JavaThread "jar transforms Thread 7" [_thread_blocked, id=13876, stack(0x0000001695900000,0x0000001695a00000)]
  0x000001807f11c000 JavaThread "jar transforms Thread 8" [_thread_blocked, id=32568, stack(0x0000001695a00000,0x0000001695b00000)]
  0x000001807f11d000 JavaThread "Memory manager" [_thread_blocked, id=35304, stack(0x0000001695b00000,0x0000001695c00000)]
  0x000001807f11b800 JavaThread "build event listener" [_thread_blocked, id=19612, stack(0x0000001695c00000,0x0000001695d00000)]
  0x000001807f11a800 JavaThread "pool-3-thread-1" [_thread_blocked, id=24168, stack(0x0000001695d00000,0x0000001695e00000)]
  0x000001807f123800 JavaThread "build event listener" [_thread_blocked, id=29440, stack(0x0000001695e00000,0x0000001695f00000)]
  0x000001807f11f800 JavaThread "Execution worker for ':'" [_thread_blocked, id=25184, stack(0x0000001695f00000,0x0000001696000000)]
  0x000001807f11e000 JavaThread "Execution worker for ':' Thread 2" [_thread_blocked, id=25504, stack(0x0000001696000000,0x0000001696100000)]
  0x000001807f124800 JavaThread "Execution worker for ':' Thread 3" [_thread_blocked, id=23848, stack(0x0000001696100000,0x0000001696200000)]
  0x000001807f11e800 JavaThread "Execution worker for ':' Thread 4" [_thread_blocked, id=8952, stack(0x0000001696200000,0x0000001696300000)]
  0x000001807f125000 JavaThread "Execution worker for ':' Thread 5" [_thread_blocked, id=37504, stack(0x0000001696300000,0x0000001696400000)]
  0x000001807f122800 JavaThread "Execution worker for ':' Thread 6" [_thread_blocked, id=7568, stack(0x0000001696400000,0x0000001696500000)]
  0x000001807f126000 JavaThread "Execution worker for ':' Thread 7" [_thread_blocked, id=10184, stack(0x0000001696500000,0x0000001696600000)]
  0x000001807f120000 JavaThread "Cache worker for execution history cache (C:\Users\lucam\AndroidStudioProjects\WonderFinder\.gradle\7.2\executionHistory)" [_thread_blocked, id=34940, stack(0x0000001696600000,0x0000001696700000)]
  0x0000018002da8800 JavaThread "WorkerExecutor Queue Thread 7" [_thread_blocked, id=3804, stack(0x0000001696d00000,0x0000001696e00000)]
  0x0000018002da5000 JavaThread "WorkerExecutor Queue Thread 8" [_thread_blocked, id=26648, stack(0x0000001696e00000,0x0000001696f00000)]

Other Threads:
=>0x0000018079b26800 VMThread "VM Thread" [stack: 0x000000168d900000,0x000000168da00000] [id=37596]
  0x000001807a61c000 WatcherThread [stack: 0x000000168e300000,0x000000168e400000] [id=38188]
  0x000001805f6b8000 GCTaskThread "GC Thread#0" [stack: 0x000000168d400000,0x000000168d500000] [id=15952]
  0x000001807b09c800 GCTaskThread "GC Thread#1" [stack: 0x000000168e400000,0x000000168e500000] [id=36532]
  0x000001807af79800 GCTaskThread "GC Thread#2" [stack: 0x000000168e500000,0x000000168e600000] [id=21452]
  0x000001807b449800 GCTaskThread "GC Thread#3" [stack: 0x000000168f000000,0x000000168f100000] [id=22864]
  0x000001807b2ba800 GCTaskThread "GC Thread#4" [stack: 0x000000168f100000,0x000000168f200000] [id=34648]
  0x000001807b1c1000 GCTaskThread "GC Thread#5" [stack: 0x000000168f200000,0x000000168f300000] [id=32856]
  0x000001807bb60800 GCTaskThread "GC Thread#6" [stack: 0x000000168f300000,0x000000168f400000] [id=8232]
  0x000001807c5ed000 GCTaskThread "GC Thread#7" [stack: 0x000000168f400000,0x000000168f500000] [id=28276]
  0x000001805f6ea000 ConcurrentGCThread "G1 Main Marker" [stack: 0x000000168d500000,0x000000168d600000] [id=30128]
  0x000001805f6ed000 ConcurrentGCThread "G1 Conc#0" [stack: 0x000000168d600000,0x000000168d700000] [id=23212]
  0x000001807c7db000 ConcurrentGCThread "G1 Conc#1" [stack: 0x000000168f800000,0x000000168f900000] [id=37984]
  0x0000018079970800 ConcurrentGCThread "G1 Refine#0" [stack: 0x000000168d700000,0x000000168d800000] [id=4596]
  0x0000018079973800 ConcurrentGCThread "G1 Young RemSet Sampling" [stack: 0x000000168d800000,0x000000168d900000] [id=21144]

Threads with active compile tasks:
C2 CompilerThread0  36508 16327  s!   4       jdk.internal.loader.URLClassPath::getLoader (194 bytes)
C1 CompilerThread0  36508 16802       2       com.android.tools.r8.internal.Br1::a (23 bytes)

VM state:at safepoint (normal execution)

VM Mutex/Monitor currently owned by a thread:  ([mutex/lock_event])
[0x000001805f692430] Threads_lock - owner thread: 0x0000018079b26800
[0x000001805f69ce30] Heap_lock - owner thread: 0x000001807e415800

Heap address: 0x0000000080000000, size: 2048 MB, Compressed Oops mode: 32-bit
Narrow klass base: 0x0000000000000000, Narrow klass shift: 3
Compressed class space size: 1073741824 Address: 0x0000000100000000

Heap:
 garbage-first heap   total 363520K, used 162322K [0x0000000080000000, 0x0000000100000000)
  region size 1024K, 8 young (8192K), 8 survivors (8192K)
 Metaspace       used 112666K, capacity 115448K, committed 115660K, reserved 1148928K
  class space    used 14208K, capacity 15247K, committed 15360K, reserved 1048576K
Heap Regions: E=young(eden), S=young(survivor), O=old, HS=humongous(starts), HC=humongous(continues), CS=collection set, F=free, A=archive, TAMS=top-at-mark-start (previous, next)
|   0|0x0000000080000000, 0x0000000080100000, 0x0000000080100000|100%| O|  |TAMS 0x0000000080100000, 0x0000000080000000| Untracked 
|   1|0x0000000080100000, 0x0000000080200000, 0x0000000080200000|100%| O|  |TAMS 0x0000000080200000, 0x0000000080100000| Untracked 
|   2|0x0000000080200000, 0x0000000080300000, 0x0000000080300000|100%| O|  |TAMS 0x0000000080300000, 0x0000000080200000| Untracked 
|   3|0x0000000080300000, 0x0000000080400000, 0x0000000080400000|100%|HS|  |TAMS 0x0000000080400000, 0x0000000080300000| Complete 
|   4|0x0000000080400000, 0x0000000080500000, 0x0000000080500000|100%|HC|  |TAMS 0x0000000080500000, 0x0000000080400000| Complete 
|   5|0x0000000080500000, 0x0000000080600000, 0x0000000080600000|100%|HC|  |TAMS 0x0000000080600000, 0x0000000080500000| Complete 
|   6|0x0000000080600000, 0x0000000080700000, 0x0000000080700000|100%| O|  |TAMS 0x0000000080700000, 0x0000000080600000| Untracked 
|   7|0x0000000080700000, 0x0000000080800000, 0x0000000080800000|100%| O|  |TAMS 0x0000000080800000, 0x0000000080700000| Untracked 
|   8|0x0000000080800000, 0x0000000080900000, 0x0000000080900000|100%| O|  |TAMS 0x0000000080900000, 0x0000000080800000| Untracked 
|   9|0x0000000080900000, 0x0000000080a00000, 0x0000000080a00000|100%| O|  |TAMS 0x0000000080a00000, 0x0000000080900000| Untracked 
|  10|0x0000000080a00000, 0x0000000080b00000, 0x0000000080b00000|100%| O|  |TAMS 0x0000000080b00000, 0x0000000080a00000| Complete 
|  11|0x0000000080b00000, 0x0000000080c00000, 0x0000000080c00000|100%| O|  |TAMS 0x0000000080c00000, 0x0000000080b00000| Complete 
|  12|0x0000000080c00000, 0x0000000080d00000, 0x0000000080d00000|100%| O|  |TAMS 0x0000000080d00000, 0x0000000080c00000| Untracked 
|  13|0x0000000080d00000, 0x0000000080e00000, 0x0000000080e00000|100%| O|  |TAMS 0x0000000080e00000, 0x0000000080d00000| Untracked 
|  14|0x0000000080e00000, 0x0000000080f00000, 0x0000000080f00000|100%| O|  |TAMS 0x0000000080f00000, 0x0000000080e00000| Untracked 
|  15|0x0000000080f00000, 0x0000000081000000, 0x0000000081000000|100%| O|  |TAMS 0x0000000081000000, 0x0000000080f00000| Untracked 
|  16|0x0000000081000000, 0x0000000081100000, 0x0000000081100000|100%|HS|  |TAMS 0x0000000081100000, 0x0000000081000000| Complete 
|  17|0x0000000081100000, 0x0000000081200000, 0x0000000081200000|100%| O|  |TAMS 0x0000000081200000, 0x0000000081100000| Untracked 
|  18|0x0000000081200000, 0x0000000081300000, 0x0000000081300000|100%| O|  |TAMS 0x0000000081300000, 0x0000000081200000| Untracked 
|  19|0x0000000081300000, 0x0000000081400000, 0x0000000081400000|100%| O|  |TAMS 0x0000000081400000, 0x0000000081300000| Untracked 
|  20|0x0000000081400000, 0x0000000081500000, 0x0000000081500000|100%| O|  |TAMS 0x0000000081500000, 0x0000000081400000| Untracked 
|  21|0x0000000081500000, 0x0000000081600000, 0x0000000081600000|100%| O|  |TAMS 0x0000000081600000, 0x0000000081500000| Untracked 
|  22|0x0000000081600000, 0x0000000081700000, 0x0000000081700000|100%| O|  |TAMS 0x0000000081700000, 0x0000000081600000| Untracked 
|  23|0x0000000081700000, 0x0000000081800000, 0x0000000081800000|100%| O|  |TAMS 0x0000000081800000, 0x0000000081700000| Untracked 
|  24|0x0000000081800000, 0x0000000081900000, 0x0000000081900000|100%| O|  |TAMS 0x0000000081900000, 0x0000000081800000| Untracked 
|  25|0x0000000081900000, 0x0000000081a00000, 0x0000000081a00000|100%| O|  |TAMS 0x0000000081a00000, 0x0000000081900000| Untracked 
|  26|0x0000000081a00000, 0x0000000081b00000, 0x0000000081b00000|100%| O|  |TAMS 0x0000000081b00000, 0x0000000081a00000| Untracked 
|  27|0x0000000081b00000, 0x0000000081c00000, 0x0000000081c00000|100%| O|  |TAMS 0x0000000081c00000, 0x0000000081b00000| Complete 
|  28|0x0000000081c00000, 0x0000000081d00000, 0x0000000081d00000|100%|HS|  |TAMS 0x0000000081d00000, 0x0000000081c00000| Complete 
|  29|0x0000000081d00000, 0x0000000081e00000, 0x0000000081e00000|100%|HS|  |TAMS 0x0000000081e00000, 0x0000000081d00000| Complete 
|  30|0x0000000081e00000, 0x0000000081f00000, 0x0000000081f00000|100%| O|  |TAMS 0x0000000081f00000, 0x0000000081e00000| Complete 
|  31|0x0000000081f00000, 0x0000000082000000, 0x0000000082000000|100%|HS|  |TAMS 0x0000000082000000, 0x0000000081f00000| Complete 
|  32|0x0000000082000000, 0x0000000082100000, 0x0000000082100000|100%|HC|  |TAMS 0x0000000082100000, 0x0000000082000000| Complete 
|  33|0x0000000082100000, 0x0000000082200000, 0x0000000082200000|100%| O|  |TAMS 0x0000000082200000, 0x0000000082100000| Untracked 
|  34|0x0000000082200000, 0x0000000082300000, 0x0000000082300000|100%| O|  |TAMS 0x0000000082300000, 0x0000000082200000| Untracked 
|  35|0x0000000082300000, 0x0000000082400000, 0x0000000082400000|100%| O|  |TAMS 0x0000000082400000, 0x0000000082300000| Untracked 
|  36|0x0000000082400000, 0x0000000082500000, 0x0000000082500000|100%| O|  |TAMS 0x0000000082500000, 0x0000000082400000| Untracked 
|  37|0x0000000082500000, 0x0000000082600000, 0x0000000082600000|100%| O|  |TAMS 0x0000000082600000, 0x0000000082500000| Untracked 
|  38|0x0000000082600000, 0x0000000082700000, 0x0000000082700000|100%| O|  |TAMS 0x0000000082700000, 0x0000000082600000| Untracked 
|  39|0x0000000082700000, 0x0000000082800000, 0x0000000082800000|100%| O|  |TAMS 0x0000000082800000, 0x0000000082700000| Untracked 
|  40|0x0000000082800000, 0x0000000082900000, 0x0000000082900000|100%| O|  |TAMS 0x0000000082900000, 0x0000000082800000| Complete 
|  41|0x0000000082900000, 0x0000000082a00000, 0x0000000082a00000|100%| O|  |TAMS 0x0000000082a00000, 0x0000000082900000| Untracked 
|  42|0x0000000082a00000, 0x0000000082b00000, 0x0000000082b00000|100%| O|  |TAMS 0x0000000082b00000, 0x0000000082a00000| Untracked 
|  43|0x0000000082b00000, 0x0000000082c00000, 0x0000000082c00000|100%| O|  |TAMS 0x0000000082c00000, 0x0000000082b00000| Untracked 
|  44|0x0000000082c00000, 0x0000000082d00000, 0x0000000082d00000|100%| O|  |TAMS 0x0000000082d00000, 0x0000000082c00000| Untracked 
|  45|0x0000000082d00000, 0x0000000082e00000, 0x0000000082e00000|100%| O|  |TAMS 0x0000000082e00000, 0x0000000082d00000| Complete 
|  46|0x0000000082e00000, 0x0000000082f00000, 0x0000000082f00000|100%| O|  |TAMS 0x0000000082f00000, 0x0000000082e00000| Untracked 
|  47|0x0000000082f00000, 0x0000000083000000, 0x0000000083000000|100%| O|  |TAMS 0x0000000083000000, 0x0000000082f00000| Untracked 
|  48|0x0000000083000000, 0x0000000083100000, 0x0000000083100000|100%| O|  |TAMS 0x0000000083100000, 0x0000000083000000| Untracked 
|  49|0x0000000083100000, 0x0000000083200000, 0x0000000083200000|100%| O|  |TAMS 0x0000000083200000, 0x0000000083100000| Untracked 
|  50|0x0000000083200000, 0x0000000083300000, 0x0000000083300000|100%| O|  |TAMS 0x0000000083300000, 0x0000000083200000| Untracked 
|  51|0x0000000083300000, 0x0000000083400000, 0x0000000083400000|100%| O|  |TAMS 0x0000000083400000, 0x0000000083300000| Untracked 
|  52|0x0000000083400000, 0x0000000083500000, 0x0000000083500000|100%| O|  |TAMS 0x0000000083500000, 0x0000000083400000| Complete 
|  53|0x0000000083500000, 0x0000000083600000, 0x0000000083600000|100%| O|  |TAMS 0x0000000083600000, 0x0000000083500000| Untracked 
|  54|0x0000000083600000, 0x0000000083700000, 0x0000000083700000|100%| O|  |TAMS 0x0000000083700000, 0x0000000083600000| Untracked 
|  55|0x0000000083700000, 0x0000000083800000, 0x0000000083800000|100%| O|  |TAMS 0x0000000083800000, 0x0000000083700000| Untracked 
|  56|0x0000000083800000, 0x0000000083900000, 0x0000000083900000|100%| O|  |TAMS 0x0000000083900000, 0x0000000083800000| Complete 
|  57|0x0000000083900000, 0x0000000083a00000, 0x0000000083a00000|100%| O|  |TAMS 0x0000000083a00000, 0x0000000083900000| Untracked 
|  58|0x0000000083a00000, 0x0000000083b00000, 0x0000000083b00000|100%| O|  |TAMS 0x0000000083b00000, 0x0000000083a00000| Untracked 
|  59|0x0000000083b00000, 0x0000000083c00000, 0x0000000083c00000|100%| O|  |TAMS 0x0000000083c00000, 0x0000000083b00000| Untracked 
|  60|0x0000000083c00000, 0x0000000083d00000, 0x0000000083d00000|100%| O|  |TAMS 0x0000000083d00000, 0x0000000083c00000| Untracked 
|  61|0x0000000083d00000, 0x0000000083e00000, 0x0000000083e00000|100%| O|  |TAMS 0x0000000083e00000, 0x0000000083d00000| Complete 
|  62|0x0000000083e00000, 0x0000000083f00000, 0x0000000083f00000|100%| O|  |TAMS 0x0000000083f00000, 0x0000000083e00000| Untracked 
|  63|0x0000000083f00000, 0x0000000084000000, 0x0000000084000000|100%| O|  |TAMS 0x0000000084000000, 0x0000000083f00000| Untracked 
|  64|0x0000000084000000, 0x0000000084100000, 0x0000000084100000|100%| O|  |TAMS 0x0000000084100000, 0x0000000084000000| Untracked 
|  65|0x0000000084100000, 0x0000000084200000, 0x0000000084200000|100%| O|  |TAMS 0x0000000084200000, 0x0000000084100000| Untracked 
|  66|0x0000000084200000, 0x0000000084300000, 0x0000000084300000|100%| O|  |TAMS 0x0000000084300000, 0x0000000084200000| Complete 
|  67|0x0000000084300000, 0x0000000084400000, 0x0000000084400000|100%| O|  |TAMS 0x0000000084400000, 0x0000000084300000| Complete 
|  68|0x0000000084400000, 0x0000000084500000, 0x0000000084500000|100%| O|  |TAMS 0x0000000084500000, 0x0000000084400000| Untracked 
|  69|0x0000000084500000, 0x0000000084600000, 0x0000000084600000|100%| O|  |TAMS 0x0000000084600000, 0x0000000084500000| Complete 
|  70|0x0000000084600000, 0x0000000084700000, 0x0000000084700000|100%| O|  |TAMS 0x0000000084700000, 0x0000000084600000| Complete 
|  71|0x0000000084700000, 0x0000000084800000, 0x0000000084800000|100%| O|  |TAMS 0x0000000084800000, 0x0000000084700000| Untracked 
|  72|0x0000000084800000, 0x0000000084900000, 0x0000000084900000|100%| O|  |TAMS 0x0000000084900000, 0x0000000084800000| Untracked 
|  73|0x0000000084900000, 0x0000000084a00000, 0x0000000084a00000|100%| O|  |TAMS 0x0000000084a00000, 0x0000000084900000| Untracked 
|  74|0x0000000084a00000, 0x0000000084b00000, 0x0000000084b00000|100%| O|  |TAMS 0x0000000084b00000, 0x0000000084a00000| Complete 
|  75|0x0000000084b00000, 0x0000000084c00000, 0x0000000084c00000|100%| O|  |TAMS 0x0000000084c00000, 0x0000000084b00000| Untracked 
|  76|0x0000000084c00000, 0x0000000084d00000, 0x0000000084d00000|100%| O|  |TAMS 0x0000000084d00000, 0x0000000084c00000| Complete 
|  77|0x0000000084d00000, 0x0000000084e00000, 0x0000000084e00000|100%| O|  |TAMS 0x0000000084e00000, 0x0000000084d00000| Complete 
|  78|0x0000000084e00000, 0x0000000084f00000, 0x0000000084f00000|100%| O|  |TAMS 0x0000000084f00000, 0x0000000084e00000| Untracked 
|  79|0x0000000084f00000, 0x0000000085000000, 0x0000000085000000|100%| O|  |TAMS 0x0000000084f00000, 0x0000000084f00000| Untracked 
|  80|0x0000000085000000, 0x0000000085100000, 0x0000000085100000|100%| O|  |TAMS 0x0000000085100000, 0x0000000085000000| Untracked 
|  81|0x0000000085100000, 0x0000000085200000, 0x0000000085200000|100%| O|  |TAMS 0x0000000085200000, 0x0000000085100000| Complete 
|  82|0x0000000085200000, 0x0000000085300000, 0x0000000085300000|100%| O|  |TAMS 0x0000000085300000, 0x0000000085200000| Complete 
|  83|0x0000000085300000, 0x0000000085400000, 0x0000000085400000|100%| O|  |TAMS 0x0000000085400000, 0x0000000085300000| Untracked 
|  84|0x0000000085400000, 0x0000000085500000, 0x0000000085500000|100%| O|  |TAMS 0x0000000085500000, 0x0000000085400000| Untracked 
|  85|0x0000000085500000, 0x0000000085600000, 0x0000000085600000|100%| O|  |TAMS 0x0000000085600000, 0x0000000085500000| Complete 
|  86|0x0000000085600000, 0x0000000085700000, 0x0000000085700000|100%| O|  |TAMS 0x0000000085700000, 0x0000000085600000| Untracked 
|  87|0x0000000085700000, 0x0000000085800000, 0x0000000085800000|100%| O|  |TAMS 0x0000000085800000, 0x0000000085700000| Untracked 
|  88|0x0000000085800000, 0x0000000085900000, 0x0000000085900000|100%| O|  |TAMS 0x0000000085900000, 0x0000000085800000| Untracked 
|  89|0x0000000085900000, 0x0000000085a00000, 0x0000000085a00000|100%| O|  |TAMS 0x0000000085a00000, 0x0000000085900000| Untracked 
|  90|0x0000000085a00000, 0x0000000085b00000, 0x0000000085b00000|100%| O|  |TAMS 0x0000000085b00000, 0x0000000085a00000| Untracked 
|  91|0x0000000085b00000, 0x0000000085c00000, 0x0000000085c00000|100%| O|  |TAMS 0x0000000085c00000, 0x0000000085b00000| Untracked 
|  92|0x0000000085c00000, 0x0000000085d00000, 0x0000000085d00000|100%| O|  |TAMS 0x0000000085d00000, 0x0000000085c00000| Untracked 
|  93|0x0000000085d00000, 0x0000000085e00000, 0x0000000085e00000|100%| O|  |TAMS 0x0000000085e00000, 0x0000000085d00000| Untracked 
|  94|0x0000000085e00000, 0x0000000085f00000, 0x0000000085f00000|100%| O|  |TAMS 0x0000000085f00000, 0x0000000085e00000| Untracked 
|  95|0x0000000085f00000, 0x0000000086000000, 0x0000000086000000|100%| O|  |TAMS 0x0000000086000000, 0x0000000085f00000| Untracked 
|  96|0x0000000086000000, 0x0000000086100000, 0x0000000086100000|100%| O|  |TAMS 0x0000000086100000, 0x0000000086000000| Untracked 
|  97|0x0000000086100000, 0x0000000086200000, 0x0000000086200000|100%| O|  |TAMS 0x0000000086200000, 0x0000000086100000| Complete 
|  98|0x0000000086200000, 0x0000000086300000, 0x0000000086300000|100%| O|  |TAMS 0x0000000086300000, 0x0000000086200000| Untracked 
|  99|0x0000000086300000, 0x0000000086400000, 0x0000000086400000|100%| O|  |TAMS 0x0000000086400000, 0x0000000086300000| Untracked 
| 100|0x0000000086400000, 0x0000000086500000, 0x0000000086500000|100%| O|  |TAMS 0x0000000086500000, 0x0000000086400000| Complete 
| 101|0x0000000086500000, 0x0000000086600000, 0x0000000086600000|100%| O|  |TAMS 0x0000000086600000, 0x0000000086500000| Complete 
| 102|0x0000000086600000, 0x0000000086700000, 0x0000000086700000|100%| O|  |TAMS 0x0000000086700000, 0x0000000086600000| Untracked 
| 103|0x0000000086700000, 0x0000000086800000, 0x0000000086800000|100%| O|  |TAMS 0x0000000086800000, 0x0000000086700000| Untracked 
| 104|0x0000000086800000, 0x0000000086900000, 0x0000000086900000|100%| O|  |TAMS 0x0000000086900000, 0x0000000086800000| Untracked 
| 105|0x0000000086900000, 0x0000000086a00000, 0x0000000086a00000|100%| O|  |TAMS 0x0000000086a00000, 0x0000000086900000| Complete 
| 106|0x0000000086a00000, 0x0000000086b00000, 0x0000000086b00000|100%| O|  |TAMS 0x0000000086b00000, 0x0000000086a00000| Complete 
| 107|0x0000000086b00000, 0x0000000086c00000, 0x0000000086c00000|100%| O|  |TAMS 0x0000000086c00000, 0x0000000086b00000| Complete 
| 108|0x0000000086c00000, 0x0000000086d00000, 0x0000000086d00000|100%| O|  |TAMS 0x0000000086d00000, 0x0000000086c00000| Complete 
| 109|0x0000000086d00000, 0x0000000086e00000, 0x0000000086e00000|100%| O|  |TAMS 0x0000000086e00000, 0x0000000086d00000| Complete 
| 110|0x0000000086e00000, 0x0000000086f00000, 0x0000000086f00000|100%| O|  |TAMS 0x0000000086f00000, 0x0000000086e00000| Complete 
| 111|0x0000000086f00000, 0x0000000087000000, 0x0000000087000000|100%| O|  |TAMS 0x0000000087000000, 0x0000000086f00000| Complete 
| 112|0x0000000087000000, 0x0000000087100000, 0x0000000087100000|100%| O|  |TAMS 0x0000000087100000, 0x0000000087000000| Untracked 
| 113|0x0000000087100000, 0x0000000087200000, 0x0000000087200000|100%| O|  |TAMS 0x0000000087200000, 0x0000000087100000| Untracked 
| 114|0x0000000087200000, 0x0000000087300000, 0x0000000087300000|100%| O|  |TAMS 0x0000000087300000, 0x0000000087200000| Untracked 
| 115|0x0000000087300000, 0x0000000087400000, 0x0000000087400000|100%| O|  |TAMS 0x0000000087400000, 0x0000000087300000| Untracked 
| 116|0x0000000087400000, 0x0000000087500000, 0x0000000087500000|100%| O|  |TAMS 0x0000000087500000, 0x0000000087400000| Untracked 
| 117|0x0000000087500000, 0x0000000087600000, 0x0000000087600000|100%| O|  |TAMS 0x0000000087600000, 0x0000000087500000| Untracked 
| 118|0x0000000087600000, 0x0000000087700000, 0x0000000087700000|100%| O|  |TAMS 0x0000000087700000, 0x0000000087600000| Untracked 
| 119|0x0000000087700000, 0x0000000087800000, 0x0000000087800000|100%| O|  |TAMS 0x0000000087800000, 0x0000000087700000| Untracked 
| 120|0x0000000087800000, 0x0000000087900000, 0x0000000087900000|100%| O|  |TAMS 0x0000000087900000, 0x0000000087800000| Untracked 
| 121|0x0000000087900000, 0x0000000087a00000, 0x0000000087a00000|100%| O|  |TAMS 0x0000000087a00000, 0x0000000087900000| Untracked 
| 122|0x0000000087a00000, 0x0000000087b00000, 0x0000000087b00000|100%| O|  |TAMS 0x0000000087b00000, 0x0000000087a00000| Untracked 
| 123|0x0000000087b00000, 0x0000000087c00000, 0x0000000087c00000|100%| O|  |TAMS 0x0000000087c00000, 0x0000000087b00000| Complete 
| 124|0x0000000087c00000, 0x0000000087d00000, 0x0000000087d00000|100%| O|  |TAMS 0x0000000087d00000, 0x0000000087c00000| Untracked 
| 125|0x0000000087d00000, 0x0000000087e00000, 0x0000000087e00000|100%| O|  |TAMS 0x0000000087e00000, 0x0000000087d00000| Untracked 
| 126|0x0000000087e00000, 0x0000000087f00000, 0x0000000087f00000|100%| O|  |TAMS 0x0000000087f00000, 0x0000000087e00000| Untracked 
| 127|0x0000000087f00000, 0x0000000088000000, 0x0000000088000000|100%| O|  |TAMS 0x0000000088000000, 0x0000000087f00000| Complete 
| 128|0x0000000088000000, 0x0000000088100000, 0x0000000088100000|100%| O|  |TAMS 0x0000000088100000, 0x0000000088000000| Untracked 
| 129|0x0000000088100000, 0x0000000088200000, 0x0000000088200000|100%| O|  |TAMS 0x0000000088200000, 0x0000000088100000| Untracked 
| 130|0x0000000088200000, 0x0000000088300000, 0x0000000088300000|100%| O|  |TAMS 0x0000000088300000, 0x0000000088200000| Untracked 
| 131|0x0000000088300000, 0x0000000088400000, 0x0000000088400000|100%| O|  |TAMS 0x0000000088400000, 0x0000000088300000| Untracked 
| 132|0x0000000088400000, 0x0000000088500000, 0x0000000088500000|100%| O|  |TAMS 0x0000000088500000, 0x0000000088400000| Untracked 
| 133|0x0000000088500000, 0x0000000088600000, 0x0000000088600000|100%| O|  |TAMS 0x0000000088600000, 0x0000000088500000| Untracked 
| 134|0x0000000088600000, 0x0000000088700000, 0x0000000088700000|100%| O|  |TAMS 0x0000000088700000, 0x0000000088600000| Untracked 
| 135|0x0000000088700000, 0x0000000088800000, 0x0000000088800000|100%| O|  |TAMS 0x0000000088800000, 0x0000000088700000| Untracked 
| 136|0x0000000088800000, 0x0000000088900000, 0x0000000088900000|100%| O|  |TAMS 0x0000000088900000, 0x0000000088800000| Untracked 
| 137|0x0000000088900000, 0x0000000088a00000, 0x0000000088a00000|100%| O|  |TAMS 0x0000000088a00000, 0x0000000088900000| Untracked 
| 138|0x0000000088a00000, 0x0000000088b00000, 0x0000000088b00000|100%| O|  |TAMS 0x0000000088b00000, 0x0000000088a00000| Complete 
| 139|0x0000000088b00000, 0x0000000088c00000, 0x0000000088c00000|100%| O|  |TAMS 0x0000000088bf7c00, 0x0000000088b00000| Untracked 
| 140|0x0000000088c00000, 0x0000000088d00000, 0x0000000088d00000|100%| O|  |TAMS 0x0000000088c00000, 0x0000000088c00000| Untracked 
| 141|0x0000000088d00000, 0x0000000088e00000, 0x0000000088e00000|100%| O|  |TAMS 0x0000000088d00000, 0x0000000088d00000| Untracked 
| 142|0x0000000088e00000, 0x0000000088f00000, 0x0000000088f00000|100%| O|  |TAMS 0x0000000088e00000, 0x0000000088e00000| Untracked 
| 143|0x0000000088f00000, 0x0000000089000000, 0x0000000089000000|100%| O|  |TAMS 0x0000000088f00000, 0x0000000088f00000| Untracked 
| 144|0x0000000089000000, 0x0000000089100000, 0x0000000089100000|100%| O|  |TAMS 0x0000000089000000, 0x0000000089000000| Untracked 
| 145|0x0000000089100000, 0x0000000089200000, 0x0000000089200000|100%| O|  |TAMS 0x0000000089100000, 0x0000000089100000| Untracked 
| 146|0x0000000089200000, 0x0000000089300000, 0x0000000089300000|100%| O|  |TAMS 0x0000000089200000, 0x0000000089200000| Untracked 
| 147|0x0000000089300000, 0x0000000089400000, 0x0000000089400000|100%| O|  |TAMS 0x0000000089300000, 0x0000000089300000| Untracked 
| 148|0x0000000089400000, 0x0000000089500000, 0x0000000089500000|100%| O|  |TAMS 0x0000000089400000, 0x0000000089400000| Untracked 
| 149|0x0000000089500000, 0x0000000089600000, 0x0000000089600000|100%| O|  |TAMS 0x0000000089500000, 0x0000000089500000| Untracked 
| 150|0x0000000089600000, 0x00000000896f8a00, 0x0000000089700000| 97%| O|  |TAMS 0x0000000089600000, 0x0000000089600000| Untracked 
| 151|0x0000000089700000, 0x0000000089700000, 0x0000000089800000|  0%| F|  |TAMS 0x0000000089700000, 0x0000000089700000| Untracked 
| 152|0x0000000089800000, 0x0000000089800000, 0x0000000089900000|  0%| F|  |TAMS 0x0000000089800000, 0x0000000089800000| Untracked 
| 153|0x0000000089900000, 0x0000000089900000, 0x0000000089a00000|  0%| F|  |TAMS 0x0000000089900000, 0x0000000089900000| Untracked 
| 154|0x0000000089a00000, 0x0000000089a00000, 0x0000000089b00000|  0%| F|  |TAMS 0x0000000089a00000, 0x0000000089a00000| Untracked 
| 155|0x0000000089b00000, 0x0000000089b00000, 0x0000000089c00000|  0%| F|  |TAMS 0x0000000089b00000, 0x0000000089b00000| Untracked 
| 156|0x0000000089c00000, 0x0000000089c00000, 0x0000000089d00000|  0%| F|  |TAMS 0x0000000089c00000, 0x0000000089c00000| Untracked 
| 157|0x0000000089d00000, 0x0000000089d00000, 0x0000000089e00000|  0%| F|  |TAMS 0x0000000089d00000, 0x0000000089d00000| Untracked 
| 158|0x0000000089e00000, 0x0000000089e00000, 0x0000000089f00000|  0%| F|  |TAMS 0x0000000089e00000, 0x0000000089e00000| Untracked 
| 159|0x0000000089f00000, 0x0000000089f00000, 0x000000008a000000|  0%| F|  |TAMS 0x0000000089f00000, 0x0000000089f00000| Untracked 
| 160|0x000000008a000000, 0x000000008a000000, 0x000000008a100000|  0%| F|  |TAMS 0x000000008a000000, 0x000000008a000000| Untracked 
| 161|0x000000008a100000, 0x000000008a100000, 0x000000008a200000|  0%| F|  |TAMS 0x000000008a100000, 0x000000008a100000| Untracked 
| 162|0x000000008a200000, 0x000000008a200000, 0x000000008a300000|  0%| F|  |TAMS 0x000000008a200000, 0x000000008a200000| Untracked 
| 163|0x000000008a300000, 0x000000008a300000, 0x000000008a400000|  0%| F|  |TAMS 0x000000008a300000, 0x000000008a300000| Untracked 
| 164|0x000000008a400000, 0x000000008a400000, 0x000000008a500000|  0%| F|  |TAMS 0x000000008a400000, 0x000000008a400000| Untracked 
| 165|0x000000008a500000, 0x000000008a500000, 0x000000008a600000|  0%| F|  |TAMS 0x000000008a500000, 0x000000008a500000| Untracked 
| 166|0x000000008a600000, 0x000000008a600000, 0x000000008a700000|  0%| F|  |TAMS 0x000000008a600000, 0x000000008a600000| Untracked 
| 167|0x000000008a700000, 0x000000008a700000, 0x000000008a800000|  0%| F|  |TAMS 0x000000008a700000, 0x000000008a700000| Untracked 
| 168|0x000000008a800000, 0x000000008a800000, 0x000000008a900000|  0%| F|  |TAMS 0x000000008a800000, 0x000000008a800000| Untracked 
| 169|0x000000008a900000, 0x000000008a900000, 0x000000008aa00000|  0%| F|  |TAMS 0x000000008a900000, 0x000000008a900000| Untracked 
| 170|0x000000008aa00000, 0x000000008aa00000, 0x000000008ab00000|  0%| F|  |TAMS 0x000000008aa00000, 0x000000008aa00000| Untracked 
| 171|0x000000008ab00000, 0x000000008ab00000, 0x000000008ac00000|  0%| F|  |TAMS 0x000000008ab00000, 0x000000008ab00000| Untracked 
| 172|0x000000008ac00000, 0x000000008ac00000, 0x000000008ad00000|  0%| F|  |TAMS 0x000000008ac00000, 0x000000008ac00000| Untracked 
| 173|0x000000008ad00000, 0x000000008ad00000, 0x000000008ae00000|  0%| F|  |TAMS 0x000000008ad00000, 0x000000008ad00000| Untracked 
| 174|0x000000008ae00000, 0x000000008ae00000, 0x000000008af00000|  0%| F|  |TAMS 0x000000008ae00000, 0x000000008ae00000| Untracked 
| 175|0x000000008af00000, 0x000000008af00000, 0x000000008b000000|  0%| F|  |TAMS 0x000000008af00000, 0x000000008af00000| Untracked 
| 176|0x000000008b000000, 0x000000008b000000, 0x000000008b100000|  0%| F|  |TAMS 0x000000008b000000, 0x000000008b000000| Untracked 
| 177|0x000000008b100000, 0x000000008b100000, 0x000000008b200000|  0%| F|  |TAMS 0x000000008b100000, 0x000000008b100000| Untracked 
| 178|0x000000008b200000, 0x000000008b200000, 0x000000008b300000|  0%| F|  |TAMS 0x000000008b200000, 0x000000008b200000| Untracked 
| 179|0x000000008b300000, 0x000000008b300000, 0x000000008b400000|  0%| F|  |TAMS 0x000000008b300000, 0x000000008b300000| Untracked 
| 180|0x000000008b400000, 0x000000008b400000, 0x000000008b500000|  0%| F|  |TAMS 0x000000008b400000, 0x000000008b400000| Untracked 
| 181|0x000000008b500000, 0x000000008b500000, 0x000000008b600000|  0%| F|  |TAMS 0x000000008b500000, 0x000000008b500000| Untracked 
| 182|0x000000008b600000, 0x000000008b600000, 0x000000008b700000|  0%| F|  |TAMS 0x000000008b600000, 0x000000008b600000| Untracked 
| 183|0x000000008b700000, 0x000000008b700000, 0x000000008b800000|  0%| F|  |TAMS 0x000000008b700000, 0x000000008b700000| Untracked 
| 184|0x000000008b800000, 0x000000008b800000, 0x000000008b900000|  0%| F|  |TAMS 0x000000008b800000, 0x000000008b800000| Untracked 
| 185|0x000000008b900000, 0x000000008b900000, 0x000000008ba00000|  0%| F|  |TAMS 0x000000008b900000, 0x000000008b900000| Untracked 
| 186|0x000000008ba00000, 0x000000008ba00000, 0x000000008bb00000|  0%| F|  |TAMS 0x000000008ba00000, 0x000000008ba00000| Untracked 
| 187|0x000000008bb00000, 0x000000008bb00000, 0x000000008bc00000|  0%| F|  |TAMS 0x000000008bb00000, 0x000000008bb00000| Untracked 
| 188|0x000000008bc00000, 0x000000008bc00000, 0x000000008bd00000|  0%| F|  |TAMS 0x000000008bc00000, 0x000000008bc00000| Untracked 
| 189|0x000000008bd00000, 0x000000008bd00000, 0x000000008be00000|  0%| F|  |TAMS 0x000000008bd00000, 0x000000008bd00000| Untracked 
| 190|0x000000008be00000, 0x000000008be00000, 0x000000008bf00000|  0%| F|  |TAMS 0x000000008be00000, 0x000000008be00000| Untracked 
| 191|0x000000008bf00000, 0x000000008bf00000, 0x000000008c000000|  0%| F|  |TAMS 0x000000008bf00000, 0x000000008bf00000| Untracked 
| 192|0x000000008c000000, 0x000000008c000000, 0x000000008c100000|  0%| F|  |TAMS 0x000000008c000000, 0x000000008c000000| Untracked 
| 193|0x000000008c100000, 0x000000008c100000, 0x000000008c200000|  0%| F|  |TAMS 0x000000008c100000, 0x000000008c100000| Untracked 
| 194|0x000000008c200000, 0x000000008c200000, 0x000000008c300000|  0%| F|  |TAMS 0x000000008c200000, 0x000000008c200000| Untracked 
| 195|0x000000008c300000, 0x000000008c300000, 0x000000008c400000|  0%| F|  |TAMS 0x000000008c300000, 0x000000008c300000| Untracked 
| 196|0x000000008c400000, 0x000000008c400000, 0x000000008c500000|  0%| F|  |TAMS 0x000000008c400000, 0x000000008c400000| Untracked 
| 197|0x000000008c500000, 0x000000008c58bff0, 0x000000008c600000| 54%| S|CS|TAMS 0x000000008c500000, 0x000000008c500000| Complete 
| 198|0x000000008c600000, 0x000000008c700000, 0x000000008c700000|100%| S|CS|TAMS 0x000000008c600000, 0x000000008c600000| Complete 
| 199|0x000000008c700000, 0x000000008c800000, 0x000000008c800000|100%| S|CS|TAMS 0x000000008c700000, 0x000000008c700000| Complete 
| 200|0x000000008c800000, 0x000000008c900000, 0x000000008c900000|100%| S|CS|TAMS 0x000000008c800000, 0x000000008c800000| Complete 
| 201|0x000000008c900000, 0x000000008ca00000, 0x000000008ca00000|100%| S|CS|TAMS 0x000000008c900000, 0x000000008c900000| Complete 
| 202|0x000000008ca00000, 0x000000008cb00000, 0x000000008cb00000|100%| S|CS|TAMS 0x000000008ca00000, 0x000000008ca00000| Complete 
| 203|0x000000008cb00000, 0x000000008cc00000, 0x000000008cc00000|100%| S|CS|TAMS 0x000000008cb00000, 0x000000008cb00000| Complete 
| 204|0x000000008cc00000, 0x000000008cd00000, 0x000000008cd00000|100%| S|CS|TAMS 0x000000008cc00000, 0x000000008cc00000| Complete 
| 205|0x000000008cd00000, 0x000000008cd00000, 0x000000008ce00000|  0%| F|  |TAMS 0x000000008cd00000, 0x000000008cd00000| Untracked 
| 206|0x000000008ce00000, 0x000000008ce00000, 0x000000008cf00000|  0%| F|  |TAMS 0x000000008ce00000, 0x000000008ce00000| Untracked 
| 207|0x000000008cf00000, 0x000000008cf00000, 0x000000008d000000|  0%| F|  |TAMS 0x000000008cf00000, 0x000000008cf00000| Untracked 
| 208|0x000000008d000000, 0x000000008d000000, 0x000000008d100000|  0%| F|  |TAMS 0x000000008d000000, 0x000000008d000000| Untracked 
| 209|0x000000008d100000, 0x000000008d100000, 0x000000008d200000|  0%| F|  |TAMS 0x000000008d100000, 0x000000008d100000| Untracked 
| 210|0x000000008d200000, 0x000000008d200000, 0x000000008d300000|  0%| F|  |TAMS 0x000000008d200000, 0x000000008d200000| Untracked 
| 211|0x000000008d300000, 0x000000008d300000, 0x000000008d400000|  0%| F|  |TAMS 0x000000008d300000, 0x000000008d300000| Untracked 
| 212|0x000000008d400000, 0x000000008d400000, 0x000000008d500000|  0%| F|  |TAMS 0x000000008d400000, 0x000000008d400000| Untracked 
| 213|0x000000008d500000, 0x000000008d500000, 0x000000008d600000|  0%| F|  |TAMS 0x000000008d500000, 0x000000008d500000| Untracked 
| 214|0x000000008d600000, 0x000000008d600000, 0x000000008d700000|  0%| F|  |TAMS 0x000000008d600000, 0x000000008d600000| Untracked 
| 215|0x000000008d700000, 0x000000008d700000, 0x000000008d800000|  0%| F|  |TAMS 0x000000008d700000, 0x000000008d700000| Untracked 
| 216|0x000000008d800000, 0x000000008d800000, 0x000000008d900000|  0%| F|  |TAMS 0x000000008d800000, 0x000000008d800000| Untracked 
| 217|0x000000008d900000, 0x000000008d900000, 0x000000008da00000|  0%| F|  |TAMS 0x000000008d900000, 0x000000008d900000| Untracked 
| 218|0x000000008da00000, 0x000000008da00000, 0x000000008db00000|  0%| F|  |TAMS 0x000000008da00000, 0x000000008da00000| Untracked 
| 219|0x000000008db00000, 0x000000008db00000, 0x000000008dc00000|  0%| F|  |TAMS 0x000000008db00000, 0x000000008db00000| Untracked 
| 220|0x000000008dc00000, 0x000000008dc00000, 0x000000008dd00000|  0%| F|  |TAMS 0x000000008dc00000, 0x000000008dc00000| Untracked 
| 221|0x000000008dd00000, 0x000000008dd00000, 0x000000008de00000|  0%| F|  |TAMS 0x000000008dd00000, 0x000000008dd00000| Untracked 
| 222|0x000000008de00000, 0x000000008de00000, 0x000000008df00000|  0%| F|  |TAMS 0x000000008de00000, 0x000000008de00000| Untracked 
| 223|0x000000008df00000, 0x000000008df00000, 0x000000008e000000|  0%| F|  |TAMS 0x000000008df00000, 0x000000008df00000| Untracked 
| 224|0x000000008e000000, 0x000000008e000000, 0x000000008e100000|  0%| F|  |TAMS 0x000000008e000000, 0x000000008e000000| Untracked 
| 225|0x000000008e100000, 0x000000008e100000, 0x000000008e200000|  0%| F|  |TAMS 0x000000008e100000, 0x000000008e100000| Untracked 
| 226|0x000000008e200000, 0x000000008e200000, 0x000000008e300000|  0%| F|  |TAMS 0x000000008e200000, 0x000000008e200000| Untracked 
| 227|0x000000008e300000, 0x000000008e300000, 0x000000008e400000|  0%| F|  |TAMS 0x000000008e300000, 0x000000008e300000| Untracked 
| 228|0x000000008e400000, 0x000000008e400000, 0x000000008e500000|  0%| F|  |TAMS 0x000000008e400000, 0x000000008e400000| Untracked 
| 229|0x000000008e500000, 0x000000008e500000, 0x000000008e600000|  0%| F|  |TAMS 0x000000008e500000, 0x000000008e500000| Untracked 
| 230|0x000000008e600000, 0x000000008e600000, 0x000000008e700000|  0%| F|  |TAMS 0x000000008e600000, 0x000000008e600000| Untracked 
| 231|0x000000008e700000, 0x000000008e700000, 0x000000008e800000|  0%| F|  |TAMS 0x000000008e700000, 0x000000008e700000| Untracked 
| 232|0x000000008e800000, 0x000000008e800000, 0x000000008e900000|  0%| F|  |TAMS 0x000000008e800000, 0x000000008e800000| Untracked 
| 233|0x000000008e900000, 0x000000008e900000, 0x000000008ea00000|  0%| F|  |TAMS 0x000000008e900000, 0x000000008e900000| Untracked 
| 234|0x000000008ea00000, 0x000000008ea00000, 0x000000008eb00000|  0%| F|  |TAMS 0x000000008ea00000, 0x000000008ea00000| Untracked 
| 235|0x000000008eb00000, 0x000000008eb00000, 0x000000008ec00000|  0%| F|  |TAMS 0x000000008eb00000, 0x000000008eb00000| Untracked 
| 236|0x000000008ec00000, 0x000000008ec00000, 0x000000008ed00000|  0%| F|  |TAMS 0x000000008ec00000, 0x000000008ec00000| Untracked 
| 237|0x000000008ed00000, 0x000000008ed00000, 0x000000008ee00000|  0%| F|  |TAMS 0x000000008ed00000, 0x000000008ed00000| Untracked 
| 238|0x000000008ee00000, 0x000000008ee00000, 0x000000008ef00000|  0%| F|  |TAMS 0x000000008ee00000, 0x000000008ee00000| Untracked 
| 239|0x000000008ef00000, 0x000000008ef00000, 0x000000008f000000|  0%| F|  |TAMS 0x000000008ef00000, 0x000000008ef00000| Untracked 
| 240|0x000000008f000000, 0x000000008f000000, 0x000000008f100000|  0%| F|  |TAMS 0x000000008f000000, 0x000000008f000000| Untracked 
| 241|0x000000008f100000, 0x000000008f100000, 0x000000008f200000|  0%| F|  |TAMS 0x000000008f100000, 0x000000008f100000| Untracked 
| 242|0x000000008f200000, 0x000000008f200000, 0x000000008f300000|  0%| F|  |TAMS 0x000000008f200000, 0x000000008f200000| Untracked 
| 243|0x000000008f300000, 0x000000008f300000, 0x000000008f400000|  0%| F|  |TAMS 0x000000008f300000, 0x000000008f300000| Untracked 
| 244|0x000000008f400000, 0x000000008f400000, 0x000000008f500000|  0%| F|  |TAMS 0x000000008f400000, 0x000000008f400000| Untracked 
| 245|0x000000008f500000, 0x000000008f500000, 0x000000008f600000|  0%| F|  |TAMS 0x000000008f500000, 0x000000008f500000| Untracked 
| 246|0x000000008f600000, 0x000000008f600000, 0x000000008f700000|  0%| F|  |TAMS 0x000000008f600000, 0x000000008f600000| Untracked 
| 247|0x000000008f700000, 0x000000008f700000, 0x000000008f800000|  0%| F|  |TAMS 0x000000008f700000, 0x000000008f700000| Untracked 
| 248|0x000000008f800000, 0x000000008f800000, 0x000000008f900000|  0%| F|  |TAMS 0x000000008f800000, 0x000000008f800000| Untracked 
| 249|0x000000008f900000, 0x000000008f900000, 0x000000008fa00000|  0%| F|  |TAMS 0x000000008f900000, 0x000000008f900000| Untracked 
| 250|0x000000008fa00000, 0x000000008fa00000, 0x000000008fb00000|  0%| F|  |TAMS 0x000000008fa00000, 0x000000008fa00000| Untracked 
| 251|0x000000008fb00000, 0x000000008fb00000, 0x000000008fc00000|  0%| F|  |TAMS 0x000000008fb00000, 0x000000008fb00000| Untracked 
| 252|0x000000008fc00000, 0x000000008fc00000, 0x000000008fd00000|  0%| F|  |TAMS 0x000000008fc00000, 0x000000008fc00000| Untracked 
| 253|0x000000008fd00000, 0x000000008fd00000, 0x000000008fe00000|  0%| F|  |TAMS 0x000000008fd00000, 0x000000008fd00000| Untracked 
| 254|0x000000008fe00000, 0x000000008fe00000, 0x000000008ff00000|  0%| F|  |TAMS 0x000000008fe00000, 0x000000008fe00000| Untracked 
| 255|0x000000008ff00000, 0x000000008ff00000, 0x0000000090000000|  0%| F|  |TAMS 0x000000008ff00000, 0x000000008ff00000| Untracked 
| 256|0x0000000090000000, 0x0000000090000000, 0x0000000090100000|  0%| F|  |TAMS 0x0000000090000000, 0x0000000090000000| Untracked 
| 257|0x0000000090100000, 0x0000000090100000, 0x0000000090200000|  0%| F|  |TAMS 0x0000000090100000, 0x0000000090100000| Untracked 
| 258|0x0000000090200000, 0x0000000090200000, 0x0000000090300000|  0%| F|  |TAMS 0x0000000090200000, 0x0000000090200000| Untracked 
| 259|0x0000000090300000, 0x0000000090300000, 0x0000000090400000|  0%| F|  |TAMS 0x0000000090300000, 0x0000000090300000| Untracked 
| 260|0x0000000090400000, 0x0000000090400000, 0x0000000090500000|  0%| F|  |TAMS 0x0000000090400000, 0x0000000090400000| Untracked 
| 261|0x0000000090500000, 0x0000000090500000, 0x0000000090600000|  0%| F|  |TAMS 0x0000000090500000, 0x0000000090500000| Untracked 
| 262|0x0000000090600000, 0x0000000090600000, 0x0000000090700000|  0%| F|  |TAMS 0x0000000090600000, 0x0000000090600000| Untracked 
| 263|0x0000000090700000, 0x0000000090700000, 0x0000000090800000|  0%| F|  |TAMS 0x0000000090700000, 0x0000000090700000| Untracked 
| 264|0x0000000090800000, 0x0000000090800000, 0x0000000090900000|  0%| F|  |TAMS 0x0000000090800000, 0x0000000090800000| Untracked 
| 265|0x0000000090900000, 0x0000000090900000, 0x0000000090a00000|  0%| F|  |TAMS 0x0000000090900000, 0x0000000090900000| Untracked 
| 266|0x0000000090a00000, 0x0000000090a00000, 0x0000000090b00000|  0%| F|  |TAMS 0x0000000090a00000, 0x0000000090a00000| Untracked 
| 267|0x0000000090b00000, 0x0000000090b00000, 0x0000000090c00000|  0%| F|  |TAMS 0x0000000090b00000, 0x0000000090b00000| Untracked 
| 268|0x0000000090c00000, 0x0000000090c00000, 0x0000000090d00000|  0%| F|  |TAMS 0x0000000090c00000, 0x0000000090c00000| Untracked 

Card table byte_map: [0x00000180728d0000,0x0000018072cd0000] _byte_map_base: 0x00000180724d0000

Marking Bits (Prev, Next): (CMBitMap*) 0x000001805f6e11c8, (CMBitMap*) 0x000001805f6e1200
 Prev Bits: [0x00000180730d0000, 0x00000180750d0000)
 Next Bits: [0x00000180750d0000, 0x00000180770d0000)

Polling page: 0x000001805d680000

Metaspace:

Usage:
  Non-class:     97.85 MB capacity,    96.15 MB ( 98%) used,     1.37 MB (  1%) free+waste,   344.75 KB ( <1%) overhead. 
      Class:     14.89 MB capacity,    13.88 MB ( 93%) used,   881.81 KB (  6%) free+waste,   156.75 KB (  1%) overhead. 
       Both:    112.74 MB capacity,   110.03 MB ( 98%) used,     2.23 MB (  2%) free+waste,   501.50 KB ( <1%) overhead. 

Virtual space:
  Non-class space:       98.00 MB reserved,      97.95 MB (>99%) committed 
      Class space:        1.00 GB reserved,      15.00 MB (  1%) committed 
             Both:        1.10 GB reserved,     112.95 MB ( 10%) committed 

Chunk freelists:
   Non-Class:  99.00 KB
       Class:  49.00 KB
        Both:  148.00 KB

MaxMetaspaceSize: 17179869184.00 GB
CompressedClassSpaceSize: 1.00 GB

CodeHeap 'non-profiled nmethods': size=120000Kb used=7557Kb max_used=7557Kb free=112442Kb
 bounds [0x000001806ac70000, 0x000001806b3e0000, 0x00000180721a0000]
CodeHeap 'profiled nmethods': size=120000Kb used=34551Kb max_used=34551Kb free=85448Kb
 bounds [0x0000018063740000, 0x0000018065900000, 0x000001806ac70000]
CodeHeap 'non-nmethods': size=5760Kb used=2331Kb max_used=2361Kb free=3428Kb
 bounds [0x00000180631a0000, 0x0000018063410000, 0x0000018063740000]
 total_blobs=17263 nmethods=16315 adapters=858
 compilation: enabled
              stopped_count=0, restarted_count=0
 full_count=0

Compilation events (20 events):
Event: 36.458 Thread 0x000001807a4ae000 nmethod 16822 0x000001806b3d1390 code [0x000001806b3d1540, 0x000001806b3d15d8]
Event: 36.458 Thread 0x000001807a4ae000 16808       2       com.android.tools.r8.internal.gB0::<init> (16 bytes)
Event: 36.458 Thread 0x000001807a4ae000 nmethod 16808 0x00000180658fb290 code [0x00000180658fb480, 0x00000180658fb7a8]
Event: 36.458 Thread 0x000001807a4ae000 16826       2       com.android.tools.r8.internal.Cr1::z (65 bytes)
Event: 36.458 Thread 0x000001807a4ae000 nmethod 16826 0x00000180658fb990 code [0x00000180658fbb60, 0x00000180658fbe58]
Event: 36.458 Thread 0x000001807a4ae000 16799       2       com.android.tools.r8.internal.OV0::size (8 bytes)
Event: 36.458 Thread 0x000001807a4ae000 nmethod 16799 0x00000180658fbf90 code [0x00000180658fc140, 0x00000180658fc238]
Event: 36.458 Thread 0x000001807a4ae000 16825       2       java.util.PriorityQueue::siftUp (33 bytes)
Event: 36.458 Thread 0x000001807a4ae000 nmethod 16825 0x00000180658fc310 code [0x00000180658fc4e0, 0x00000180658fc638]
Event: 36.458 Thread 0x000001807a4ae000 16831       2       com.android.tools.r8.internal.pS0::j2 (81 bytes)
Event: 36.459 Thread 0x000001807a4ae000 nmethod 16831 0x00000180658fc710 code [0x00000180658fc920, 0x00000180658fcdd8]
Event: 36.459 Thread 0x000001807a4ae000 16832       2       com.android.tools.r8.internal.la1$$Lambda$1799/0x0000000100e5f840::accept (16 bytes)
Event: 36.459 Thread 0x000001807a4ae000 nmethod 16832 0x00000180658fd010 code [0x00000180658fd1c0, 0x00000180658fd348]
Event: 36.459 Thread 0x000001807a4ae000 16836       2       com.android.tools.r8.internal.uL0::<init> (11 bytes)
Event: 36.459 Thread 0x000001807a4ae000 nmethod 16836 0x00000180658fd410 code [0x00000180658fd5c0, 0x00000180658fd728]
Event: 36.459 Thread 0x000001807a4ae000 16833       2       com.android.tools.r8.internal.la1::a (9 bytes)
Event: 36.459 Thread 0x000001807a4ae000 nmethod 16833 0x00000180658fd810 code [0x00000180658fd9c0, 0x00000180658fdac8]
Event: 36.459 Thread 0x000001807a4ae000 16835       2       com.android.tools.r8.graph.d::i (13 bytes)
Event: 36.459 Thread 0x000001807a4ae000 nmethod 16835 0x00000180658fdb90 code [0x00000180658fdd40, 0x00000180658fde38]
Event: 36.459 Thread 0x000001807a4ae000 16802       2       com.android.tools.r8.internal.Br1::a (23 bytes)

GC Heap History (20 events):
Event: 30.920 GC heap after
{Heap after GC invocations=49 (full 0):
 garbage-first heap   total 229376K, used 109934K [0x0000000080000000, 0x0000000100000000)
  region size 1024K, 3 young (3072K), 3 survivors (3072K)
 Metaspace       used 94466K, capacity 96584K, committed 97228K, reserved 1134592K
  class space    used 11785K, capacity 12574K, committed 12800K, reserved 1048576K
}
Event: 30.940 GC heap before
{Heap before GC invocations=49 (full 0):
 garbage-first heap   total 229376K, used 118126K [0x0000000080000000, 0x0000000100000000)
  region size 1024K, 11 young (11264K), 3 survivors (3072K)
 Metaspace       used 94618K, capacity 96776K, committed 97228K, reserved 1134592K
  class space    used 11796K, capacity 12574K, committed 12800K, reserved 1048576K
}
Event: 30.945 GC heap after
{Heap after GC invocations=50 (full 0):
 garbage-first heap   total 229376K, used 96936K [0x0000000080000000, 0x0000000100000000)
  region size 1024K, 2 young (2048K), 2 survivors (2048K)
 Metaspace       used 94618K, capacity 96776K, committed 97228K, reserved 1134592K
  class space    used 11796K, capacity 12574K, committed 12800K, reserved 1048576K
}
Event: 31.349 GC heap before
{Heap before GC invocations=50 (full 0):
 garbage-first heap   total 229376K, used 158376K [0x0000000080000000, 0x0000000100000000)
  region size 1024K, 61 young (62464K), 2 survivors (2048K)
 Metaspace       used 96034K, capacity 98171K, committed 98636K, reserved 1134592K
  class space    used 11927K, capacity 12754K, committed 12928K, reserved 1048576K
}
Event: 31.353 GC heap after
{Heap after GC invocations=51 (full 0):
 garbage-first heap   total 229376K, used 96665K [0x0000000080000000, 0x0000000100000000)
  region size 1024K, 2 young (2048K), 2 survivors (2048K)
 Metaspace       used 96034K, capacity 98171K, committed 98636K, reserved 1134592K
  class space    used 11927K, capacity 12754K, committed 12928K, reserved 1048576K
}
Event: 32.056 GC heap before
{Heap before GC invocations=51 (full 0):
 garbage-first heap   total 229376K, used 162201K [0x0000000080000000, 0x0000000100000000)
  region size 1024K, 67 young (68608K), 2 survivors (2048K)
 Metaspace       used 97604K, capacity 99822K, committed 100300K, reserved 1136640K
  class space    used 12059K, capacity 12866K, committed 13056K, reserved 1048576K
}
Event: 32.062 GC heap after
{Heap after GC invocations=52 (full 0):
 garbage-first heap   total 229376K, used 101018K [0x0000000080000000, 0x0000000100000000)
  region size 1024K, 6 young (6144K), 6 survivors (6144K)
 Metaspace       used 97604K, capacity 99822K, committed 100300K, reserved 1136640K
  class space    used 12059K, capacity 12866K, committed 13056K, reserved 1048576K
}
Event: 32.696 GC heap before
{Heap before GC invocations=52 (full 0):
 garbage-first heap   total 229376K, used 167578K [0x0000000080000000, 0x0000000100000000)
  region size 1024K, 72 young (73728K), 6 survivors (6144K)
 Metaspace       used 98687K, capacity 100870K, committed 101196K, reserved 1136640K
  class space    used 12169K, capacity 12976K, committed 13184K, reserved 1048576K
}
Event: 32.705 GC heap after
{Heap after GC invocations=53 (full 0):
 garbage-first heap   total 275456K, used 103896K [0x0000000080000000, 0x0000000100000000)
  region size 1024K, 3 young (3072K), 3 survivors (3072K)
 Metaspace       used 98687K, capacity 100870K, committed 101196K, reserved 1136640K
  class space    used 12169K, capacity 12976K, committed 13184K, reserved 1048576K
}
Event: 33.755 GC heap before
{Heap before GC invocations=53 (full 0):
 garbage-first heap   total 275456K, used 192984K [0x0000000080000000, 0x0000000100000000)
  region size 1024K, 91 young (93184K), 3 survivors (3072K)
 Metaspace       used 102407K, capacity 104572K, committed 104908K, reserved 1140736K
  class space    used 12619K, capacity 13436K, committed 13568K, reserved 1048576K
}
Event: 33.761 GC heap after
{Heap after GC invocations=54 (full 0):
 garbage-first heap   total 275456K, used 106512K [0x0000000080000000, 0x0000000100000000)
  region size 1024K, 6 young (6144K), 6 survivors (6144K)
 Metaspace       used 102407K, capacity 104572K, committed 104908K, reserved 1140736K
  class space    used 12619K, capacity 13436K, committed 13568K, reserved 1048576K
}
Event: 34.902 GC heap before
{Heap before GC invocations=54 (full 0):
 garbage-first heap   total 275456K, used 205840K [0x0000000080000000, 0x0000000100000000)
  region size 1024K, 104 young (106496K), 6 survivors (6144K)
 Metaspace       used 102644K, capacity 104880K, committed 105164K, reserved 1140736K
  class space    used 12646K, capacity 13447K, committed 13568K, reserved 1048576K
}
Event: 34.910 GC heap after
{Heap after GC invocations=55 (full 0):
 garbage-first heap   total 275456K, used 108814K [0x0000000080000000, 0x0000000100000000)
  region size 1024K, 8 young (8192K), 8 survivors (8192K)
 Metaspace       used 102644K, capacity 104880K, committed 105164K, reserved 1140736K
  class space    used 12646K, capacity 13447K, committed 13568K, reserved 1048576K
}
Event: 35.611 GC heap before
{Heap before GC invocations=55 (full 0):
 garbage-first heap   total 275456K, used 212238K [0x0000000080000000, 0x0000000100000000)
  region size 1024K, 110 young (112640K), 8 survivors (8192K)
 Metaspace       used 106778K, capacity 109258K, committed 109388K, reserved 1144832K
  class space    used 13262K, capacity 14177K, committed 14208K, reserved 1048576K
}
Event: 35.642 GC heap after
{Heap after GC invocations=56 (full 0):
 garbage-first heap   total 275456K, used 131032K [0x0000000080000000, 0x0000000100000000)
  region size 1024K, 14 young (14336K), 14 survivors (14336K)
 Metaspace       used 106778K, capacity 109258K, committed 109388K, reserved 1144832K
  class space    used 13262K, capacity 14177K, committed 14208K, reserved 1048576K
}
Event: 35.883 GC heap before
{Heap before GC invocations=56 (full 0):
 garbage-first heap   total 275456K, used 212952K [0x0000000080000000, 0x0000000100000000)
  region size 1024K, 95 young (97280K), 14 survivors (14336K)
 Metaspace       used 109249K, capacity 111988K, committed 112204K, reserved 1146880K
  class space    used 13636K, capacity 14665K, committed 14720K, reserved 1048576K
}
Event: 35.905 GC heap after
{Heap after GC invocations=57 (full 0):
 garbage-first heap   total 275456K, used 140123K [0x0000000080000000, 0x0000000100000000)
  region size 1024K, 12 young (12288K), 12 survivors (12288K)
 Metaspace       used 109249K, capacity 111988K, committed 112204K, reserved 1146880K
  class space    used 13636K, capacity 14665K, committed 14720K, reserved 1048576K
}
Event: 36.025 GC heap before
{Heap before GC invocations=57 (full 0):
 garbage-first heap   total 275456K, used 214875K [0x0000000080000000, 0x0000000100000000)
  region size 1024K, 86 young (88064K), 12 survivors (12288K)
 Metaspace       used 110168K, capacity 112938K, committed 113228K, reserved 1146880K
  class space    used 13811K, capacity 14872K, committed 14976K, reserved 1048576K
}
Event: 36.053 GC heap after
{Heap after GC invocations=58 (full 0):
 garbage-first heap   total 275456K, used 154591K [0x0000000080000000, 0x0000000100000000)
  region size 1024K, 11 young (11264K), 11 survivors (11264K)
 Metaspace       used 110168K, capacity 112938K, committed 113228K, reserved 1146880K
  class space    used 13811K, capacity 14872K, committed 14976K, reserved 1048576K
}
Event: 36.459 GC heap before
{Heap before GC invocations=59 (full 0):
 garbage-first heap   total 275456K, used 219103K [0x0000000080000000, 0x0000000100000000)
  region size 1024K, 75 young (76800K), 11 survivors (11264K)
 Metaspace       used 112666K, capacity 115448K, committed 115660K, reserved 1148928K
  class space    used 14208K, capacity 15247K, committed 15360K, reserved 1048576K
}

Deoptimization events (20 events):
Event: 36.082 Thread 0x000001807e40c800 DEOPT PACKING pc=0x00000180657f3338 sp=0x00000016918faa20
Event: 36.082 Thread 0x000001807e40c800 DEOPT UNPACKING pc=0x00000180631c6dde sp=0x00000016918f9ed8 mode 0
Event: 36.100 Thread 0x000001807cae0800 Uncommon trap: trap_request=0xfffffff4 fr.pc=0x000001806b39de30 relative=0x0000000000005850
Event: 36.101 Thread 0x000001807cae0800 Uncommon trap: reason=null_check action=make_not_entrant pc=0x000001806b39de30 method=com.android.tools.r8.graph.p0.d(Lcom/android/tools/r8/graph/W0;)Lcom/android/tools/r8/graph/X0; @ 35 c2
Event: 36.101 Thread 0x000001807cae0800 DEOPT PACKING pc=0x000001806b39de30 sp=0x00000016906f8980
Event: 36.101 Thread 0x000001807cae0800 DEOPT UNPACKING pc=0x00000180631c662f sp=0x00000016906f8828 mode 2
Event: 36.367 Thread 0x000001807d266000 DEOPT PACKING pc=0x0000018065831c47 sp=0x00000016926f8190
Event: 36.367 Thread 0x000001807d266000 DEOPT UNPACKING pc=0x00000180631c6dde sp=0x00000016926f75f8 mode 0
Event: 36.393 Thread 0x000001807b631000 Uncommon trap: trap_request=0xffffff4d fr.pc=0x000001806b00589c relative=0x00000000000003fc
Event: 36.393 Thread 0x000001807b631000 Uncommon trap: reason=unstable_if action=reinterpret pc=0x000001806b00589c method=java.util.TreeMap.put(Ljava/lang/Object;Ljava/lang/Object;)Ljava/lang/Object; @ 163 c2
Event: 36.393 Thread 0x000001807b631000 DEOPT PACKING pc=0x000001806b00589c sp=0x0000001693ff97f0
Event: 36.393 Thread 0x000001807b631000 DEOPT UNPACKING pc=0x00000180631c662f sp=0x0000001693ff97b0 mode 2
Event: 36.397 Thread 0x000001807d266000 Uncommon trap: trap_request=0xffffff4d fr.pc=0x000001806b3c7ad0 relative=0x00000000000017d0
Event: 36.397 Thread 0x000001807d266000 Uncommon trap: reason=unstable_if action=reinterpret pc=0x000001806b3c7ad0 method=com.android.tools.r8.internal.AV0.a(ILjava/lang/Object;)Ljava/lang/Object; @ 448 c2
Event: 36.397 Thread 0x000001807d266000 DEOPT PACKING pc=0x000001806b3c7ad0 sp=0x00000016926f95d0
Event: 36.397 Thread 0x000001807d266000 DEOPT UNPACKING pc=0x00000180631c662f sp=0x00000016926f9590 mode 2
Event: 36.447 Thread 0x000001807d266000 Uncommon trap: trap_request=0xffffff7e fr.pc=0x000001806b385b64 relative=0x0000000000000244
Event: 36.447 Thread 0x000001807d266000 Uncommon trap: reason=predicate action=maybe_recompile pc=0x000001806b385b64 method=com.android.tools.r8.graph.W0.a([C)I @ 8 c2
Event: 36.447 Thread 0x000001807d266000 DEOPT PACKING pc=0x000001806b385b64 sp=0x00000016926f9830
Event: 36.447 Thread 0x000001807d266000 DEOPT UNPACKING pc=0x00000180631c662f sp=0x00000016926f97b8 mode 2

Classes redefined (0 events):
No events

Internal exceptions (20 events):
Event: 35.430 Thread 0x000001807d266000 Exception <a 'java/lang/NoSuchMethodError'{0x000000008cecaea8}: 'java.lang.Object java.lang.invoke.Invokers$Holder.linkToTargetMethod(long, java.lang.Object)'> (0x000000008cecaea8) thrown at [./src/hotspot/share/interpreter/linkResolver.cpp, line 773]
Event: 35.430 Thread 0x000001807f0e0000 Exception <a 'java/lang/NoSuchMethodError'{0x000000008cec6270}: 'java.lang.Object java.lang.invoke.Invokers$Holder.linkToTargetMethod(long, java.lang.Object)'> (0x000000008cec6270) thrown at [./src/hotspot/share/interpreter/linkResolver.cpp, line 773]
Event: 35.555 Thread 0x000001807e415800 Exception <a 'java/lang/NoSuchMethodError'{0x000000008b72ad30}: 'int java.lang.invoke.DirectMethodHandle$Holder.invokeVirtual(java.lang.Object, java.lang.Object, java.lang.Object, java.lang.Object)'> (0x000000008b72ad30) thrown at [./src/hotspot/share/interpreter/linkResolver.cpp, line 773]
Event: 35.556 Thread 0x000001807d269000 Exception <a 'java/lang/NoSuchMethodError'{0x000000008bc89748}: 'int java.lang.invoke.DirectMethodHandle$Holder.invokeVirtual(java.lang.Object, java.lang.Object, java.lang.Object, java.lang.Object)'> (0x000000008bc89748) thrown at [./src/hotspot/share/interpreter/linkResolver.cpp, line 773]
Event: 35.662 Thread 0x000001807b631000 Exception <a 'java/lang/IncompatibleClassChangeError'{0x0000000090706010}: Found class java.lang.Object, but interface was expected> (0x0000000090706010) thrown at [./src/hotspot/share/interpreter/linkResolver.cpp, line 839]
Event: 35.662 Thread 0x000001807d263800 Exception <a 'java/lang/IncompatibleClassChangeError'{0x000000009070c848}: Found class java.lang.Object, but interface was expected> (0x000000009070c848) thrown at [./src/hotspot/share/interpreter/linkResolver.cpp, line 839]
Event: 35.669 Thread 0x000001807d266000 Exception <a 'java/lang/NoSuchMethodError'{0x00000000906263a0}: 'int java.lang.invoke.DirectMethodHandle$Holder.invokeVirtual(java.lang.Object, java.lang.Object, java.lang.Object)'> (0x00000000906263a0) thrown at [./src/hotspot/share/interpreter/linkResolver.cpp, line 773]
Event: 35.845 Thread 0x000001807d266000 Exception <a 'java/lang/NoSuchMethodError'{0x000000008c57bc80}: 'java.lang.Object java.lang.invoke.DirectMethodHandle$Holder.invokeStatic(java.lang.Object, int, java.lang.Object, java.lang.Object)'> (0x000000008c57bc80) thrown at [./src/hotspot/share/interpreter/linkResolver.cpp, line 773]
Event: 35.845 Thread 0x000001807d263800 Exception <a 'java/lang/NoSuchMethodError'{0x000000008c592770}: 'java.lang.Object java.lang.invoke.DirectMethodHandle$Holder.invokeStatic(java.lang.Object, int, java.lang.Object, java.lang.Object)'> (0x000000008c592770) thrown at [./src/hotspot/share/interpreter/linkResolver.cpp, line 773]
Event: 35.845 Thread 0x000001807b631000 Exception <a 'java/lang/NoSuchMethodError'{0x000000008c65cfe0}: 'java.lang.Object java.lang.invoke.DirectMethodHandle$Holder.invokeStatic(java.lang.Object, int, java.lang.Object, java.lang.Object)'> (0x000000008c65cfe0) thrown at [./src/hotspot/share/interpreter/linkResolver.cpp, line 773]
Event: 35.983 Thread 0x000001807e415800 Exception <a 'java/lang/NoSuchMethodError'{0x000000008d889d88}: 'int java.lang.invoke.DirectMethodHandle$Holder.invokeSpecial(java.lang.Object, java.lang.Object, java.lang.Object, java.lang.Object, java.lang.Object)'> (0x000000008d889d88) thrown at [./src/hotspot/share/interpreter/linkResolver.cpp, line 773]
Event: 35.983 Thread 0x000001807d263800 Exception <a 'java/lang/NoSuchMethodError'{0x000000008f08e140}: 'int java.lang.invoke.DirectMethodHandle$Holder.invokeSpecial(java.lang.Object, java.lang.Object, java.lang.Object, java.lang.Object, java.lang.Object)'> (0x000000008f08e140) thrown at [./src/hotspot/share/interpreter/linkResolver.cpp, line 773]
Event: 36.064 Thread 0x000001807e415800 Exception <a 'java/lang/NoSuchMethodError'{0x00000000908937f8}: 'java.lang.Object java.lang.invoke.DirectMethodHandle$Holder.invokeVirtual(java.lang.Object, java.lang.Object, int, java.lang.Object)'> (0x00000000908937f8) thrown at [./src/hotspot/share/interpreter/linkResolver.cpp, line 773]
Event: 36.083 Thread 0x000001807e40c800 Exception <a 'java/lang/IncompatibleClassChangeError'{0x000000008fd62160}: Found class java.lang.Object, but interface was expected> (0x000000008fd62160) thrown at [./src/hotspot/share/interpreter/linkResolver.cpp, line 839]
Event: 36.083 Thread 0x000001807f0e0000 Exception <a 'java/lang/IncompatibleClassChangeError'{0x000000008fd9b388}: Found class java.lang.Object, but interface was expected> (0x000000008fd9b388) thrown at [./src/hotspot/share/interpreter/linkResolver.cpp, line 839]
Event: 36.083 Thread 0x000001807d269000 Exception <a 'java/lang/IncompatibleClassChangeError'{0x000000008fda06f8}: Found class java.lang.Object, but interface was expected> (0x000000008fda06f8) thrown at [./src/hotspot/share/interpreter/linkResolver.cpp, line 839]
Event: 36.084 Thread 0x000001807e40c800 Exception <a 'java/lang/IncompatibleClassChangeError'{0x000000008fd6cd68}: Found class java.lang.Object, but interface was expected> (0x000000008fd6cd68) thrown at [./src/hotspot/share/interpreter/linkResolver.cpp, line 839]
Event: 36.100 Thread 0x000001807cae0800 Implicit null exception at 0x000001806b399d13 to 0x000001806b39de0c
Event: 36.109 Thread 0x000001807e415800 Exception <a 'java/lang/NoSuchMethodError'{0x000000008f66d180}: 'void java.lang.invoke.DirectMethodHandle$Holder.invokeVirtual(java.lang.Object, java.lang.Object, int, java.lang.Object)'> (0x000000008f66d180) thrown at [./src/hotspot/share/interpreter/linkResolver.cpp, line 773]
Event: 36.299 Thread 0x000001807b631000 Exception <a 'java/lang/NoSuchMethodError'{0x000000008e3fdb30}: 'java.lang.Object java.lang.invoke.DirectMethodHandle$Holder.newInvokeSpecial(java.lang.Object, int)'> (0x000000008e3fdb30) thrown at [./src/hotspot/share/interpreter/linkResolver.cpp, line 773]

Events (20 events):
Event: 36.455 loading class com/android/tools/r8/graph/S0 done
Event: 36.456 loading class com/android/tools/r8/graph/j0
Event: 36.456 loading class com/android/tools/r8/graph/j0 done
Event: 36.456 loading class com/android/tools/r8/graph/j0
Event: 36.456 loading class com/android/tools/r8/graph/j0 done
Event: 36.456 loading class com/android/tools/r8/graph/C2
Event: 36.456 loading class com/android/tools/r8/graph/C2 done
Event: 36.456 Executing VM operation: ICBufferFull
Event: 36.456 Executing VM operation: ICBufferFull done
Event: 36.456 loading class com/android/tools/r8/internal/ci1
Event: 36.456 loading class com/android/tools/r8/internal/ci1 done
Event: 36.457 loading class com/android/tools/r8/internal/Wc1
Event: 36.457 loading class com/android/tools/r8/internal/Wc1 done
Event: 36.457 loading class com/android/tools/r8/code/w
Event: 36.457 loading class com/android/tools/r8/code/w done
Event: 36.457 loading class com/android/tools/r8/internal/Mc1
Event: 36.457 loading class com/android/tools/r8/internal/Mc1 done
Event: 36.459 loading class com/android/tools/r8/internal/Rc1
Event: 36.459 loading class com/android/tools/r8/internal/Rc1 done
Event: 36.459 Executing VM operation: G1CollectForAllocation


Dynamic libraries:
0x00007ff61e990000 - 0x00007ff61e99a000 	C:\Program Files\Android\Android Studio\jre\bin\java.exe
0x00007ffc94ce0000 - 0x00007ffc94ee9000 	C:\WINDOWS\SYSTEM32\ntdll.dll
0x00007ffc92d70000 - 0x00007ffc92e2d000 	C:\WINDOWS\System32\KERNEL32.DLL
0x00007ffc925e0000 - 0x00007ffc9295c000 	C:\WINDOWS\System32\KERNELBASE.dll
0x00007ffc924c0000 - 0x00007ffc925d1000 	C:\WINDOWS\System32\ucrtbase.dll
0x00007ffc72830000 - 0x00007ffc72847000 	C:\Program Files\Android\Android Studio\jre\bin\VCRUNTIME140.dll
0x00007ffc7f370000 - 0x00007ffc7f389000 	C:\Program Files\Android\Android Studio\jre\bin\jli.dll
0x00007ffc94af0000 - 0x00007ffc94c9d000 	C:\WINDOWS\System32\USER32.dll
0x00007ffc7fdf0000 - 0x00007ffc80095000 	C:\WINDOWS\WinSxS\amd64_microsoft.windows.common-controls_6595b64144ccf1df_6.0.22000.120_none_9d947278b86cc467\COMCTL32.dll
0x00007ffc92960000 - 0x00007ffc92986000 	C:\WINDOWS\System32\win32u.dll
0x00007ffc93e70000 - 0x00007ffc93f13000 	C:\WINDOWS\System32\msvcrt.dll
0x00007ffc92fd0000 - 0x00007ffc92ff9000 	C:\WINDOWS\System32\GDI32.dll
0x00007ffc92330000 - 0x00007ffc92449000 	C:\WINDOWS\System32\gdi32full.dll
0x00007ffc92ad0000 - 0x00007ffc92b6d000 	C:\WINDOWS\System32\msvcp_win.dll
0x00007ffc92d30000 - 0x00007ffc92d61000 	C:\WINDOWS\System32\IMM32.DLL
0x00007ffc58fb0000 - 0x00007ffc5904d000 	C:\Program Files\Android\Android Studio\jre\bin\msvcp140.dll
0x00007ffc1b970000 - 0x00007ffc1c445000 	C:\Program Files\Android\Android Studio\jre\bin\server\jvm.dll
0x00007ffc94360000 - 0x00007ffc9440e000 	C:\WINDOWS\System32\ADVAPI32.dll
0x00007ffc93000000 - 0x00007ffc9309e000 	C:\WINDOWS\System32\sechost.dll
0x00007ffc92eb0000 - 0x00007ffc92fd0000 	C:\WINDOWS\System32\RPCRT4.dll
0x00007ffc94050000 - 0x00007ffc94058000 	C:\WINDOWS\System32\PSAPI.DLL
0x00007ffc8c4b0000 - 0x00007ffc8c4e3000 	C:\WINDOWS\SYSTEM32\WINMM.dll
0x00007ffc8b3b0000 - 0x00007ffc8b3ba000 	C:\WINDOWS\SYSTEM32\VERSION.dll
0x00007ffc7ec50000 - 0x00007ffc7ec59000 	C:\WINDOWS\SYSTEM32\WSOCK32.dll
0x00007ffc940c0000 - 0x00007ffc9412f000 	C:\WINDOWS\System32\WS2_32.dll
0x00007ffc913a0000 - 0x00007ffc913b8000 	C:\WINDOWS\SYSTEM32\kernel.appcore.dll
0x00007ffc892d0000 - 0x00007ffc892e1000 	C:\Program Files\Android\Android Studio\jre\bin\verify.dll
0x00007ffc8fbe0000 - 0x00007ffc8fe01000 	C:\WINDOWS\SYSTEM32\DBGHELP.DLL
0x00007ffc8abd0000 - 0x00007ffc8ac01000 	C:\WINDOWS\SYSTEM32\dbgcore.DLL
0x00007ffc92990000 - 0x00007ffc92a0f000 	C:\WINDOWS\System32\bcryptPrimitives.dll
0x00007ffc84be0000 - 0x00007ffc84c09000 	C:\Program Files\Android\Android Studio\jre\bin\java.dll
0x00007ffc90170000 - 0x00007ffc9017b000 	C:\Program Files\Android\Android Studio\jre\bin\jimage.dll
0x00007ffc85d70000 - 0x00007ffc85d88000 	C:\Program Files\Android\Android Studio\jre\bin\zip.dll
0x00007ffc93620000 - 0x00007ffc93dd8000 	C:\WINDOWS\System32\SHELL32.dll
0x00007ffc90330000 - 0x00007ffc90b98000 	C:\WINDOWS\SYSTEM32\windows.storage.dll
0x00007ffc930a0000 - 0x00007ffc93419000 	C:\WINDOWS\System32\combase.dll
0x00007ffc90190000 - 0x00007ffc902f6000 	C:\WINDOWS\SYSTEM32\wintypes.dll
0x00007ffc93500000 - 0x00007ffc935ea000 	C:\WINDOWS\System32\SHCORE.dll
0x00007ffc92b70000 - 0x00007ffc92bcd000 	C:\WINDOWS\System32\shlwapi.dll
0x00007ffc920f0000 - 0x00007ffc92111000 	C:\WINDOWS\SYSTEM32\profapi.dll
0x00007ffc85a00000 - 0x00007ffc85a1a000 	C:\Program Files\Android\Android Studio\jre\bin\net.dll
0x00007ffc8c190000 - 0x00007ffc8c29c000 	C:\WINDOWS\SYSTEM32\WINHTTP.dll
0x00007ffc917d0000 - 0x00007ffc91837000 	C:\WINDOWS\system32\mswsock.dll
0x00007ffc85990000 - 0x00007ffc859a4000 	C:\Program Files\Android\Android Studio\jre\bin\nio.dll
0x00007ffc72380000 - 0x00007ffc723a7000 	C:\Users\lucam\AndroidStudioProjects\18004671_OPSC7311_TaskApp\native\e1d6ef7f7dcc3fd88c89a11ec53ec762bb8ba0a96d01ffa2cd45eb1d1d8dd5c5\windows-amd64\native-platform.dll
0x00007ffc04f90000 - 0x00007ffc050d4000 	C:\Users\lucam\AndroidStudioProjects\18004671_OPSC7311_TaskApp\native\5664cfc778a61ccfe75a443a1ab52a65af34e5dc3c78e0209fed803814484fcb\windows-amd64\native-platform-file-events.dll
0x00007ffc8d080000 - 0x00007ffc8d08a000 	C:\Program Files\Android\Android Studio\jre\bin\management.dll
0x00007ffc8ac30000 - 0x00007ffc8ac3d000 	C:\Program Files\Android\Android Studio\jre\bin\management_ext.dll
0x00007ffc91a10000 - 0x00007ffc91a28000 	C:\WINDOWS\SYSTEM32\CRYPTSP.dll
0x00007ffc91300000 - 0x00007ffc91335000 	C:\WINDOWS\system32\rsaenh.dll
0x00007ffc918c0000 - 0x00007ffc918e9000 	C:\WINDOWS\SYSTEM32\USERENV.dll
0x00007ffc91ba0000 - 0x00007ffc91bc7000 	C:\WINDOWS\SYSTEM32\bcrypt.dll
0x00007ffc91a30000 - 0x00007ffc91a3c000 	C:\WINDOWS\SYSTEM32\CRYPTBASE.dll
0x00007ffc90ed0000 - 0x00007ffc90efd000 	C:\WINDOWS\SYSTEM32\IPHLPAPI.DLL
0x00007ffc935f0000 - 0x00007ffc935f9000 	C:\WINDOWS\System32\NSI.dll
0x00007ffc8c500000 - 0x00007ffc8c519000 	C:\WINDOWS\SYSTEM32\dhcpcsvc6.DLL
0x00007ffc8c850000 - 0x00007ffc8c86e000 	C:\WINDOWS\SYSTEM32\dhcpcsvc.DLL
0x00007ffc90f40000 - 0x00007ffc91028000 	C:\WINDOWS\SYSTEM32\DNSAPI.dll
0x00007ffc8f6c0000 - 0x00007ffc8f6f4000 	C:\WINDOWS\SYSTEM32\ntmarta.dll

dbghelp: loaded successfully - version: 4.0.5 - missing functions: none
symbol engine: initialized successfully - sym options: 0x614 - pdb path: .;C:\Program Files\Android\Android Studio\jre\bin;C:\WINDOWS\SYSTEM32;C:\WINDOWS\WinSxS\amd64_microsoft.windows.common-controls_6595b64144ccf1df_6.0.22000.120_none_9d947278b86cc467;C:\Program Files\Android\Android Studio\jre\bin\server;C:\Users\lucam\AndroidStudioProjects\18004671_OPSC7311_TaskApp\native\e1d6ef7f7dcc3fd88c89a11ec53ec762bb8ba0a96d01ffa2cd45eb1d1d8dd5c5\windows-amd64;C:\Users\lucam\AndroidStudioProjects\18004671_OPSC7311_TaskApp\native\5664cfc778a61ccfe75a443a1ab52a65af34e5dc3c78e0209fed803814484fcb\windows-amd64

VM Arguments:
jvm_args: --add-opens=java.base/java.util=ALL-UNNAMED --add-opens=java.base/java.lang=ALL-UNNAMED --add-opens=java.base/java.lang.invoke=ALL-UNNAMED --add-opens=java.base/java.util=ALL-UNNAMED --add-opens=java.prefs/java.util.prefs=ALL-UNNAMED --add-opens=java.prefs/java.util.prefs=ALL-UNNAMED --add-opens=java.base/java.nio.charset=ALL-UNNAMED --add-opens=java.base/java.net=ALL-UNNAMED --add-opens=java.base/java.util.concurrent.atomic=ALL-UNNAMED -Xmx2048m -Dfile.encoding=UTF-8 -Duser.country=ZA -Duser.language=en -Duser.variant 
java_command: org.gradle.launcher.daemon.bootstrap.GradleDaemon 7.2
java_class_path (initial): C:\Users\lucam\AndroidStudioProjects\18004671_OPSC7311_TaskApp\wrapper\dists\gradle-7.2-bin\2dnblmf4td7x66yl1d74lt32g\gradle-7.2\lib\gradle-launcher-7.2.jar
Launcher Type: SUN_STANDARD

[Global flags]
     intx CICompilerCount                          = 4                                         {product} {ergonomic}
     uint ConcGCThreads                            = 2                                         {product} {ergonomic}
     uint G1ConcRefinementThreads                  = 8                                         {product} {ergonomic}
   size_t G1HeapRegionSize                         = 1048576                                   {product} {ergonomic}
    uintx GCDrainStackTargetSize                   = 64                                        {product} {ergonomic}
   size_t InitialHeapSize                          = 132120576                                 {product} {ergonomic}
   size_t MarkStackSize                            = 4194304                                   {product} {ergonomic}
   size_t MaxHeapSize                              = 2147483648                                {product} {command line}
   size_t MaxNewSize                               = 1287651328                                {product} {ergonomic}
   size_t MinHeapDeltaBytes                        = 1048576                                   {product} {ergonomic}
    uintx NonNMethodCodeHeapSize                   = 5836300                                {pd product} {ergonomic}
    uintx NonProfiledCodeHeapSize                  = 122910970                              {pd product} {ergonomic}
    uintx ProfiledCodeHeapSize                     = 122910970                              {pd product} {ergonomic}
    uintx ReservedCodeCacheSize                    = 251658240                              {pd product} {ergonomic}
     bool SegmentedCodeCache                       = true                                      {product} {ergonomic}
     bool UseCompressedClassPointers               = true                                 {lp64_product} {ergonomic}
     bool UseCompressedOops                        = true                                 {lp64_product} {ergonomic}
     bool UseG1GC                                  = true                                      {product} {ergonomic}
     bool UseLargePagesIndividualAllocation        = false                                  {pd product} {ergonomic}

Logging:
Log output configuration:
 #0: stdout all=warning uptime,level,tags
 #1: stderr all=off uptime,level,tags

Environment Variables:
PATH=C:\Program Files\Microsoft\jdk-11.0.12.7-hotspot\bin;C:\Oracle19c\WINDOWS.X64_193000_db_home\bin;C:\Windows\system32;C:\Windows;C:\Windows\System32\Wbem;C:\Windows\System32\WindowsPowerShell\v1.0\;C:\Windows\System32\OpenSSH\;C:\Program Files (x86)\NVIDIA Corporation\PhysX\Common;C:\Program Files\NVIDIA Corporation\NVIDIA NvDLISR;C:\Program Files\Microsoft SQL Server\130\Tools\Binn\;C:\Program Files\Microsoft SQL Server\Client SDK\ODBC\170\Tools\Binn\;C:\Program Files\dotnet\;C:\WINDOWS\system32;C:\WINDOWS;C:\WINDOWS\System32\Wbem;C:\WINDOWS\System32\WindowsPowerShell\v1.0\;C:\WINDOWS\System32\OpenSSH\;C:\Program Files\Git\cmd;C:\Program Files\nodejs\;C:\ProgramData\chocolatey\bin;C:\Program Files\Microsoft SQL Server\150\Tools\Binn\;C:\Program Files (x86)\Microsoft SQL Server\150\DTS\Binn\;C:\Program Files\Azure Data Studio\bin;C:\Users\lucam\AppData\Local\Microsoft\WindowsApps;C:\Program Files\MongoDB\Server\5.0\bin;C:\Users\lucam\.dotnet\tools;C:\Users\lucam\AppData\Local\GitHubDesktop\bin;C:\Users\lucam\AppData\Roaming\npm;C:\Users\lucam\AppData\Local\Programs\Microsoft VS Code\bin;C:\Program Files\Azure Data Studio\bin;C:\Users\lucam\OpenSSL-Win64\bin;
USERNAME=lucam
OS=Windows_NT
PROCESSOR_IDENTIFIER=Intel64 Family 6 Model 165 Stepping 2, GenuineIntel



---------------  S Y S T E M  ---------------

OS: Windows 10 , 64 bit Build 22000 (10.0.22000.708)
OS uptime: 27 days 7:36 hours

CPU:total 8 (initial active 8) (4 cores per cpu, 2 threads per core) family 6 model 165 stepping 2 microcode 0xe0, cmov, cx8, fxsr, mmx, sse, sse2, sse3, ssse3, sse4.1, sse4.2, popcnt, avx, avx2, aes, clmul, erms, 3dnowpref, lzcnt, ht, tsc, tscinvbit, bmi1, bmi2, adx, fma

Memory: 4k page, system-wide physical 8029M (312M free)
TotalPageFile size 32605M (AvailPageFile size 54M)
current process WorkingSet (physical memory assigned to process): 539M, peak: 539M
current process commit charge ("private bytes"): 669M, peak: 755M

vm_info: OpenJDK 64-Bit Server VM (11.0.11+9-b60-7590822) for windows-amd64 JRE (11.0.11+9-b60-7590822), built on Jul 29 2021 21:43:44 by "builder" with MS VC++ 14.0 (VS2015)

END.
