#
# There is insufficient memory for the Java Runtime Environment to continue.
# Native memory allocation (malloc) failed to allocate 475056 bytes for Chunk::new
# Possible reasons:
#   The system is out of physical RAM or swap space
#   The process is running with CompressedOops enabled, and the Java Heap may be blocking the growth of the native heap
# Possible solutions:
#   Reduce memory load on the system
#   Increase physical memory or swap space
#   Check if swap backing store is full
#   Decrease Java heap size (-Xmx/-Xms)
#   Decrease number of Java threads
#   Decrease Java thread stack sizes (-Xss)
#   Set larger code cache with -XX:ReservedCodeCacheSize=
#   JVM is running with Unscaled Compressed Oops mode in which the Java heap is
#     placed in the first 4GB address space. The Java Heap base address is the
#     maximum limit for the native heap growth. Please use -XX:HeapBaseMinAddress
#     to set the Java Heap base and to place the Java Heap above 4GB virtual address.
# This output file may be truncated or incomplete.
#
#  Out of Memory Error (./src/hotspot/share/memory/arena.cpp:197), pid=3372, tid=38128
#
# JRE version: OpenJDK Runtime Environment (11.0.11+9) (build 11.0.11+9-b60-7590822)
# Java VM: OpenJDK 64-Bit Server VM (11.0.11+9-b60-7590822, mixed mode, tiered, compressed oops, g1 gc, windows-amd64)
# No core dump will be written. Minidumps are not enabled by default on client versions of Windows
#

---------------  S U M M A R Y ------------

Command Line: --add-opens=java.base/java.util=ALL-UNNAMED --add-opens=java.base/java.lang=ALL-UNNAMED --add-opens=java.base/java.lang.invoke=ALL-UNNAMED --add-opens=java.base/java.util=ALL-UNNAMED --add-opens=java.prefs/java.util.prefs=ALL-UNNAMED --add-opens=java.prefs/java.util.prefs=ALL-UNNAMED --add-opens=java.base/java.nio.charset=ALL-UNNAMED --add-opens=java.base/java.net=ALL-UNNAMED --add-opens=java.base/java.util.concurrent.atomic=ALL-UNNAMED -Xmx2048m -Dfile.encoding=UTF-8 -Duser.country=ZA -Duser.language=en -Duser.variant org.gradle.launcher.daemon.bootstrap.GradleDaemon 7.2

Host: Intel(R) Core(TM) i5-10300H CPU @ 2.50GHz, 8 cores, 7G,  Windows 10 , 64 bit Build 22000 (10.0.22000.708)
Time: Wed Oct 12 08:36:37 2022 South Africa Standard Time elapsed time: 1963.038160 seconds (0d 0h 32m 43s)

---------------  T H R E A D  ---------------

Current thread (0x00000150587cb000):  JavaThread "C2 CompilerThread0" daemon [_thread_in_native, id=38128, stack(0x0000000ce6300000,0x0000000ce6400000)]


Current CompileTask:
C2:1963038 15402   !   4       java.util.concurrent.ArrayBlockingQueue::poll (83 bytes)

Stack: [0x0000000ce6300000,0x0000000ce6400000]
Native frames: (J=compiled Java code, j=interpreted, Vv=VM code, C=native code)
V  [jvm.dll+0x5f214a]
V  [jvm.dll+0x726fb5]
V  [jvm.dll+0x7285cd]
V  [jvm.dll+0x728c83]
V  [jvm.dll+0x243278]
V  [jvm.dll+0xbc53c]
V  [jvm.dll+0xbca3c]
V  [jvm.dll+0x353e7d]
V  [jvm.dll+0x321893]
V  [jvm.dll+0x320d8a]
V  [jvm.dll+0x1fc1e2]
V  [jvm.dll+0x1fb3d4]
V  [jvm.dll+0x183d6c]
V  [jvm.dll+0x209a57]
V  [jvm.dll+0x2082a1]
V  [jvm.dll+0x6ef58f]
V  [jvm.dll+0x6e80b5]
V  [jvm.dll+0x5f1036]
C  [ucrtbase.dll+0x26c0c]
C  [KERNEL32.DLL+0x154e0]
C  [ntdll.dll+0x485b]


---------------  P R O C E S S  ---------------

Threads class SMR info:
_java_thread_list=0x000001505a225930, length=135, elements={
0x000001503d9d1000, 0x0000015057e49000, 0x0000015057e52800, 0x00000150587c4800,
0x00000150587c5800, 0x00000150587c7800, 0x00000150587cb000, 0x00000150587d0000,
0x00000150587d3800, 0x0000015057e3b800, 0x0000015057e3d800, 0x0000015057e3c800,
0x0000015057e3b000, 0x000001505aebe800, 0x000001505aec0800, 0x000001505aec5000,
0x000001505aec6000, 0x000001505aec3800, 0x000001505aec7000, 0x000001505aec4800,
0x000001505aec1000, 0x000001505aec7800, 0x000001505aec2000, 0x000001505aec3000,
0x000001505c0ca800, 0x000001505c0cd000, 0x000001505c0ce000, 0x000001505c0cc000,
0x000001505a778000, 0x000001505a77c000, 0x0000015064692800, 0x0000015064689800,
0x0000015064685800, 0x0000015064688000, 0x000001506468a800, 0x000001506468b000,
0x0000015064688800, 0x000001506468c000, 0x0000015064686000, 0x000001506468c800,
0x0000015064687000, 0x000001506468f000, 0x0000015064690000, 0x0000015064693000,
0x000001506468d800, 0x0000015064691000, 0x0000015064694000, 0x0000015064691800,
0x000001506468e800, 0x000001505a76f000, 0x000001505a76e000, 0x000001505a76f800,
0x000001505a772000, 0x000001505a771800, 0x000001505a770800, 0x000001505a773000,
0x000001505a76d800, 0x000001505a778800, 0x000001505a775800, 0x000001505a779800,
0x000001505a776800, 0x000001505a774800, 0x000001505a774000, 0x000001505a77a800,
0x000001505a77b000, 0x000001505c0cb800, 0x000001505c0c7800, 0x000001505c0c9000,
0x000001505c0d3800, 0x000001505c0d2000, 0x000001505c0ce800, 0x000001505c0d4800,
0x000001505c0d5000, 0x000001505c0cf800, 0x000001505c0d6000, 0x000001505c0d0800,
0x000001505c0d1000, 0x000001505c0d3000, 0x000001505aebb800, 0x000001505aebd000,
0x000001505aeb9000, 0x000001505aebf800, 0x000001505aebc800, 0x000001505aebe000,
0x000001505aeba000, 0x000001505aeba800, 0x000001505ab09800, 0x000001505ab04000,
0x000001505ab0a800, 0x000001505ab07000, 0x000001505ab08000, 0x000001505ab04800,
0x000001505ab0b000, 0x000001505ab08800, 0x000001505ab05800, 0x000001505ab0c000,
0x000001505ab06000, 0x000001505ab11800, 0x000001505ab0e800, 0x000001505ab11000,
0x000001505ab12800, 0x000001505ab0d000, 0x000001505ab0f000, 0x000001505ab0d800,
0x000001505ab10000, 0x0000015059702000, 0x0000015059703000, 0x0000015059708800,
0x0000015059707000, 0x0000015059707800, 0x0000015059705800, 0x0000015059706000,
0x0000015059709800, 0x0000015059703800, 0x000001505970a000, 0x0000015059704800,
0x000001505970b000, 0x0000015059710800, 0x000001505970c000, 0x0000015059710000,
0x000001505970e000, 0x000001505970c800, 0x000001505970d800, 0x000001505970f000,
0x0000015061b95000, 0x0000015061b97800, 0x0000015061b96000, 0x0000015061b98800,
0x0000015061b99000, 0x0000015061b96800, 0x0000015061b9a000, 0x0000015061b94800,
0x0000015061b9f000, 0x0000015061b9f800, 0x0000015061b9e000
}

Java Threads: ( => current thread )
  0x000001503d9d1000 JavaThread "main" [_thread_blocked, id=30696, stack(0x0000000ce5700000,0x0000000ce5800000)]
  0x0000015057e49000 JavaThread "Reference Handler" daemon [_thread_blocked, id=29080, stack(0x0000000ce5e00000,0x0000000ce5f00000)]
  0x0000015057e52800 JavaThread "Finalizer" daemon [_thread_blocked, id=38708, stack(0x0000000ce5f00000,0x0000000ce6000000)]
  0x00000150587c4800 JavaThread "Signal Dispatcher" daemon [_thread_blocked, id=9900, stack(0x0000000ce6000000,0x0000000ce6100000)]
  0x00000150587c5800 JavaThread "Attach Listener" daemon [_thread_blocked, id=3236, stack(0x0000000ce6100000,0x0000000ce6200000)]
  0x00000150587c7800 JavaThread "Service Thread" daemon [_thread_blocked, id=13288, stack(0x0000000ce6200000,0x0000000ce6300000)]
=>0x00000150587cb000 JavaThread "C2 CompilerThread0" daemon [_thread_in_native, id=38128, stack(0x0000000ce6300000,0x0000000ce6400000)]
  0x00000150587d0000 JavaThread "C1 CompilerThread0" daemon [_thread_blocked, id=32372, stack(0x0000000ce6400000,0x0000000ce6500000)]
  0x00000150587d3800 JavaThread "Sweeper thread" daemon [_thread_blocked, id=33644, stack(0x0000000ce6500000,0x0000000ce6600000)]
  0x0000015057e3b800 JavaThread "Common-Cleaner" daemon [_thread_blocked, id=35780, stack(0x0000000ce6600000,0x0000000ce6700000)]
  0x0000015057e3d800 JavaThread "Daemon health stats" [_thread_blocked, id=10652, stack(0x0000000ce6b00000,0x0000000ce6c00000)]
  0x0000015057e3c800 JavaThread "Incoming local TCP Connector on port 50859" [_thread_in_native, id=27620, stack(0x0000000ce6c00000,0x0000000ce6d00000)]
  0x0000015057e3b000 JavaThread "Daemon periodic checks" [_thread_blocked, id=34528, stack(0x0000000ce6d00000,0x0000000ce6e00000)]
  0x000001505aebe800 JavaThread "Cache worker for journal cache (C:\Users\lucam\AndroidStudioProjects\18004671_OPSC7311_TaskApp\caches\journal-1)" [_thread_blocked, id=4484, stack(0x0000000ce7a00000,0x0000000ce7b00000)]
  0x000001505aec0800 JavaThread "File lock request listener" [_thread_in_native, id=28572, stack(0x0000000ce7b00000,0x0000000ce7c00000)]
  0x000001505aec5000 JavaThread "Cache worker for file hash cache (C:\Users\lucam\AndroidStudioProjects\18004671_OPSC7311_TaskApp\caches\7.2\fileHashes)" [_thread_in_native, id=10280, stack(0x0000000ce7d00000,0x0000000ce7e00000)]
  0x000001505aec6000 JavaThread "File watcher server" daemon [_thread_in_native, id=36908, stack(0x0000000ce7f00000,0x0000000ce8000000)]
  0x000001505aec3800 JavaThread "File watcher consumer" daemon [_thread_blocked, id=2568, stack(0x0000000ce8000000,0x0000000ce8100000)]
  0x000001505aec7000 JavaThread "jar transforms" [_thread_blocked, id=37740, stack(0x0000000ce8100000,0x0000000ce8200000)]
  0x000001505aec4800 JavaThread "jar transforms Thread 2" [_thread_blocked, id=21304, stack(0x0000000ce8200000,0x0000000ce8300000)]
  0x000001505aec1000 JavaThread "jar transforms Thread 3" [_thread_blocked, id=5504, stack(0x0000000ce8300000,0x0000000ce8400000)]
  0x000001505aec7800 JavaThread "jar transforms Thread 4" [_thread_blocked, id=12544, stack(0x0000000ce8400000,0x0000000ce8500000)]
  0x000001505aec2000 JavaThread "jar transforms Thread 5" [_thread_blocked, id=25912, stack(0x0000000ce8500000,0x0000000ce8600000)]
  0x000001505aec3000 JavaThread "jar transforms Thread 6" [_thread_blocked, id=20560, stack(0x0000000ce8600000,0x0000000ce8700000)]
  0x000001505c0ca800 JavaThread "jar transforms Thread 7" [_thread_blocked, id=26744, stack(0x0000000ce8700000,0x0000000ce8800000)]
  0x000001505c0cd000 JavaThread "jar transforms Thread 8" [_thread_blocked, id=20556, stack(0x0000000ce8800000,0x0000000ce8900000)]
  0x000001505c0ce000 JavaThread "Cache worker for execution history cache (C:\Users\lucam\AndroidStudioProjects\18004671_OPSC7311_TaskApp\caches\7.2\executionHistory)" [_thread_in_native, id=26564, stack(0x0000000ce8c00000,0x0000000ce8d00000)]
  0x000001505c0cc000 JavaThread "Cache worker for file content cache (C:\Users\lucam\AndroidStudioProjects\18004671_OPSC7311_TaskApp\caches\7.2\fileContent)" [_thread_blocked, id=32120, stack(0x0000000ce8d00000,0x0000000ce8e00000)]
  0x000001505a778000 JavaThread "Memory manager" [_thread_blocked, id=38364, stack(0x0000000cee000000,0x0000000cee100000)]
  0x000001505a77c000 JavaThread "pool-3-thread-1" [_thread_blocked, id=11420, stack(0x0000000cee100000,0x0000000cee200000)]
  0x0000015064692800 JavaThread "pool-6-thread-1" [_thread_blocked, id=8140, stack(0x0000000cee400000,0x0000000cee500000)]
  0x0000015064689800 JavaThread "Daemon Thread 2" [_thread_blocked, id=22112, stack(0x0000000ce5400000,0x0000000ce5500000)]
  0x0000015064685800 JavaThread "Handler for socket connection from /127.0.0.1:50859 to /127.0.0.1:54481" [_thread_in_native, id=31696, stack(0x0000000ce5500000,0x0000000ce5600000)]
  0x0000015064688000 JavaThread "Cancel handler" [_thread_blocked, id=23284, stack(0x0000000ce5600000,0x0000000ce5700000)]
  0x000001506468a800 JavaThread "Daemon worker Thread 2" [_thread_blocked, id=31720, stack(0x0000000ce6a00000,0x0000000ce6b00000)]
  0x000001506468b000 JavaThread "Asynchronous log dispatcher for DefaultDaemonConnection: socket connection from /127.0.0.1:50859 to /127.0.0.1:54481" [_thread_blocked, id=33656, stack(0x0000000ce6e00000,0x0000000ce6f00000)]
  0x0000015064688800 JavaThread "Stdin handler" [_thread_blocked, id=23008, stack(0x0000000ce6f00000,0x0000000ce7000000)]
  0x000001506468c000 JavaThread "Daemon client event forwarder" [_thread_blocked, id=19700, stack(0x0000000ce7000000,0x0000000ce7100000)]
  0x0000015064686000 JavaThread "Cache worker for file hash cache (C:\Users\lucam\AndroidStudioProjects\WonderFinder\.gradle\7.2\fileHashes)" [_thread_blocked, id=8684, stack(0x0000000ce7100000,0x0000000ce7200000)]
  0x000001506468c800 JavaThread "Cache worker for checksums cache (C:\Users\lucam\AndroidStudioProjects\WonderFinder\.gradle\checksums)" [_thread_blocked, id=22588, stack(0x0000000ce7200000,0x0000000ce7300000)]
  0x0000015064687000 JavaThread "Cache worker for cache directory md-supplier (C:\Users\lucam\AndroidStudioProjects\18004671_OPSC7311_TaskApp\caches\7.2\md-supplier)" [_thread_blocked, id=7104, stack(0x0000000ce7300000,0x0000000ce7400000)]
  0x000001506468f000 JavaThread "Cache worker for cache directory md-rule (C:\Users\lucam\AndroidStudioProjects\18004671_OPSC7311_TaskApp\caches\7.2\md-rule)" [_thread_blocked, id=25188, stack(0x0000000ce7400000,0x0000000ce7500000)]
  0x0000015064690000 JavaThread "Cache worker for dependencies-accessors (C:\Users\lucam\AndroidStudioProjects\WonderFinder\.gradle\7.2\dependencies-accessors)" [_thread_blocked, id=568, stack(0x0000000ce7e00000,0x0000000ce7f00000)]
  0x0000015064693000 JavaThread "Cache worker for Build Output Cleanup Cache (C:\Users\lucam\AndroidStudioProjects\WonderFinder\.gradle\buildOutputCleanup)" [_thread_in_native, id=23464, stack(0x0000000ce8900000,0x0000000ce8a00000)]
  0x000001506468d800 JavaThread "Unconstrained build operations" [_thread_blocked, id=7164, stack(0x0000000ce8a00000,0x0000000ce8b00000)]
  0x0000015064691000 JavaThread "Unconstrained build operations Thread 2" [_thread_blocked, id=21928, stack(0x0000000ce8b00000,0x0000000ce8c00000)]
  0x0000015064694000 JavaThread "Unconstrained build operations Thread 3" [_thread_blocked, id=37728, stack(0x0000000ce8e00000,0x0000000ce8f00000)]
  0x0000015064691800 JavaThread "Unconstrained build operations Thread 4" [_thread_blocked, id=34952, stack(0x0000000ce8f00000,0x0000000ce9000000)]
  0x000001506468e800 JavaThread "Unconstrained build operations Thread 5" [_thread_blocked, id=20128, stack(0x0000000ce9000000,0x0000000ce9100000)]
  0x000001505a76f000 JavaThread "Unconstrained build operations Thread 6" [_thread_blocked, id=15584, stack(0x0000000ce9100000,0x0000000ce9200000)]
  0x000001505a76e000 JavaThread "Unconstrained build operations Thread 7" [_thread_blocked, id=35060, stack(0x0000000ce9200000,0x0000000ce9300000)]
  0x000001505a76f800 JavaThread "Unconstrained build operations Thread 8" [_thread_blocked, id=12492, stack(0x0000000ce9300000,0x0000000ce9400000)]
  0x000001505a772000 JavaThread "Unconstrained build operations Thread 9" [_thread_blocked, id=35404, stack(0x0000000ce9400000,0x0000000ce9500000)]
  0x000001505a771800 JavaThread "Unconstrained build operations Thread 10" [_thread_blocked, id=15440, stack(0x0000000ce9500000,0x0000000ce9600000)]
  0x000001505a770800 JavaThread "Unconstrained build operations Thread 11" [_thread_blocked, id=36848, stack(0x0000000ce9600000,0x0000000ce9700000)]
  0x000001505a773000 JavaThread "Unconstrained build operations Thread 12" [_thread_in_native, id=4696, stack(0x0000000ce9700000,0x0000000ce9800000)]
  0x000001505a76d800 JavaThread "Unconstrained build operations Thread 13" [_thread_blocked, id=12652, stack(0x0000000ce9800000,0x0000000ce9900000)]
  0x000001505a778800 JavaThread "Unconstrained build operations Thread 14" [_thread_blocked, id=15032, stack(0x0000000ce9900000,0x0000000ce9a00000)]
  0x000001505a775800 JavaThread "Unconstrained build operations Thread 15" [_thread_blocked, id=23212, stack(0x0000000ce9a00000,0x0000000ce9b00000)]
  0x000001505a779800 JavaThread "Unconstrained build operations Thread 16" [_thread_blocked, id=36424, stack(0x0000000ce9b00000,0x0000000ce9c00000)]
  0x000001505a776800 JavaThread "Unconstrained build operations Thread 17" [_thread_blocked, id=24260, stack(0x0000000ce9c00000,0x0000000ce9d00000)]
  0x000001505a774800 JavaThread "Unconstrained build operations Thread 18" [_thread_blocked, id=21144, stack(0x0000000ce9d00000,0x0000000ce9e00000)]
  0x000001505a774000 JavaThread "Unconstrained build operations Thread 19" [_thread_blocked, id=30224, stack(0x0000000ce9e00000,0x0000000ce9f00000)]
  0x000001505a77a800 JavaThread "Unconstrained build operations Thread 20" [_thread_blocked, id=23868, stack(0x0000000ce9f00000,0x0000000cea000000)]
  0x000001505a77b000 JavaThread "Unconstrained build operations Thread 21" [_thread_blocked, id=31724, stack(0x0000000cea000000,0x0000000cea100000)]
  0x000001505c0cb800 JavaThread "Unconstrained build operations Thread 22" [_thread_blocked, id=38020, stack(0x0000000cea100000,0x0000000cea200000)]
  0x000001505c0c7800 JavaThread "Unconstrained build operations Thread 23" [_thread_blocked, id=36972, stack(0x0000000cea200000,0x0000000cea300000)]
  0x000001505c0c9000 JavaThread "Unconstrained build operations Thread 24" [_thread_blocked, id=37500, stack(0x0000000cea300000,0x0000000cea400000)]
  0x000001505c0d3800 JavaThread "Unconstrained build operations Thread 25" [_thread_blocked, id=34720, stack(0x0000000cea400000,0x0000000cea500000)]
  0x000001505c0d2000 JavaThread "Unconstrained build operations Thread 26" [_thread_in_native, id=37596, stack(0x0000000cea500000,0x0000000cea600000)]
  0x000001505c0ce800 JavaThread "Unconstrained build operations Thread 27" [_thread_blocked, id=30668, stack(0x0000000cea600000,0x0000000cea700000)]
  0x000001505c0d4800 JavaThread "Unconstrained build operations Thread 28" [_thread_blocked, id=20888, stack(0x0000000cea700000,0x0000000cea800000)]
  0x000001505c0d5000 JavaThread "Unconstrained build operations Thread 29" [_thread_blocked, id=14356, stack(0x0000000cea800000,0x0000000cea900000)]
  0x000001505c0cf800 JavaThread "Unconstrained build operations Thread 30" [_thread_blocked, id=26504, stack(0x0000000cea900000,0x0000000ceaa00000)]
  0x000001505c0d6000 JavaThread "Unconstrained build operations Thread 31" [_thread_blocked, id=35036, stack(0x0000000ceaa00000,0x0000000ceab00000)]
  0x000001505c0d0800 JavaThread "Unconstrained build operations Thread 32" [_thread_blocked, id=5744, stack(0x0000000ceab00000,0x0000000ceac00000)]
  0x000001505c0d1000 JavaThread "Unconstrained build operations Thread 33" [_thread_blocked, id=14088, stack(0x0000000ceac00000,0x0000000cead00000)]
  0x000001505c0d3000 JavaThread "Unconstrained build operations Thread 34" [_thread_blocked, id=4612, stack(0x0000000cead00000,0x0000000ceae00000)]
  0x000001505aebb800 JavaThread "Unconstrained build operations Thread 35" [_thread_blocked, id=22884, stack(0x0000000ceae00000,0x0000000ceaf00000)]
  0x000001505aebd000 JavaThread "Unconstrained build operations Thread 36" [_thread_blocked, id=38556, stack(0x0000000ceaf00000,0x0000000ceb000000)]
  0x000001505aeb9000 JavaThread "Unconstrained build operations Thread 37" [_thread_blocked, id=4596, stack(0x0000000ceb000000,0x0000000ceb100000)]
  0x000001505aebf800 JavaThread "Unconstrained build operations Thread 38" [_thread_blocked, id=30688, stack(0x0000000ceb100000,0x0000000ceb200000)]
  0x000001505aebc800 JavaThread "Unconstrained build operations Thread 39" [_thread_blocked, id=23236, stack(0x0000000ceb200000,0x0000000ceb300000)]
  0x000001505aebe000 JavaThread "Unconstrained build operations Thread 40" [_thread_blocked, id=30128, stack(0x0000000ceb300000,0x0000000ceb400000)]
  0x000001505aeba000 JavaThread "Unconstrained build operations Thread 41" [_thread_blocked, id=26856, stack(0x0000000ceb400000,0x0000000ceb500000)]
  0x000001505aeba800 JavaThread "Unconstrained build operations Thread 42" [_thread_blocked, id=16980, stack(0x0000000ceb500000,0x0000000ceb600000)]
  0x000001505ab09800 JavaThread "Unconstrained build operations Thread 43" [_thread_blocked, id=9508, stack(0x0000000ceb600000,0x0000000ceb700000)]
  0x000001505ab04000 JavaThread "Unconstrained build operations Thread 44" [_thread_blocked, id=32812, stack(0x0000000ceb700000,0x0000000ceb800000)]
  0x000001505ab0a800 JavaThread "Unconstrained build operations Thread 45" [_thread_blocked, id=17716, stack(0x0000000ceb800000,0x0000000ceb900000)]
  0x000001505ab07000 JavaThread "Unconstrained build operations Thread 46" [_thread_blocked, id=12080, stack(0x0000000ceb900000,0x0000000ceba00000)]
  0x000001505ab08000 JavaThread "Unconstrained build operations Thread 47" [_thread_in_native, id=26368, stack(0x0000000ceba00000,0x0000000cebb00000)]
  0x000001505ab04800 JavaThread "Unconstrained build operations Thread 48" [_thread_blocked, id=2300, stack(0x0000000cebb00000,0x0000000cebc00000)]
  0x000001505ab0b000 JavaThread "Unconstrained build operations Thread 49" [_thread_blocked, id=508, stack(0x0000000cebc00000,0x0000000cebd00000)]
  0x000001505ab08800 JavaThread "Unconstrained build operations Thread 50" [_thread_blocked, id=18716, stack(0x0000000cebd00000,0x0000000cebe00000)]
  0x000001505ab05800 JavaThread "Unconstrained build operations Thread 51" [_thread_blocked, id=4124, stack(0x0000000cebe00000,0x0000000cebf00000)]
  0x000001505ab0c000 JavaThread "Unconstrained build operations Thread 52" [_thread_blocked, id=2200, stack(0x0000000cebf00000,0x0000000cec000000)]
  0x000001505ab06000 JavaThread "Unconstrained build operations Thread 53" [_thread_blocked, id=25460, stack(0x0000000cec000000,0x0000000cec100000)]
  0x000001505ab11800 JavaThread "Unconstrained build operations Thread 54" [_thread_blocked, id=34912, stack(0x0000000cec100000,0x0000000cec200000)]
  0x000001505ab0e800 JavaThread "Unconstrained build operations Thread 55" [_thread_blocked, id=15952, stack(0x0000000cec200000,0x0000000cec300000)]
  0x000001505ab11000 JavaThread "Unconstrained build operations Thread 56" [_thread_blocked, id=16776, stack(0x0000000cec300000,0x0000000cec400000)]
  0x000001505ab12800 JavaThread "Unconstrained build operations Thread 57" [_thread_blocked, id=25388, stack(0x0000000cec400000,0x0000000cec500000)]
  0x000001505ab0d000 JavaThread "Unconstrained build operations Thread 58" [_thread_blocked, id=19216, stack(0x0000000cec500000,0x0000000cec600000)]
  0x000001505ab0f000 JavaThread "Unconstrained build operations Thread 59" [_thread_blocked, id=3844, stack(0x0000000cec600000,0x0000000cec700000)]
  0x000001505ab0d800 JavaThread "Unconstrained build operations Thread 60" [_thread_blocked, id=34172, stack(0x0000000cec700000,0x0000000cec800000)]
  0x000001505ab10000 JavaThread "Unconstrained build operations Thread 61" [_thread_blocked, id=24296, stack(0x0000000cec800000,0x0000000cec900000)]
  0x0000015059702000 JavaThread "Unconstrained build operations Thread 62" [_thread_blocked, id=3924, stack(0x0000000cec900000,0x0000000ceca00000)]
  0x0000015059703000 JavaThread "Unconstrained build operations Thread 63" [_thread_blocked, id=22380, stack(0x0000000ceca00000,0x0000000cecb00000)]
  0x0000015059708800 JavaThread "Unconstrained build operations Thread 64" [_thread_blocked, id=36956, stack(0x0000000cecb00000,0x0000000cecc00000)]
  0x0000015059707000 JavaThread "Unconstrained build operations Thread 65" [_thread_blocked, id=20668, stack(0x0000000cecc00000,0x0000000cecd00000)]
  0x0000015059707800 JavaThread "Unconstrained build operations Thread 66" [_thread_blocked, id=4168, stack(0x0000000cecd00000,0x0000000cece00000)]
  0x0000015059705800 JavaThread "Unconstrained build operations Thread 67" [_thread_blocked, id=36404, stack(0x0000000cece00000,0x0000000cecf00000)]
  0x0000015059706000 JavaThread "Unconstrained build operations Thread 68" [_thread_blocked, id=3396, stack(0x0000000cecf00000,0x0000000ced000000)]
  0x0000015059709800 JavaThread "Unconstrained build operations Thread 69" [_thread_blocked, id=38188, stack(0x0000000ced000000,0x0000000ced100000)]
  0x0000015059703800 JavaThread "Unconstrained build operations Thread 70" [_thread_blocked, id=11608, stack(0x0000000ced100000,0x0000000ced200000)]
  0x000001505970a000 JavaThread "Unconstrained build operations Thread 71" [_thread_blocked, id=35844, stack(0x0000000ced200000,0x0000000ced300000)]
  0x0000015059704800 JavaThread "Unconstrained build operations Thread 72" [_thread_blocked, id=11408, stack(0x0000000ced300000,0x0000000ced400000)]
  0x000001505970b000 JavaThread "Unconstrained build operations Thread 73" [_thread_blocked, id=300, stack(0x0000000ced400000,0x0000000ced500000)]
  0x0000015059710800 JavaThread "Unconstrained build operations Thread 74" [_thread_blocked, id=20840, stack(0x0000000ced500000,0x0000000ced600000)]
  0x000001505970c000 JavaThread "Unconstrained build operations Thread 75" [_thread_blocked, id=34356, stack(0x0000000ced600000,0x0000000ced700000)]
  0x0000015059710000 JavaThread "Unconstrained build operations Thread 76" [_thread_blocked, id=13484, stack(0x0000000ced700000,0x0000000ced800000)]
  0x000001505970e000 JavaThread "Unconstrained build operations Thread 77" [_thread_blocked, id=9632, stack(0x0000000ced800000,0x0000000ced900000)]
  0x000001505970c800 JavaThread "Unconstrained build operations Thread 78" [_thread_blocked, id=30756, stack(0x0000000ced900000,0x0000000ceda00000)]
  0x000001505970d800 JavaThread "Unconstrained build operations Thread 79" [_thread_blocked, id=13628, stack(0x0000000ceda00000,0x0000000cedb00000)]
  0x000001505970f000 JavaThread "Unconstrained build operations Thread 80" [_thread_blocked, id=26904, stack(0x0000000cedb00000,0x0000000cedc00000)]
  0x0000015061b95000 JavaThread "build event listener" [_thread_blocked, id=18560, stack(0x0000000cedc00000,0x0000000cedd00000)]
  0x0000015061b97800 JavaThread "pool-9-thread-1" [_thread_blocked, id=37168, stack(0x0000000cedd00000,0x0000000cede00000)]
  0x0000015061b96000 JavaThread "build event listener" [_thread_blocked, id=35444, stack(0x0000000cede00000,0x0000000cedf00000)]
  0x0000015061b98800 JavaThread "Execution worker for ':'" [_thread_blocked, id=5144, stack(0x0000000cedf00000,0x0000000cee000000)]
  0x0000015061b99000 JavaThread "Execution worker for ':' Thread 2" [_thread_blocked, id=11796, stack(0x0000000cee200000,0x0000000cee300000)]
  0x0000015061b96800 JavaThread "Execution worker for ':' Thread 3" [_thread_blocked, id=35800, stack(0x0000000cee300000,0x0000000cee400000)]
  0x0000015061b9a000 JavaThread "Execution worker for ':' Thread 4" [_thread_blocked, id=35884, stack(0x0000000cee500000,0x0000000cee600000)]
  0x0000015061b94800 JavaThread "Execution worker for ':' Thread 5" [_thread_blocked, id=6324, stack(0x0000000cee600000,0x0000000cee700000)]
  0x0000015061b9f000 JavaThread "Execution worker for ':' Thread 6" [_thread_blocked, id=36132, stack(0x0000000cee700000,0x0000000cee800000)]
  0x0000015061b9f800 JavaThread "Execution worker for ':' Thread 7" [_thread_blocked, id=37440, stack(0x0000000cee800000,0x0000000cee900000)]
  0x0000015061b9e000 JavaThread "Cache worker for execution history cache (C:\Users\lucam\AndroidStudioProjects\WonderFinder\.gradle\7.2\executionHistory)" [_thread_blocked, id=33960, stack(0x0000000cee900000,0x0000000ceea00000)]

Other Threads:
  0x0000015057e46800 VMThread "VM Thread" [stack: 0x0000000ce5d00000,0x0000000ce5e00000] [id=28180]
  0x000001505893f800 WatcherThread [stack: 0x0000000ce6700000,0x0000000ce6800000] [id=29644]
  0x000001503d9e8800 GCTaskThread "GC Thread#0" [stack: 0x0000000ce5800000,0x0000000ce5900000] [id=18192]
  0x00000150593f9800 GCTaskThread "GC Thread#1" [stack: 0x0000000ce6800000,0x0000000ce6900000] [id=15532]
  0x0000015059951000 GCTaskThread "GC Thread#2" [stack: 0x0000000ce6900000,0x0000000ce6a00000] [id=32752]
  0x000001505a102800 GCTaskThread "GC Thread#3" [stack: 0x0000000ce7500000,0x0000000ce7600000] [id=2580]
  0x000001505a8ed000 GCTaskThread "GC Thread#4" [stack: 0x0000000ce7600000,0x0000000ce7700000] [id=12204]
  0x000001505a8f0000 GCTaskThread "GC Thread#5" [stack: 0x0000000ce7700000,0x0000000ce7800000] [id=36640]
  0x000001505a2f6000 GCTaskThread "GC Thread#6" [stack: 0x0000000ce7800000,0x0000000ce7900000] [id=20412]
  0x000001505a31e000 GCTaskThread "GC Thread#7" [stack: 0x0000000ce7900000,0x0000000ce7a00000] [id=19656]
  0x000001503da1a000 ConcurrentGCThread "G1 Main Marker" [stack: 0x0000000ce5900000,0x0000000ce5a00000] [id=14736]
  0x000001503da1d000 ConcurrentGCThread "G1 Conc#0" [stack: 0x0000000ce5a00000,0x0000000ce5b00000] [id=1732]
  0x000001505a907000 ConcurrentGCThread "G1 Conc#1" [stack: 0x0000000ce7c00000,0x0000000ce7d00000] [id=13280]
  0x0000015057c90800 ConcurrentGCThread "G1 Refine#0" [stack: 0x0000000ce5b00000,0x0000000ce5c00000] [id=2248]
  0x0000015057c91800 ConcurrentGCThread "G1 Young RemSet Sampling" [stack: 0x0000000ce5c00000,0x0000000ce5d00000] [id=12556]

Threads with active compile tasks:
C2 CompilerThread01963363 15402   !   4       java.util.concurrent.ArrayBlockingQueue::poll (83 bytes)

VM state:not at safepoint (normal execution)

VM Mutex/Monitor currently owned by a thread: None

Heap address: 0x0000000080000000, size: 2048 MB, Compressed Oops mode: 32-bit
Narrow klass base: 0x0000000000000000, Narrow klass shift: 3
Compressed class space size: 1073741824 Address: 0x0000000100000000

Heap:
 garbage-first heap   total 225280K, used 167199K [0x0000000080000000, 0x0000000100000000)
  region size 1024K, 34 young (34816K), 8 survivors (8192K)
 Metaspace       used 111297K, capacity 114177K, committed 115056K, reserved 1148928K
  class space    used 13887K, capacity 14911K, committed 15232K, reserved 1048576K
Heap Regions: E=young(eden), S=young(survivor), O=old, HS=humongous(starts), HC=humongous(continues), CS=collection set, F=free, A=archive, TAMS=top-at-mark-start (previous, next)
|   0|0x0000000080000000, 0x0000000080100000, 0x0000000080100000|100%| O|  |TAMS 0x0000000080100000, 0x0000000080000000| Untracked 
|   1|0x0000000080100000, 0x0000000080200000, 0x0000000080200000|100%| O|  |TAMS 0x0000000080200000, 0x0000000080100000| Untracked 
|   2|0x0000000080200000, 0x0000000080300000, 0x0000000080300000|100%| O|  |TAMS 0x0000000080300000, 0x0000000080200000| Untracked 
|   3|0x0000000080300000, 0x0000000080400000, 0x0000000080400000|100%|HS|  |TAMS 0x0000000080400000, 0x0000000080300000| Complete 
|   4|0x0000000080400000, 0x0000000080500000, 0x0000000080500000|100%|HC|  |TAMS 0x0000000080500000, 0x0000000080400000| Complete 
|   5|0x0000000080500000, 0x0000000080600000, 0x0000000080600000|100%|HC|  |TAMS 0x0000000080600000, 0x0000000080500000| Complete 
|   6|0x0000000080600000, 0x0000000080700000, 0x0000000080700000|100%| O|  |TAMS 0x0000000080700000, 0x0000000080600000| Untracked 
|   7|0x0000000080700000, 0x0000000080800000, 0x0000000080800000|100%| O|  |TAMS 0x0000000080800000, 0x0000000080700000| Untracked 
|   8|0x0000000080800000, 0x0000000080900000, 0x0000000080900000|100%| O|  |TAMS 0x0000000080900000, 0x0000000080800000| Untracked 
|   9|0x0000000080900000, 0x0000000080a00000, 0x0000000080a00000|100%| O|  |TAMS 0x0000000080a00000, 0x0000000080900000| Untracked 
|  10|0x0000000080a00000, 0x0000000080b00000, 0x0000000080b00000|100%| O|  |TAMS 0x0000000080b00000, 0x0000000080a00000| Untracked 
|  11|0x0000000080b00000, 0x0000000080c00000, 0x0000000080c00000|100%| O|  |TAMS 0x0000000080c00000, 0x0000000080b00000| Untracked 
|  12|0x0000000080c00000, 0x0000000080d00000, 0x0000000080d00000|100%| O|  |TAMS 0x0000000080d00000, 0x0000000080c00000| Untracked 
|  13|0x0000000080d00000, 0x0000000080e00000, 0x0000000080e00000|100%| O|  |TAMS 0x0000000080e00000, 0x0000000080d00000| Untracked 
|  14|0x0000000080e00000, 0x0000000080f00000, 0x0000000080f00000|100%| O|  |TAMS 0x0000000080f00000, 0x0000000080e00000| Untracked 
|  15|0x0000000080f00000, 0x0000000081000000, 0x0000000081000000|100%| O|  |TAMS 0x0000000081000000, 0x0000000080f00000| Complete 
|  16|0x0000000081000000, 0x0000000081100000, 0x0000000081100000|100%|HS|  |TAMS 0x0000000081100000, 0x0000000081000000| Complete 
|  17|0x0000000081100000, 0x0000000081200000, 0x0000000081200000|100%|HC|  |TAMS 0x0000000081200000, 0x0000000081100000| Complete 
|  18|0x0000000081200000, 0x0000000081300000, 0x0000000081300000|100%|HS|  |TAMS 0x0000000081300000, 0x0000000081200000| Complete 
|  19|0x0000000081300000, 0x0000000081400000, 0x0000000081400000|100%|HC|  |TAMS 0x0000000081400000, 0x0000000081300000| Complete 
|  20|0x0000000081400000, 0x0000000081500000, 0x0000000081500000|100%|HC|  |TAMS 0x0000000081500000, 0x0000000081400000| Complete 
|  21|0x0000000081500000, 0x0000000081600000, 0x0000000081600000|100%|HS|  |TAMS 0x0000000081600000, 0x0000000081500000| Complete 
|  22|0x0000000081600000, 0x0000000081700000, 0x0000000081700000|100%|HC|  |TAMS 0x0000000081700000, 0x0000000081600000| Complete 
|  23|0x0000000081700000, 0x0000000081800000, 0x0000000081800000|100%|HC|  |TAMS 0x0000000081800000, 0x0000000081700000| Complete 
|  24|0x0000000081800000, 0x0000000081900000, 0x0000000081900000|100%|HC|  |TAMS 0x0000000081900000, 0x0000000081800000| Complete 
|  25|0x0000000081900000, 0x0000000081a00000, 0x0000000081a00000|100%| O|  |TAMS 0x0000000081a00000, 0x0000000081900000| Untracked 
|  26|0x0000000081a00000, 0x0000000081b00000, 0x0000000081b00000|100%| O|  |TAMS 0x0000000081b00000, 0x0000000081a00000| Complete 
|  27|0x0000000081b00000, 0x0000000081c00000, 0x0000000081c00000|100%| O|  |TAMS 0x0000000081c00000, 0x0000000081b00000| Complete 
|  28|0x0000000081c00000, 0x0000000081d00000, 0x0000000081d00000|100%| O|  |TAMS 0x0000000081d00000, 0x0000000081c00000| Untracked 
|  29|0x0000000081d00000, 0x0000000081e00000, 0x0000000081e00000|100%| O|  |TAMS 0x0000000081e00000, 0x0000000081d00000| Complete 
|  30|0x0000000081e00000, 0x0000000081f00000, 0x0000000081f00000|100%| O|  |TAMS 0x0000000081f00000, 0x0000000081e00000| Complete 
|  31|0x0000000081f00000, 0x0000000082000000, 0x0000000082000000|100%| O|  |TAMS 0x0000000082000000, 0x0000000081f00000| Untracked 
|  32|0x0000000082000000, 0x0000000082100000, 0x0000000082100000|100%| O|  |TAMS 0x0000000082100000, 0x0000000082000000| Complete 
|  33|0x0000000082100000, 0x0000000082200000, 0x0000000082200000|100%| O|  |TAMS 0x0000000082200000, 0x0000000082100000| Complete 
|  34|0x0000000082200000, 0x0000000082300000, 0x0000000082300000|100%| O|  |TAMS 0x0000000082300000, 0x0000000082200000| Untracked 
|  35|0x0000000082300000, 0x0000000082400000, 0x0000000082400000|100%| O|  |TAMS 0x0000000082400000, 0x0000000082300000| Complete 
|  36|0x0000000082400000, 0x0000000082500000, 0x0000000082500000|100%| O|  |TAMS 0x0000000082500000, 0x0000000082400000| Complete 
|  37|0x0000000082500000, 0x0000000082600000, 0x0000000082600000|100%| O|  |TAMS 0x0000000082600000, 0x0000000082500000| Complete 
|  38|0x0000000082600000, 0x0000000082700000, 0x0000000082700000|100%|HS|  |TAMS 0x0000000082700000, 0x0000000082600000| Complete 
|  39|0x0000000082700000, 0x0000000082800000, 0x0000000082800000|100%|HC|  |TAMS 0x0000000082800000, 0x0000000082700000| Complete 
|  40|0x0000000082800000, 0x0000000082900000, 0x0000000082900000|100%|HC|  |TAMS 0x0000000082900000, 0x0000000082800000| Complete 
|  41|0x0000000082900000, 0x0000000082a00000, 0x0000000082a00000|100%| O|  |TAMS 0x0000000082a00000, 0x0000000082900000| Untracked 
|  42|0x0000000082a00000, 0x0000000082b00000, 0x0000000082b00000|100%| O|  |TAMS 0x0000000082b00000, 0x0000000082a00000| Complete 
|  43|0x0000000082b00000, 0x0000000082c00000, 0x0000000082c00000|100%|HS|  |TAMS 0x0000000082c00000, 0x0000000082b00000| Complete 
|  44|0x0000000082c00000, 0x0000000082d00000, 0x0000000082d00000|100%|HC|  |TAMS 0x0000000082d00000, 0x0000000082c00000| Complete 
|  45|0x0000000082d00000, 0x0000000082e00000, 0x0000000082e00000|100%|HC|  |TAMS 0x0000000082e00000, 0x0000000082d00000| Complete 
|  46|0x0000000082e00000, 0x0000000082f00000, 0x0000000082f00000|100%|HC|  |TAMS 0x0000000082f00000, 0x0000000082e00000| Complete 
|  47|0x0000000082f00000, 0x0000000083000000, 0x0000000083000000|100%| O|  |TAMS 0x0000000083000000, 0x0000000082f00000| Complete 
|  48|0x0000000083000000, 0x0000000083100000, 0x0000000083100000|100%| O|  |TAMS 0x0000000083100000, 0x0000000083000000| Complete 
|  49|0x0000000083100000, 0x0000000083200000, 0x0000000083200000|100%| O|  |TAMS 0x0000000083200000, 0x0000000083100000| Complete 
|  50|0x0000000083200000, 0x0000000083300000, 0x0000000083300000|100%| O|  |TAMS 0x0000000083300000, 0x0000000083200000| Complete 
|  51|0x0000000083300000, 0x0000000083400000, 0x0000000083400000|100%| O|  |TAMS 0x0000000083400000, 0x0000000083300000| Complete 
|  52|0x0000000083400000, 0x0000000083500000, 0x0000000083500000|100%|HS|  |TAMS 0x0000000083500000, 0x0000000083400000| Complete 
|  53|0x0000000083500000, 0x0000000083600000, 0x0000000083600000|100%|HS|  |TAMS 0x0000000083600000, 0x0000000083500000| Complete 
|  54|0x0000000083600000, 0x0000000083700000, 0x0000000083700000|100%|HS|  |TAMS 0x0000000083700000, 0x0000000083600000| Complete 
|  55|0x0000000083700000, 0x0000000083800000, 0x0000000083800000|100%|HS|  |TAMS 0x0000000083800000, 0x0000000083700000| Complete 
|  56|0x0000000083800000, 0x0000000083900000, 0x0000000083900000|100%|HC|  |TAMS 0x0000000083900000, 0x0000000083800000| Complete 
|  57|0x0000000083900000, 0x0000000083a00000, 0x0000000083a00000|100%| O|  |TAMS 0x0000000083a00000, 0x0000000083900000| Untracked 
|  58|0x0000000083a00000, 0x0000000083b00000, 0x0000000083b00000|100%| O|  |TAMS 0x0000000083b00000, 0x0000000083a00000| Complete 
|  59|0x0000000083b00000, 0x0000000083c00000, 0x0000000083c00000|100%| O|  |TAMS 0x0000000083c00000, 0x0000000083b00000| Complete 
|  60|0x0000000083c00000, 0x0000000083d00000, 0x0000000083d00000|100%| O|  |TAMS 0x0000000083d00000, 0x0000000083c00000| Complete 
|  61|0x0000000083d00000, 0x0000000083e00000, 0x0000000083e00000|100%| O|  |TAMS 0x0000000083e00000, 0x0000000083d00000| Complete 
|  62|0x0000000083e00000, 0x0000000083f00000, 0x0000000083f00000|100%| O|  |TAMS 0x0000000083f00000, 0x0000000083e00000| Complete 
|  63|0x0000000083f00000, 0x0000000084000000, 0x0000000084000000|100%| O|  |TAMS 0x0000000084000000, 0x0000000083f00000| Complete 
|  64|0x0000000084000000, 0x0000000084100000, 0x0000000084100000|100%| O|  |TAMS 0x0000000084100000, 0x0000000084000000| Untracked 
|  65|0x0000000084100000, 0x0000000084200000, 0x0000000084200000|100%| O|  |TAMS 0x0000000084200000, 0x0000000084100000| Untracked 
|  66|0x0000000084200000, 0x0000000084300000, 0x0000000084300000|100%| O|  |TAMS 0x0000000084300000, 0x0000000084200000| Untracked 
|  67|0x0000000084300000, 0x0000000084400000, 0x0000000084400000|100%| O|  |TAMS 0x0000000084400000, 0x0000000084300000| Untracked 
|  68|0x0000000084400000, 0x0000000084500000, 0x0000000084500000|100%| O|  |TAMS 0x0000000084500000, 0x0000000084400000| Complete 
|  69|0x0000000084500000, 0x0000000084600000, 0x0000000084600000|100%| O|  |TAMS 0x0000000084600000, 0x0000000084500000| Complete 
|  70|0x0000000084600000, 0x0000000084700000, 0x0000000084700000|100%| O|  |TAMS 0x0000000084700000, 0x0000000084600000| Complete 
|  71|0x0000000084700000, 0x0000000084800000, 0x0000000084800000|100%| O|  |TAMS 0x0000000084800000, 0x0000000084700000| Untracked 
|  72|0x0000000084800000, 0x0000000084900000, 0x0000000084900000|100%| O|  |TAMS 0x0000000084900000, 0x0000000084800000| Complete 
|  73|0x0000000084900000, 0x0000000084a00000, 0x0000000084a00000|100%| O|  |TAMS 0x0000000084a00000, 0x0000000084900000| Complete 
|  74|0x0000000084a00000, 0x0000000084b00000, 0x0000000084b00000|100%| O|  |TAMS 0x0000000084b00000, 0x0000000084a00000| Untracked 
|  75|0x0000000084b00000, 0x0000000084c00000, 0x0000000084c00000|100%| O|  |TAMS 0x0000000084c00000, 0x0000000084b00000| Complete 
|  76|0x0000000084c00000, 0x0000000084d00000, 0x0000000084d00000|100%| O|  |TAMS 0x0000000084d00000, 0x0000000084c00000| Complete 
|  77|0x0000000084d00000, 0x0000000084e00000, 0x0000000084e00000|100%| O|  |TAMS 0x0000000084e00000, 0x0000000084d00000| Complete 
|  78|0x0000000084e00000, 0x0000000084f00000, 0x0000000084f00000|100%|HS|  |TAMS 0x0000000084f00000, 0x0000000084e00000| Complete 
|  79|0x0000000084f00000, 0x0000000085000000, 0x0000000085000000|100%|HC|  |TAMS 0x0000000085000000, 0x0000000084f00000| Complete 
|  80|0x0000000085000000, 0x0000000085100000, 0x0000000085100000|100%| O|  |TAMS 0x0000000085100000, 0x0000000085000000| Complete 
|  81|0x0000000085100000, 0x0000000085200000, 0x0000000085200000|100%| O|  |TAMS 0x0000000085200000, 0x0000000085100000| Complete 
|  82|0x0000000085200000, 0x0000000085300000, 0x0000000085300000|100%| O|  |TAMS 0x0000000085300000, 0x0000000085200000| Untracked 
|  83|0x0000000085300000, 0x0000000085400000, 0x0000000085400000|100%| O|  |TAMS 0x0000000085400000, 0x0000000085300000| Complete 
|  84|0x0000000085400000, 0x0000000085500000, 0x0000000085500000|100%|HS|  |TAMS 0x0000000085500000, 0x0000000085400000| Complete 
|  85|0x0000000085500000, 0x0000000085600000, 0x0000000085600000|100%|HC|  |TAMS 0x0000000085600000, 0x0000000085500000| Complete 
|  86|0x0000000085600000, 0x0000000085700000, 0x0000000085700000|100%|HC|  |TAMS 0x0000000085700000, 0x0000000085600000| Complete 
|  87|0x0000000085700000, 0x0000000085800000, 0x0000000085800000|100%|HS|  |TAMS 0x0000000085800000, 0x0000000085700000| Complete 
|  88|0x0000000085800000, 0x0000000085900000, 0x0000000085900000|100%|HC|  |TAMS 0x0000000085900000, 0x0000000085800000| Complete 
|  89|0x0000000085900000, 0x0000000085a00000, 0x0000000085a00000|100%|HC|  |TAMS 0x0000000085a00000, 0x0000000085900000| Complete 
|  90|0x0000000085a00000, 0x0000000085b00000, 0x0000000085b00000|100%|HC|  |TAMS 0x0000000085b00000, 0x0000000085a00000| Complete 
|  91|0x0000000085b00000, 0x0000000085c00000, 0x0000000085c00000|100%| O|  |TAMS 0x0000000085c00000, 0x0000000085b00000| Complete 
|  92|0x0000000085c00000, 0x0000000085d00000, 0x0000000085d00000|100%| O|  |TAMS 0x0000000085d00000, 0x0000000085c00000| Complete 
|  93|0x0000000085d00000, 0x0000000085e00000, 0x0000000085e00000|100%| O|  |TAMS 0x0000000085e00000, 0x0000000085d00000| Complete 
|  94|0x0000000085e00000, 0x0000000085f00000, 0x0000000085f00000|100%| O|  |TAMS 0x0000000085f00000, 0x0000000085e00000| Complete 
|  95|0x0000000085f00000, 0x0000000086000000, 0x0000000086000000|100%| O|  |TAMS 0x0000000086000000, 0x0000000085f00000| Untracked 
|  96|0x0000000086000000, 0x0000000086100000, 0x0000000086100000|100%| O|  |TAMS 0x0000000086100000, 0x0000000086000000| Complete 
|  97|0x0000000086100000, 0x0000000086200000, 0x0000000086200000|100%| O|  |TAMS 0x0000000086200000, 0x0000000086100000| Complete 
|  98|0x0000000086200000, 0x0000000086300000, 0x0000000086300000|100%| O|  |TAMS 0x0000000086300000, 0x0000000086200000| Untracked 
|  99|0x0000000086300000, 0x0000000086400000, 0x0000000086400000|100%| O|  |TAMS 0x0000000086400000, 0x0000000086300000| Complete 
| 100|0x0000000086400000, 0x0000000086500000, 0x0000000086500000|100%| O|  |TAMS 0x0000000086500000, 0x0000000086400000| Complete 
| 101|0x0000000086500000, 0x0000000086600000, 0x0000000086600000|100%| O|  |TAMS 0x0000000086600000, 0x0000000086500000| Complete 
| 102|0x0000000086600000, 0x0000000086700000, 0x0000000086700000|100%| O|  |TAMS 0x0000000086700000, 0x0000000086600000| Complete 
| 103|0x0000000086700000, 0x0000000086800000, 0x0000000086800000|100%| O|  |TAMS 0x0000000086800000, 0x0000000086700000| Complete 
| 104|0x0000000086800000, 0x0000000086900000, 0x0000000086900000|100%| O|  |TAMS 0x0000000086900000, 0x0000000086800000| Complete 
| 105|0x0000000086900000, 0x0000000086a00000, 0x0000000086a00000|100%| O|  |TAMS 0x0000000086a00000, 0x0000000086900000| Complete 
| 106|0x0000000086a00000, 0x0000000086b00000, 0x0000000086b00000|100%| O|  |TAMS 0x0000000086b00000, 0x0000000086a00000| Complete 
| 107|0x0000000086b00000, 0x0000000086c00000, 0x0000000086c00000|100%| O|  |TAMS 0x0000000086c00000, 0x0000000086b00000| Complete 
| 108|0x0000000086c00000, 0x0000000086d00000, 0x0000000086d00000|100%| O|  |TAMS 0x0000000086d00000, 0x0000000086c00000| Complete 
| 109|0x0000000086d00000, 0x0000000086e00000, 0x0000000086e00000|100%| O|  |TAMS 0x0000000086e00000, 0x0000000086d00000| Complete 
| 110|0x0000000086e00000, 0x0000000086f00000, 0x0000000086f00000|100%| O|  |TAMS 0x0000000086f00000, 0x0000000086e00000| Complete 
| 111|0x0000000086f00000, 0x0000000087000000, 0x0000000087000000|100%| O|  |TAMS 0x0000000087000000, 0x0000000086f00000| Untracked 
| 112|0x0000000087000000, 0x0000000087100000, 0x0000000087100000|100%| O|  |TAMS 0x0000000087100000, 0x0000000087000000| Complete 
| 113|0x0000000087100000, 0x0000000087200000, 0x0000000087200000|100%| O|  |TAMS 0x0000000087200000, 0x0000000087100000| Untracked 
| 114|0x0000000087200000, 0x0000000087300000, 0x0000000087300000|100%| O|  |TAMS 0x0000000087300000, 0x0000000087200000| Complete 
| 115|0x0000000087300000, 0x0000000087400000, 0x0000000087400000|100%| O|  |TAMS 0x0000000087400000, 0x0000000087300000| Complete 
| 116|0x0000000087400000, 0x0000000087500000, 0x0000000087500000|100%| O|  |TAMS 0x0000000087500000, 0x0000000087400000| Complete 
| 117|0x0000000087500000, 0x0000000087600000, 0x0000000087600000|100%| O|  |TAMS 0x0000000087600000, 0x0000000087500000| Complete 
| 118|0x0000000087600000, 0x0000000087700000, 0x0000000087700000|100%| O|  |TAMS 0x0000000087700000, 0x0000000087600000| Complete 
| 119|0x0000000087700000, 0x0000000087800000, 0x0000000087800000|100%| O|  |TAMS 0x0000000087800000, 0x0000000087700000| Complete 
| 120|0x0000000087800000, 0x0000000087900000, 0x0000000087900000|100%| O|  |TAMS 0x0000000087900000, 0x0000000087800000| Complete 
| 121|0x0000000087900000, 0x0000000087a00000, 0x0000000087a00000|100%| O|  |TAMS 0x0000000087a00000, 0x0000000087900000| Complete 
| 122|0x0000000087a00000, 0x0000000087b00000, 0x0000000087b00000|100%| O|  |TAMS 0x0000000087b00000, 0x0000000087a00000| Complete 
| 123|0x0000000087b00000, 0x0000000087c00000, 0x0000000087c00000|100%| O|  |TAMS 0x0000000087c00000, 0x0000000087b00000| Complete 
| 124|0x0000000087c00000, 0x0000000087d00000, 0x0000000087d00000|100%| O|  |TAMS 0x0000000087d00000, 0x0000000087c00000| Complete 
| 125|0x0000000087d00000, 0x0000000087e00000, 0x0000000087e00000|100%| O|  |TAMS 0x0000000087e00000, 0x0000000087d00000| Complete 
| 126|0x0000000087e00000, 0x0000000087f00000, 0x0000000087f00000|100%| O|  |TAMS 0x0000000087f00000, 0x0000000087e00000| Complete 
| 127|0x0000000087f00000, 0x0000000088000000, 0x0000000088000000|100%| O|  |TAMS 0x0000000088000000, 0x0000000087f00000| Complete 
| 128|0x0000000088000000, 0x0000000088100000, 0x0000000088100000|100%| O|  |TAMS 0x0000000088100000, 0x0000000088000000| Complete 
| 129|0x0000000088100000, 0x0000000088200000, 0x0000000088200000|100%| O|  |TAMS 0x0000000088200000, 0x0000000088100000| Complete 
| 130|0x0000000088200000, 0x0000000088300000, 0x0000000088300000|100%| O|  |TAMS 0x0000000088300000, 0x0000000088200000| Complete 
| 131|0x0000000088300000, 0x0000000088400000, 0x0000000088400000|100%| O|  |TAMS 0x0000000088400000, 0x0000000088300000| Complete 
| 132|0x0000000088400000, 0x0000000088400000, 0x0000000088500000|  0%| F|  |TAMS 0x0000000088400000, 0x0000000088400000| Untracked 
| 133|0x0000000088500000, 0x0000000088500000, 0x0000000088600000|  0%| F|  |TAMS 0x0000000088500000, 0x0000000088500000| Untracked 
| 134|0x0000000088600000, 0x0000000088600000, 0x0000000088700000|  0%| F|  |TAMS 0x0000000088600000, 0x0000000088600000| Untracked 
| 135|0x0000000088700000, 0x0000000088700000, 0x0000000088800000|  0%| F|  |TAMS 0x0000000088700000, 0x0000000088700000| Untracked 
| 136|0x0000000088800000, 0x0000000088800000, 0x0000000088900000|  0%| F|  |TAMS 0x0000000088800000, 0x0000000088800000| Untracked 
| 137|0x0000000088900000, 0x0000000088900000, 0x0000000088a00000|  0%| F|  |TAMS 0x0000000088900000, 0x0000000088900000| Untracked 
| 138|0x0000000088a00000, 0x0000000088a00000, 0x0000000088b00000|  0%| F|  |TAMS 0x0000000088a00000, 0x0000000088a00000| Untracked 
| 139|0x0000000088b00000, 0x0000000088b00000, 0x0000000088c00000|  0%| F|  |TAMS 0x0000000088b00000, 0x0000000088b00000| Untracked 
| 140|0x0000000088c00000, 0x0000000088c00000, 0x0000000088d00000|  0%| F|  |TAMS 0x0000000088c00000, 0x0000000088c00000| Untracked 
| 141|0x0000000088d00000, 0x0000000088d00000, 0x0000000088e00000|  0%| F|  |TAMS 0x0000000088d00000, 0x0000000088d00000| Untracked 
| 142|0x0000000088e00000, 0x0000000088e00000, 0x0000000088f00000|  0%| F|  |TAMS 0x0000000088e00000, 0x0000000088e00000| Untracked 
| 143|0x0000000088f00000, 0x0000000088f00000, 0x0000000089000000|  0%| F|  |TAMS 0x0000000088f00000, 0x0000000088f00000| Untracked 
| 144|0x0000000089000000, 0x0000000089000000, 0x0000000089100000|  0%| F|  |TAMS 0x0000000089000000, 0x0000000089000000| Untracked 
| 145|0x0000000089100000, 0x0000000089100000, 0x0000000089200000|  0%| F|  |TAMS 0x0000000089100000, 0x0000000089100000| Untracked 
| 146|0x0000000089200000, 0x0000000089200000, 0x0000000089300000|  0%| F|  |TAMS 0x0000000089200000, 0x0000000089200000| Untracked 
| 147|0x0000000089300000, 0x0000000089300000, 0x0000000089400000|  0%| F|  |TAMS 0x0000000089300000, 0x0000000089300000| Untracked 
| 148|0x0000000089400000, 0x0000000089400000, 0x0000000089500000|  0%| F|  |TAMS 0x0000000089400000, 0x0000000089400000| Untracked 
| 149|0x0000000089500000, 0x0000000089500000, 0x0000000089600000|  0%| F|  |TAMS 0x0000000089500000, 0x0000000089500000| Untracked 
| 150|0x0000000089600000, 0x0000000089600000, 0x0000000089700000|  0%| F|  |TAMS 0x0000000089600000, 0x0000000089600000| Untracked 
| 151|0x0000000089700000, 0x0000000089700000, 0x0000000089800000|  0%| F|  |TAMS 0x0000000089700000, 0x0000000089700000| Untracked 
| 152|0x0000000089800000, 0x0000000089800000, 0x0000000089900000|  0%| F|  |TAMS 0x0000000089800000, 0x0000000089800000| Untracked 
| 153|0x0000000089900000, 0x0000000089900000, 0x0000000089a00000|  0%| F|  |TAMS 0x0000000089900000, 0x0000000089900000| Untracked 
| 154|0x0000000089a00000, 0x0000000089a47c90, 0x0000000089b00000| 28%| S|CS|TAMS 0x0000000089a00000, 0x0000000089a00000| Complete 
| 155|0x0000000089b00000, 0x0000000089b00000, 0x0000000089c00000|  0%| F|  |TAMS 0x0000000089b00000, 0x0000000089b00000| Untracked 
| 156|0x0000000089c00000, 0x0000000089c00000, 0x0000000089d00000|  0%| F|  |TAMS 0x0000000089c00000, 0x0000000089c00000| Untracked 
| 157|0x0000000089d00000, 0x0000000089e00000, 0x0000000089e00000|100%| S|CS|TAMS 0x0000000089d00000, 0x0000000089d00000| Complete 
| 158|0x0000000089e00000, 0x0000000089e00000, 0x0000000089f00000|  0%| F|  |TAMS 0x0000000089e00000, 0x0000000089e00000| Untracked 
| 159|0x0000000089f00000, 0x000000008a000000, 0x000000008a000000|100%| S|CS|TAMS 0x0000000089f00000, 0x0000000089f00000| Complete 
| 160|0x000000008a000000, 0x000000008a100000, 0x000000008a100000|100%| S|CS|TAMS 0x000000008a000000, 0x000000008a000000| Complete 
| 161|0x000000008a100000, 0x000000008a200000, 0x000000008a200000|100%| S|CS|TAMS 0x000000008a100000, 0x000000008a100000| Complete 
| 162|0x000000008a200000, 0x000000008a300000, 0x000000008a300000|100%| S|CS|TAMS 0x000000008a200000, 0x000000008a200000| Complete 
| 163|0x000000008a300000, 0x000000008a400000, 0x000000008a400000|100%| S|CS|TAMS 0x000000008a300000, 0x000000008a300000| Complete 
| 164|0x000000008a400000, 0x000000008a400000, 0x000000008a500000|  0%| F|  |TAMS 0x000000008a400000, 0x000000008a400000| Untracked 
| 165|0x000000008a500000, 0x000000008a500000, 0x000000008a600000|  0%| F|  |TAMS 0x000000008a500000, 0x000000008a500000| Untracked 
| 166|0x000000008a600000, 0x000000008a600000, 0x000000008a700000|  0%| F|  |TAMS 0x000000008a600000, 0x000000008a600000| Untracked 
| 167|0x000000008a700000, 0x000000008a700000, 0x000000008a800000|  0%| F|  |TAMS 0x000000008a700000, 0x000000008a700000| Untracked 
| 168|0x000000008a800000, 0x000000008a900000, 0x000000008a900000|100%| S|CS|TAMS 0x000000008a800000, 0x000000008a800000| Complete 
| 169|0x000000008a900000, 0x000000008a900000, 0x000000008aa00000|  0%| F|  |TAMS 0x000000008a900000, 0x000000008a900000| Untracked 
| 170|0x000000008aa00000, 0x000000008aa00000, 0x000000008ab00000|  0%| F|  |TAMS 0x000000008aa00000, 0x000000008aa00000| Untracked 
| 171|0x000000008ab00000, 0x000000008ab00000, 0x000000008ac00000|  0%| F|  |TAMS 0x000000008ab00000, 0x000000008ab00000| Untracked 
| 172|0x000000008ac00000, 0x000000008ac00000, 0x000000008ad00000|  0%| F|  |TAMS 0x000000008ac00000, 0x000000008ac00000| Untracked 
| 173|0x000000008ad00000, 0x000000008ad00000, 0x000000008ae00000|  0%| F|  |TAMS 0x000000008ad00000, 0x000000008ad00000| Untracked 
| 174|0x000000008ae00000, 0x000000008ae00000, 0x000000008af00000|  0%| F|  |TAMS 0x000000008ae00000, 0x000000008ae00000| Untracked 
| 175|0x000000008af00000, 0x000000008af00000, 0x000000008b000000|  0%| F|  |TAMS 0x000000008af00000, 0x000000008af00000| Untracked 
| 176|0x000000008b000000, 0x000000008b000000, 0x000000008b100000|  0%| F|  |TAMS 0x000000008b000000, 0x000000008b000000| Untracked 
| 177|0x000000008b100000, 0x000000008b100000, 0x000000008b200000|  0%| F|  |TAMS 0x000000008b100000, 0x000000008b100000| Untracked 
| 178|0x000000008b200000, 0x000000008b200000, 0x000000008b300000|  0%| F|  |TAMS 0x000000008b200000, 0x000000008b200000| Untracked 
| 179|0x000000008b300000, 0x000000008b300000, 0x000000008b400000|  0%| F|  |TAMS 0x000000008b300000, 0x000000008b300000| Untracked 
| 180|0x000000008b400000, 0x000000008b400000, 0x000000008b500000|  0%| F|  |TAMS 0x000000008b400000, 0x000000008b400000| Untracked 
| 181|0x000000008b500000, 0x000000008b500000, 0x000000008b600000|  0%| F|  |TAMS 0x000000008b500000, 0x000000008b500000| Untracked 
| 182|0x000000008b600000, 0x000000008b600000, 0x000000008b700000|  0%| F|  |TAMS 0x000000008b600000, 0x000000008b600000| Untracked 
| 183|0x000000008b700000, 0x000000008b700000, 0x000000008b800000|  0%| F|  |TAMS 0x000000008b700000, 0x000000008b700000| Untracked 
| 184|0x000000008b800000, 0x000000008b800000, 0x000000008b900000|  0%| F|  |TAMS 0x000000008b800000, 0x000000008b800000| Untracked 
| 185|0x000000008b900000, 0x000000008b900000, 0x000000008ba00000|  0%| F|  |TAMS 0x000000008b900000, 0x000000008b900000| Untracked 
| 186|0x000000008ba00000, 0x000000008ba00000, 0x000000008bb00000|  0%| F|  |TAMS 0x000000008ba00000, 0x000000008ba00000| Untracked 
| 187|0x000000008bb00000, 0x000000008bb00000, 0x000000008bc00000|  0%| F|  |TAMS 0x000000008bb00000, 0x000000008bb00000| Untracked 
| 188|0x000000008bc00000, 0x000000008bc00000, 0x000000008bd00000|  0%| F|  |TAMS 0x000000008bc00000, 0x000000008bc00000| Untracked 
| 189|0x000000008bd00000, 0x000000008bd00000, 0x000000008be00000|  0%| F|  |TAMS 0x000000008bd00000, 0x000000008bd00000| Untracked 
| 190|0x000000008be00000, 0x000000008be00000, 0x000000008bf00000|  0%| F|  |TAMS 0x000000008be00000, 0x000000008be00000| Untracked 
| 191|0x000000008bf00000, 0x000000008bf00000, 0x000000008c000000|  0%| F|  |TAMS 0x000000008bf00000, 0x000000008bf00000| Untracked 
| 192|0x000000008c000000, 0x000000008c000000, 0x000000008c100000|  0%| F|  |TAMS 0x000000008c000000, 0x000000008c000000| Untracked 
| 193|0x000000008c100000, 0x000000008c100000, 0x000000008c200000|  0%| F|  |TAMS 0x000000008c100000, 0x000000008c100000| Untracked 
| 194|0x000000008c200000, 0x000000008c2e7610, 0x000000008c300000| 90%| E|  |TAMS 0x000000008c200000, 0x000000008c200000| Complete 
| 195|0x000000008c300000, 0x000000008c400000, 0x000000008c400000|100%| E|CS|TAMS 0x000000008c300000, 0x000000008c300000| Complete 
| 196|0x000000008c400000, 0x000000008c500000, 0x000000008c500000|100%| E|CS|TAMS 0x000000008c400000, 0x000000008c400000| Complete 
| 197|0x000000008c500000, 0x000000008c600000, 0x000000008c600000|100%| E|CS|TAMS 0x000000008c500000, 0x000000008c500000| Complete 
| 198|0x000000008c600000, 0x000000008c700000, 0x000000008c700000|100%| E|CS|TAMS 0x000000008c600000, 0x000000008c600000| Complete 
| 199|0x000000008c700000, 0x000000008c800000, 0x000000008c800000|100%| E|CS|TAMS 0x000000008c700000, 0x000000008c700000| Complete 
| 200|0x000000008c800000, 0x000000008c900000, 0x000000008c900000|100%| E|CS|TAMS 0x000000008c800000, 0x000000008c800000| Complete 
| 201|0x000000008c900000, 0x000000008ca00000, 0x000000008ca00000|100%| E|  |TAMS 0x000000008c900000, 0x000000008c900000| Complete 
| 202|0x000000008ca00000, 0x000000008cb00000, 0x000000008cb00000|100%| E|CS|TAMS 0x000000008ca00000, 0x000000008ca00000| Complete 
| 203|0x000000008cb00000, 0x000000008cc00000, 0x000000008cc00000|100%| E|CS|TAMS 0x000000008cb00000, 0x000000008cb00000| Complete 
| 204|0x000000008cc00000, 0x000000008cd00000, 0x000000008cd00000|100%| E|CS|TAMS 0x000000008cc00000, 0x000000008cc00000| Complete 
| 205|0x000000008cd00000, 0x000000008ce00000, 0x000000008ce00000|100%| E|CS|TAMS 0x000000008cd00000, 0x000000008cd00000| Complete 
| 206|0x000000008ce00000, 0x000000008cf00000, 0x000000008cf00000|100%| E|CS|TAMS 0x000000008ce00000, 0x000000008ce00000| Complete 
| 207|0x000000008cf00000, 0x000000008d000000, 0x000000008d000000|100%| E|CS|TAMS 0x000000008cf00000, 0x000000008cf00000| Complete 
| 208|0x000000008d000000, 0x000000008d100000, 0x000000008d100000|100%| E|CS|TAMS 0x000000008d000000, 0x000000008d000000| Complete 
| 209|0x000000008d100000, 0x000000008d200000, 0x000000008d200000|100%| E|CS|TAMS 0x000000008d100000, 0x000000008d100000| Complete 
| 210|0x000000008d200000, 0x000000008d300000, 0x000000008d300000|100%| E|CS|TAMS 0x000000008d200000, 0x000000008d200000| Complete 
| 211|0x000000008d300000, 0x000000008d400000, 0x000000008d400000|100%| E|CS|TAMS 0x000000008d300000, 0x000000008d300000| Complete 
| 212|0x000000008d400000, 0x000000008d500000, 0x000000008d500000|100%| E|CS|TAMS 0x000000008d400000, 0x000000008d400000| Complete 
| 213|0x000000008d500000, 0x000000008d600000, 0x000000008d600000|100%| E|CS|TAMS 0x000000008d500000, 0x000000008d500000| Complete 
| 214|0x000000008d600000, 0x000000008d700000, 0x000000008d700000|100%| E|CS|TAMS 0x000000008d600000, 0x000000008d600000| Complete 
| 215|0x000000008d700000, 0x000000008d800000, 0x000000008d800000|100%| E|CS|TAMS 0x000000008d700000, 0x000000008d700000| Complete 
| 216|0x000000008d800000, 0x000000008d900000, 0x000000008d900000|100%| E|CS|TAMS 0x000000008d800000, 0x000000008d800000| Complete 
| 217|0x000000008d900000, 0x000000008da00000, 0x000000008da00000|100%| E|CS|TAMS 0x000000008d900000, 0x000000008d900000| Complete 
| 218|0x000000008da00000, 0x000000008db00000, 0x000000008db00000|100%| E|CS|TAMS 0x000000008da00000, 0x000000008da00000| Complete 
| 219|0x000000008db00000, 0x000000008dc00000, 0x000000008dc00000|100%| E|CS|TAMS 0x000000008db00000, 0x000000008db00000| Complete 

Card table byte_map: [0x0000015050c00000,0x0000015051000000] _byte_map_base: 0x0000015050800000

Marking Bits (Prev, Next): (CMBitMap*) 0x000001503da11588, (CMBitMap*) 0x000001503da115c0
 Prev Bits: [0x0000015051400000, 0x0000015053400000)
 Next Bits: [0x0000015053400000, 0x0000015055400000)

Polling page: 0x000001503d1b0000

Metaspace:

Usage:
  Non-class:     96.94 MB capacity,    95.13 MB ( 98%) used,     1.49 MB (  2%) free+waste,   326.19 KB ( <1%) overhead. 
      Class:     14.56 MB capacity,    13.56 MB ( 93%) used,   878.81 KB (  6%) free+waste,   145.13 KB ( <1%) overhead. 
       Both:    111.50 MB capacity,   108.69 MB ( 97%) used,     2.35 MB (  2%) free+waste,   471.31 KB ( <1%) overhead. 

Virtual space:
  Non-class space:       98.00 MB reserved,      97.48 MB (>99%) committed 
      Class space:        1.00 GB reserved,      14.88 MB (  1%) committed 
             Both:        1.10 GB reserved,     112.36 MB ( 10%) committed 

Chunk freelists:
   Non-Class:  494.00 KB
       Class:  225.00 KB
        Both:  719.00 KB

MaxMetaspaceSize: 17179869184.00 GB
CompressedClassSpaceSize: 1.00 GB

CodeHeap 'non-profiled nmethods': size=120000Kb used=9445Kb max_used=9445Kb free=110554Kb
 bounds [0x0000015048fa0000, 0x00000150498e0000, 0x00000150504d0000]
CodeHeap 'profiled nmethods': size=120000Kb used=33459Kb max_used=33459Kb free=86540Kb
 bounds [0x0000015041a70000, 0x0000015043b20000, 0x0000015048fa0000]
CodeHeap 'non-nmethods': size=5760Kb used=2323Kb max_used=2397Kb free=3437Kb
 bounds [0x00000150414d0000, 0x0000015041740000, 0x0000015041a70000]
 total_blobs=16189 nmethods=15253 adapters=847
 compilation: enabled
              stopped_count=0, restarted_count=0
 full_count=0

Compilation events (20 events):
Event: 1959.547 Thread 0x00000150587cb000 nmethod 15398 0x00000150498d6310 code [0x00000150498d6540, 0x00000150498d74b8]
Event: 1959.547 Thread 0x00000150587cb000 15395       4       java.util.LinkedHashMap::entrySet (27 bytes)
Event: 1959.548 Thread 0x00000150587cb000 nmethod 15395 0x00000150498d7c90 code [0x00000150498d7e20, 0x00000150498d7fd8]
Event: 1959.548 Thread 0x00000150587cb000 15383       4       org.gradle.internal.Try$Success::getOrMapFailure (5 bytes)
Event: 1959.548 Thread 0x00000150587cb000 nmethod 15383 0x00000150498d8090 code [0x00000150498d8220, 0x00000150498d8298]
Event: 1962.316 Thread 0x00000150587cb000 15401   !   4       java.lang.ref.ReferenceQueue::enqueue (119 bytes)
Event: 1962.729 Thread 0x00000150587cb000 nmethod 15401 0x00000150498d8310 code [0x00000150498d84e0, 0x00000150498d8b98]
Event: 1962.730 Thread 0x00000150587cb000 15402   !   4       java.util.concurrent.ArrayBlockingQueue::poll (83 bytes)
Event: 1962.730 Thread 0x00000150587d0000 15405       3       org.gradle.internal.snapshot.SnapshotUtil$2::handleAsAncestorOfChild (10 bytes)
Event: 1962.880 Thread 0x00000150587d0000 nmethod 15405 0x0000015043b19690 code [0x0000015043b19860, 0x0000015043b19ad8]
Event: 1962.880 Thread 0x00000150587d0000 15406       3       org.gradle.internal.snapshot.SnapshotUtil$2::handleAsAncestorOfChild (2 bytes)
Event: 1962.880 Thread 0x00000150587d0000 nmethod 15406 0x0000015043b19b90 code [0x0000015043b19d40, 0x0000015043b19e38]
Event: 1962.880 Thread 0x00000150587d0000 15408       3       org.gradle.api.internal.artifacts.transform.DefaultTransformOutputs::<init> (109 bytes)
Event: 1962.902 Thread 0x00000150587d0000 nmethod 15408 0x0000015043b19f10 code [0x0000015043b1a360, 0x0000015043b1c4b8]
Event: 1962.935 Thread 0x00000150587d0000 15411       1       org.gradle.internal.watch.registry.impl.DefaultFileWatcherRegistry::access$100 (5 bytes)
Event: 1962.936 Thread 0x00000150587d0000 nmethod 15411 0x00000150498d8d90 code [0x00000150498d8f40, 0x00000150498d8fd8]
Event: 1962.936 Thread 0x00000150587d0000 15412       1       org.gradle.internal.watch.vfs.impl.WatchingVirtualFileSystem::access$000 (5 bytes)
Event: 1962.936 Thread 0x00000150587d0000 nmethod 15412 0x00000150498d9090 code [0x00000150498d9240, 0x00000150498d92d8]
Event: 1962.936 Thread 0x00000150587d0000 15413       1       org.gradle.internal.watch.vfs.impl.WatchingVirtualFileSystem::access$100 (5 bytes)
Event: 1962.936 Thread 0x00000150587d0000 nmethod 15413 0x00000150498d9390 code [0x00000150498d9540, 0x00000150498d95d8]

GC Heap History (20 events):
Event: 9.751 GC heap before
{Heap before GC invocations=29 (full 0):
 garbage-first heap   total 187392K, used 152426K [0x0000000080000000, 0x0000000100000000)
  region size 1024K, 47 young (48128K), 3 survivors (3072K)
 Metaspace       used 93949K, capacity 96153K, committed 96240K, reserved 1132544K
  class space    used 12031K, capacity 12797K, committed 12800K, reserved 1048576K
}
Event: 9.756 GC heap after
{Heap after GC invocations=30 (full 0):
 garbage-first heap   total 225280K, used 108950K [0x0000000080000000, 0x0000000100000000)
  region size 1024K, 5 young (5120K), 5 survivors (5120K)
 Metaspace       used 93949K, capacity 96153K, committed 96240K, reserved 1132544K
  class space    used 12031K, capacity 12797K, committed 12800K, reserved 1048576K
}
Event: 10.348 GC heap before
{Heap before GC invocations=30 (full 0):
 garbage-first heap   total 225280K, used 166294K [0x0000000080000000, 0x0000000100000000)
  region size 1024K, 62 young (63488K), 5 survivors (5120K)
 Metaspace       used 97884K, capacity 100561K, committed 100592K, reserved 1136640K
  class space    used 12642K, capacity 13552K, committed 13568K, reserved 1048576K
}
Event: 10.355 GC heap after
{Heap after GC invocations=31 (full 0):
 garbage-first heap   total 225280K, used 113672K [0x0000000080000000, 0x0000000100000000)
  region size 1024K, 7 young (7168K), 7 survivors (7168K)
 Metaspace       used 97884K, capacity 100561K, committed 100592K, reserved 1136640K
  class space    used 12642K, capacity 13552K, committed 13568K, reserved 1048576K
}
Event: 10.925 GC heap before
{Heap before GC invocations=32 (full 0):
 garbage-first heap   total 225280K, used 171016K [0x0000000080000000, 0x0000000100000000)
  region size 1024K, 64 young (65536K), 7 survivors (7168K)
 Metaspace       used 99045K, capacity 101728K, committed 102000K, reserved 1138688K
  class space    used 12747K, capacity 13674K, committed 13696K, reserved 1048576K
}
Event: 10.932 GC heap after
{Heap after GC invocations=33 (full 0):
 garbage-first heap   total 225280K, used 117448K [0x0000000080000000, 0x0000000100000000)
  region size 1024K, 5 young (5120K), 5 survivors (5120K)
 Metaspace       used 99045K, capacity 101728K, committed 102000K, reserved 1138688K
  class space    used 12747K, capacity 13674K, committed 13696K, reserved 1048576K
}
Event: 11.804 GC heap before
{Heap before GC invocations=33 (full 0):
 garbage-first heap   total 225280K, used 174792K [0x0000000080000000, 0x0000000100000000)
  region size 1024K, 62 young (63488K), 5 survivors (5120K)
 Metaspace       used 104364K, capacity 107271K, committed 107504K, reserved 1142784K
  class space    used 13424K, capacity 14517K, committed 14592K, reserved 1048576K
}
Event: 11.813 GC heap after
{Heap after GC invocations=34 (full 0):
 garbage-first heap   total 225280K, used 120487K [0x0000000080000000, 0x0000000100000000)
  region size 1024K, 8 young (8192K), 8 survivors (8192K)
 Metaspace       used 104364K, capacity 107271K, committed 107504K, reserved 1142784K
  class space    used 13424K, capacity 14517K, committed 14592K, reserved 1048576K
}
Event: 49.283 GC heap before
{Heap before GC invocations=35 (full 0):
 garbage-first heap   total 225280K, used 178855K [0x0000000080000000, 0x0000000100000000)
  region size 1024K, 66 young (67584K), 8 survivors (8192K)
 Metaspace       used 107912K, capacity 110920K, committed 111472K, reserved 1146880K
  class space    used 13625K, capacity 14750K, committed 14976K, reserved 1048576K
}
Event: 49.291 GC heap after
{Heap after GC invocations=36 (full 0):
 garbage-first heap   total 225280K, used 125550K [0x0000000080000000, 0x0000000100000000)
  region size 1024K, 9 young (9216K), 9 survivors (9216K)
 Metaspace       used 107912K, capacity 110920K, committed 111472K, reserved 1146880K
  class space    used 13625K, capacity 14750K, committed 14976K, reserved 1048576K
}
Event: 50.000 GC heap before
{Heap before GC invocations=36 (full 0):
 garbage-first heap   total 225280K, used 181870K [0x0000000080000000, 0x0000000100000000)
  region size 1024K, 65 young (66560K), 9 survivors (9216K)
 Metaspace       used 108344K, capacity 111424K, committed 111728K, reserved 1146880K
  class space    used 13642K, capacity 14775K, committed 14976K, reserved 1048576K
}
Event: 50.010 GC heap after
{Heap after GC invocations=37 (full 0):
 garbage-first heap   total 225280K, used 130267K [0x0000000080000000, 0x0000000100000000)
  region size 1024K, 5 young (5120K), 5 survivors (5120K)
 Metaspace       used 108344K, capacity 111424K, committed 111728K, reserved 1146880K
  class space    used 13642K, capacity 14775K, committed 14976K, reserved 1048576K
}
Event: 50.629 GC heap before
{Heap before GC invocations=38 (full 0):
 garbage-first heap   total 225280K, used 184319K [0x0000000080000000, 0x0000000100000000)
  region size 1024K, 59 young (60416K), 5 survivors (5120K)
 Metaspace       used 108475K, capacity 111509K, committed 111984K, reserved 1146880K
  class space    used 13643K, capacity 14775K, committed 14976K, reserved 1048576K
}
Event: 50.634 GC heap after
{Heap after GC invocations=39 (full 0):
 garbage-first heap   total 225280K, used 131985K [0x0000000080000000, 0x0000000100000000)
  region size 1024K, 3 young (3072K), 3 survivors (3072K)
 Metaspace       used 108475K, capacity 111509K, committed 111984K, reserved 1146880K
  class space    used 13643K, capacity 14775K, committed 14976K, reserved 1048576K
}
Event: 50.957 GC heap before
{Heap before GC invocations=39 (full 0):
 garbage-first heap   total 225280K, used 186257K [0x0000000080000000, 0x0000000100000000)
  region size 1024K, 57 young (58368K), 3 survivors (3072K)
 Metaspace       used 108749K, capacity 111848K, committed 112240K, reserved 1146880K
  class space    used 13654K, capacity 14790K, committed 14976K, reserved 1048576K
}
Event: 50.963 GC heap after
{Heap after GC invocations=40 (full 0):
 garbage-first heap   total 225280K, used 135691K [0x0000000080000000, 0x0000000100000000)
  region size 1024K, 6 young (6144K), 6 survivors (6144K)
 Metaspace       used 108749K, capacity 111848K, committed 112240K, reserved 1146880K
  class space    used 13654K, capacity 14790K, committed 14976K, reserved 1048576K
}
Event: 1955.529 GC heap before
{Heap before GC invocations=41 (full 0):
 garbage-first heap   total 225280K, used 188939K [0x0000000080000000, 0x0000000100000000)
  region size 1024K, 58 young (59392K), 6 survivors (6144K)
 Metaspace       used 109129K, capacity 112132K, committed 112496K, reserved 1146880K
  class space    used 13656K, capacity 14791K, committed 14976K, reserved 1048576K
}
Event: 1955.692 GC heap after
{Heap after GC invocations=42 (full 0):
 garbage-first heap   total 225280K, used 137739K [0x0000000080000000, 0x0000000100000000)
  region size 1024K, 7 young (7168K), 7 survivors (7168K)
 Metaspace       used 109129K, capacity 112132K, committed 112496K, reserved 1146880K
  class space    used 13656K, capacity 14791K, committed 14976K, reserved 1048576K
}
Event: 1958.357 GC heap before
{Heap before GC invocations=42 (full 0):
 garbage-first heap   total 225280K, used 188939K [0x0000000080000000, 0x0000000100000000)
  region size 1024K, 58 young (59392K), 7 survivors (7168K)
 Metaspace       used 111588K, capacity 114671K, committed 114800K, reserved 1148928K
  class space    used 13990K, capacity 15128K, committed 15232K, reserved 1048576K
}
Event: 1958.417 GC heap after
{Heap after GC invocations=43 (full 0):
 garbage-first heap   total 225280K, used 142766K [0x0000000080000000, 0x0000000100000000)
  region size 1024K, 8 young (8192K), 8 survivors (8192K)
 Metaspace       used 111588K, capacity 114671K, committed 114800K, reserved 1148928K
  class space    used 13990K, capacity 15128K, committed 15232K, reserved 1048576K
}

Deoptimization events (20 events):
Event: 1958.804 Thread 0x0000015061b96800 DEOPT PACKING pc=0x00000150495ef61c sp=0x0000000cee3f8080
Event: 1958.804 Thread 0x0000015061b96800 DEOPT UNPACKING pc=0x00000150414f662f sp=0x0000000cee3f8020 mode 2
Event: 1958.805 Thread 0x0000015061b96800 Uncommon trap: trap_request=0xffffffbe fr.pc=0x00000150497eea2c relative=0x0000000000000cec
Event: 1958.805 Thread 0x0000015061b96800 Uncommon trap: reason=profile_predicate action=maybe_recompile pc=0x00000150497eea2c method=org.gradle.internal.snapshot.AbstractListChildMap.visitChildren(Ljava/util/function/BiConsumer;)V @ 16 c2
Event: 1958.805 Thread 0x0000015061b96800 DEOPT PACKING pc=0x00000150497eea2c sp=0x0000000cee3f8cf0
Event: 1958.805 Thread 0x0000015061b96800 DEOPT UNPACKING pc=0x00000150414f662f sp=0x0000000cee3f8ce0 mode 2
Event: 1958.806 Thread 0x000001505c0ce000 DEOPT PACKING pc=0x0000015042ff979d sp=0x0000000ce8cfe370
Event: 1958.806 Thread 0x000001505c0ce000 DEOPT UNPACKING pc=0x00000150414f6dde sp=0x0000000ce8cfd838 mode 0
Event: 1958.812 Thread 0x0000015064694000 Uncommon trap: trap_request=0xffffffbe fr.pc=0x00000150497eea2c relative=0x0000000000000cec
Event: 1958.812 Thread 0x0000015064694000 Uncommon trap: reason=profile_predicate action=maybe_recompile pc=0x00000150497eea2c method=org.gradle.internal.snapshot.AbstractListChildMap.visitChildren(Ljava/util/function/BiConsumer;)V @ 16 c2
Event: 1958.812 Thread 0x0000015064694000 DEOPT PACKING pc=0x00000150497eea2c sp=0x0000000ce8efc410
Event: 1958.812 Thread 0x000001506468d800 Uncommon trap: trap_request=0xffffffbe fr.pc=0x00000150497eea2c relative=0x0000000000000cec
Event: 1958.812 Thread 0x000001506468d800 Uncommon trap: reason=profile_predicate action=maybe_recompile pc=0x00000150497eea2c method=org.gradle.internal.snapshot.AbstractListChildMap.visitChildren(Ljava/util/function/BiConsumer;)V @ 16 c2
Event: 1958.812 Thread 0x000001506468d800 DEOPT PACKING pc=0x00000150497eea2c sp=0x0000000ce8afc7a0
Event: 1958.812 Thread 0x000001506468d800 DEOPT UNPACKING pc=0x00000150414f662f sp=0x0000000ce8afc790 mode 2
Event: 1958.812 Thread 0x000001506468d800 Uncommon trap: trap_request=0xffffffbe fr.pc=0x00000150497eea2c relative=0x0000000000000cec
Event: 1958.812 Thread 0x000001506468d800 Uncommon trap: reason=profile_predicate action=maybe_recompile pc=0x00000150497eea2c method=org.gradle.internal.snapshot.AbstractListChildMap.visitChildren(Ljava/util/function/BiConsumer;)V @ 16 c2
Event: 1958.812 Thread 0x000001506468d800 DEOPT PACKING pc=0x00000150497eea2c sp=0x0000000ce8afc6a0
Event: 1958.812 Thread 0x000001506468d800 DEOPT UNPACKING pc=0x00000150414f662f sp=0x0000000ce8afc690 mode 2
Event: 1958.812 Thread 0x0000015064694000 DEOPT UNPACKING pc=0x00000150414f662f sp=0x0000000ce8efc400 mode 2

Classes redefined (0 events):
No events

Internal exceptions (20 events):
Event: 1956.818 Thread 0x000001506468a800 Implicit null exception at 0x000001504984bff8 to 0x000001504984c8fc
Event: 1957.115 Thread 0x000001506468a800 Exception <a 'java/lang/NoSuchMethodError'{0x000000008c1389b8}: 'java.lang.Object java.lang.invoke.Invokers$Holder.linkToTargetMethod(java.lang.Object, int, int, java.lang.Object)'> (0x000000008c1389b8) thrown at [./src/hotspot/share/interpreter/linkResolver.cpp, line 773]
Event: 1957.184 Thread 0x000001506468a800 Exception <a 'sun/nio/fs/WindowsException'{0x000000008bf470c8}> (0x000000008bf470c8) thrown at [./src/hotspot/share/prims/jni.cpp, line 615]
Event: 1957.240 Thread 0x000001506468a800 Exception <a 'sun/nio/fs/WindowsException'{0x000000008bfeacd8}> (0x000000008bfeacd8) thrown at [./src/hotspot/share/prims/jni.cpp, line 615]
Event: 1957.240 Thread 0x000001506468a800 Exception <a 'sun/nio/fs/WindowsException'{0x000000008bfec050}> (0x000000008bfec050) thrown at [./src/hotspot/share/prims/jni.cpp, line 615]
Event: 1957.241 Thread 0x000001506468a800 Exception <a 'sun/nio/fs/WindowsException'{0x000000008bfed418}> (0x000000008bfed418) thrown at [./src/hotspot/share/prims/jni.cpp, line 615]
Event: 1957.241 Thread 0x000001506468a800 Exception <a 'sun/nio/fs/WindowsException'{0x000000008bfee7e0}> (0x000000008bfee7e0) thrown at [./src/hotspot/share/prims/jni.cpp, line 615]
Event: 1957.717 Thread 0x000001506468a800 Exception <a 'java/lang/NoSuchMethodError'{0x000000008b200b50}: <clinit>> (0x000000008b200b50) thrown at [./src/hotspot/share/prims/jni.cpp, line 1362]
Event: 1957.742 Thread 0x000001506468a800 Exception <a 'sun/nio/fs/WindowsException'{0x000000008b2841c8}> (0x000000008b2841c8) thrown at [./src/hotspot/share/prims/jni.cpp, line 615]
Event: 1957.851 Thread 0x000001506468c000 Exception <a 'java/lang/NoSuchMethodError'{0x000000008b052168}: <clinit>> (0x000000008b052168) thrown at [./src/hotspot/share/prims/jni.cpp, line 1362]
Event: 1957.852 Thread 0x000001506468c000 Exception <a 'java/lang/NoSuchMethodError'{0x000000008b0602a0}: <clinit>> (0x000000008b0602a0) thrown at [./src/hotspot/share/prims/jni.cpp, line 1362]
Event: 1957.863 Thread 0x000001506468c000 Exception <a 'java/lang/NoSuchMethodError'{0x000000008b09da90}: <clinit>> (0x000000008b09da90) thrown at [./src/hotspot/share/prims/jni.cpp, line 1362]
Event: 1957.864 Thread 0x000001506468c000 Exception <a 'java/lang/NoSuchMethodError'{0x000000008b0bdcf0}: <clinit>> (0x000000008b0bdcf0) thrown at [./src/hotspot/share/prims/jni.cpp, line 1362]
Event: 1957.864 Thread 0x000001506468c000 Exception <a 'java/lang/NoSuchMethodError'{0x000000008b0bf250}: <clinit>> (0x000000008b0bf250) thrown at [./src/hotspot/share/prims/jni.cpp, line 1362]
Event: 1957.944 Thread 0x0000015061b95000 Exception <a 'java/lang/NoSuchMethodError'{0x000000008aed5a60}: <clinit>> (0x000000008aed5a60) thrown at [./src/hotspot/share/prims/jni.cpp, line 1362]
Event: 1957.949 Thread 0x0000015061b95000 Exception <a 'java/lang/NoSuchMethodError'{0x000000008aee54a0}: <clinit>> (0x000000008aee54a0) thrown at [./src/hotspot/share/prims/jni.cpp, line 1362]
Event: 1957.959 Thread 0x0000015061b95000 Exception <a 'java/lang/NoSuchMethodError'{0x000000008ad08030}: <clinit>> (0x000000008ad08030) thrown at [./src/hotspot/share/prims/jni.cpp, line 1362]
Event: 1958.081 Thread 0x000001506468c000 Exception <a 'java/lang/NoSuchMethodError'{0x000000008ac9c4f8}: <clinit>> (0x000000008ac9c4f8) thrown at [./src/hotspot/share/prims/jni.cpp, line 1362]
Event: 1958.085 Thread 0x0000015061b98800 Exception <a 'java/lang/NoSuchMethodError'{0x000000008ac8cf70}: 'java.lang.Object java.lang.invoke.DirectMethodHandle$Holder.invokeInterface(java.lang.Object, java.lang.Object, int)'> (0x000000008ac8cf70) thrown at [./src/hotspot/share/interpreter/linkResolver.cpp, line 773]
Event: 1958.098 Thread 0x0000015061b98800 Exception <a 'java/lang/NoSuchMethodError'{0x000000008acdc520}: 'void java.lang.invoke.DirectMethodHandle$Holder.invokeStatic(java.lang.Object, java.lang.Object, java.lang.Object, int)'> (0x000000008acdc520) thrown at [./src/hotspot/share/interpreter/linkResolver.cpp, line 773]

Events (20 events):
Event: 1962.348 Executing VM operation: RevokeBias
Event: 1962.379 Executing VM operation: RevokeBias done
Event: 1962.379 Executing VM operation: RevokeBias
Event: 1962.380 Executing VM operation: RevokeBias done
Event: 1962.530 Executing VM operation: RevokeBias
Event: 1962.538 Executing VM operation: RevokeBias done
Event: 1962.538 Executing VM operation: RevokeBias
Event: 1962.546 Executing VM operation: RevokeBias done
Event: 1962.563 Executing VM operation: RevokeBias
Event: 1962.612 Executing coalesced safepoint VM operation: RevokeBias
Event: 1962.612 Executing coalesced safepoint VM operation: RevokeBias done
Event: 1962.612 Executing VM operation: RevokeBias done
Event: 1962.612 Executing VM operation: RevokeBias
Event: 1962.614 Executing VM operation: RevokeBias done
Event: 1962.694 Executing VM operation: RevokeBias
Event: 1962.696 Executing VM operation: RevokeBias done
Event: 1962.745 Executing VM operation: CGC_Operation
Event: 1962.763 Executing VM operation: CGC_Operation done
Event: 1962.764 Executing VM operation: RevokeBias
Event: 1962.765 Executing VM operation: RevokeBias done


Dynamic libraries:
0x00007ff730380000 - 0x00007ff73038a000 	C:\Program Files\Android\Android Studio\jre\bin\java.exe
0x00007ffc94ce0000 - 0x00007ffc94ee9000 	C:\WINDOWS\SYSTEM32\ntdll.dll
0x00007ffc92d70000 - 0x00007ffc92e2d000 	C:\WINDOWS\System32\KERNEL32.DLL
0x00007ffc925e0000 - 0x00007ffc9295c000 	C:\WINDOWS\System32\KERNELBASE.dll
0x00007ffc924c0000 - 0x00007ffc925d1000 	C:\WINDOWS\System32\ucrtbase.dll
0x00007ffc84d00000 - 0x00007ffc84d17000 	C:\Program Files\Android\Android Studio\jre\bin\VCRUNTIME140.dll
0x00007ffc72830000 - 0x00007ffc72849000 	C:\Program Files\Android\Android Studio\jre\bin\jli.dll
0x00007ffc94af0000 - 0x00007ffc94c9d000 	C:\WINDOWS\System32\USER32.dll
0x00007ffc92960000 - 0x00007ffc92986000 	C:\WINDOWS\System32\win32u.dll
0x00007ffc7fdf0000 - 0x00007ffc80095000 	C:\WINDOWS\WinSxS\amd64_microsoft.windows.common-controls_6595b64144ccf1df_6.0.22000.120_none_9d947278b86cc467\COMCTL32.dll
0x00007ffc92fd0000 - 0x00007ffc92ff9000 	C:\WINDOWS\System32\GDI32.dll
0x00007ffc93e70000 - 0x00007ffc93f13000 	C:\WINDOWS\System32\msvcrt.dll
0x00007ffc92330000 - 0x00007ffc92449000 	C:\WINDOWS\System32\gdi32full.dll
0x00007ffc92ad0000 - 0x00007ffc92b6d000 	C:\WINDOWS\System32\msvcp_win.dll
0x00007ffc92d30000 - 0x00007ffc92d61000 	C:\WINDOWS\System32\IMM32.DLL
0x00007ffc58fb0000 - 0x00007ffc5904d000 	C:\Program Files\Android\Android Studio\jre\bin\msvcp140.dll
0x00007ffc1b970000 - 0x00007ffc1c445000 	C:\Program Files\Android\Android Studio\jre\bin\server\jvm.dll
0x00007ffc94360000 - 0x00007ffc9440e000 	C:\WINDOWS\System32\ADVAPI32.dll
0x00007ffc93000000 - 0x00007ffc9309e000 	C:\WINDOWS\System32\sechost.dll
0x00007ffc92eb0000 - 0x00007ffc92fd0000 	C:\WINDOWS\System32\RPCRT4.dll
0x00007ffc8c4b0000 - 0x00007ffc8c4e3000 	C:\WINDOWS\SYSTEM32\WINMM.dll
0x00007ffc8b3b0000 - 0x00007ffc8b3ba000 	C:\WINDOWS\SYSTEM32\VERSION.dll
0x00007ffc94050000 - 0x00007ffc94058000 	C:\WINDOWS\System32\PSAPI.DLL
0x00007ffc7ec50000 - 0x00007ffc7ec59000 	C:\WINDOWS\SYSTEM32\WSOCK32.dll
0x00007ffc940c0000 - 0x00007ffc9412f000 	C:\WINDOWS\System32\WS2_32.dll
0x00007ffc913a0000 - 0x00007ffc913b8000 	C:\WINDOWS\SYSTEM32\kernel.appcore.dll
0x00007ffc892d0000 - 0x00007ffc892e1000 	C:\Program Files\Android\Android Studio\jre\bin\verify.dll
0x00007ffc8fbe0000 - 0x00007ffc8fe01000 	C:\WINDOWS\SYSTEM32\DBGHELP.DLL
0x00007ffc8abd0000 - 0x00007ffc8ac01000 	C:\WINDOWS\SYSTEM32\dbgcore.DLL
0x00007ffc92990000 - 0x00007ffc92a0f000 	C:\WINDOWS\System32\bcryptPrimitives.dll
0x00007ffc84be0000 - 0x00007ffc84c09000 	C:\Program Files\Android\Android Studio\jre\bin\java.dll
0x00007ffc90170000 - 0x00007ffc9017b000 	C:\Program Files\Android\Android Studio\jre\bin\jimage.dll
0x00007ffc85d70000 - 0x00007ffc85d88000 	C:\Program Files\Android\Android Studio\jre\bin\zip.dll
0x00007ffc93620000 - 0x00007ffc93dd8000 	C:\WINDOWS\System32\SHELL32.dll
0x00007ffc90330000 - 0x00007ffc90b98000 	C:\WINDOWS\SYSTEM32\windows.storage.dll
0x00007ffc930a0000 - 0x00007ffc93419000 	C:\WINDOWS\System32\combase.dll
0x00007ffc90190000 - 0x00007ffc902f6000 	C:\WINDOWS\SYSTEM32\wintypes.dll
0x00007ffc93500000 - 0x00007ffc935ea000 	C:\WINDOWS\System32\SHCORE.dll
0x00007ffc92b70000 - 0x00007ffc92bcd000 	C:\WINDOWS\System32\shlwapi.dll
0x00007ffc920f0000 - 0x00007ffc92111000 	C:\WINDOWS\SYSTEM32\profapi.dll
0x00007ffc85a00000 - 0x00007ffc85a1a000 	C:\Program Files\Android\Android Studio\jre\bin\net.dll
0x00007ffc8c190000 - 0x00007ffc8c29c000 	C:\WINDOWS\SYSTEM32\WINHTTP.dll
0x00007ffc917d0000 - 0x00007ffc91837000 	C:\WINDOWS\system32\mswsock.dll
0x00007ffc85990000 - 0x00007ffc859a4000 	C:\Program Files\Android\Android Studio\jre\bin\nio.dll
0x00007ffc72380000 - 0x00007ffc723a7000 	C:\Users\lucam\AndroidStudioProjects\18004671_OPSC7311_TaskApp\native\e1d6ef7f7dcc3fd88c89a11ec53ec762bb8ba0a96d01ffa2cd45eb1d1d8dd5c5\windows-amd64\native-platform.dll
0x00007ffc1b6f0000 - 0x00007ffc1b834000 	C:\Users\lucam\AndroidStudioProjects\18004671_OPSC7311_TaskApp\native\5664cfc778a61ccfe75a443a1ab52a65af34e5dc3c78e0209fed803814484fcb\windows-amd64\native-platform-file-events.dll
0x00007ffc8d080000 - 0x00007ffc8d08a000 	C:\Program Files\Android\Android Studio\jre\bin\management.dll
0x00007ffc8ac30000 - 0x00007ffc8ac3d000 	C:\Program Files\Android\Android Studio\jre\bin\management_ext.dll
0x00007ffc91a10000 - 0x00007ffc91a28000 	C:\WINDOWS\SYSTEM32\CRYPTSP.dll
0x00007ffc91300000 - 0x00007ffc91335000 	C:\WINDOWS\system32\rsaenh.dll
0x00007ffc918c0000 - 0x00007ffc918e9000 	C:\WINDOWS\SYSTEM32\USERENV.dll
0x00007ffc91ba0000 - 0x00007ffc91bc7000 	C:\WINDOWS\SYSTEM32\bcrypt.dll
0x00007ffc91a30000 - 0x00007ffc91a3c000 	C:\WINDOWS\SYSTEM32\CRYPTBASE.dll
0x00007ffc90ed0000 - 0x00007ffc90efd000 	C:\WINDOWS\SYSTEM32\IPHLPAPI.DLL
0x00007ffc935f0000 - 0x00007ffc935f9000 	C:\WINDOWS\System32\NSI.dll
0x00007ffc8c500000 - 0x00007ffc8c519000 	C:\WINDOWS\SYSTEM32\dhcpcsvc6.DLL
0x00007ffc8c850000 - 0x00007ffc8c86e000 	C:\WINDOWS\SYSTEM32\dhcpcsvc.DLL
0x00007ffc90f40000 - 0x00007ffc91028000 	C:\WINDOWS\SYSTEM32\DNSAPI.dll

dbghelp: loaded successfully - version: 4.0.5 - missing functions: none
symbol engine: initialized successfully - sym options: 0x614 - pdb path: .;C:\Program Files\Android\Android Studio\jre\bin;C:\WINDOWS\SYSTEM32;C:\WINDOWS\WinSxS\amd64_microsoft.windows.common-controls_6595b64144ccf1df_6.0.22000.120_none_9d947278b86cc467;C:\Program Files\Android\Android Studio\jre\bin\server;C:\Users\lucam\AndroidStudioProjects\18004671_OPSC7311_TaskApp\native\e1d6ef7f7dcc3fd88c89a11ec53ec762bb8ba0a96d01ffa2cd45eb1d1d8dd5c5\windows-amd64;C:\Users\lucam\AndroidStudioProjects\18004671_OPSC7311_TaskApp\native\5664cfc778a61ccfe75a443a1ab52a65af34e5dc3c78e0209fed803814484fcb\windows-amd64

VM Arguments:
jvm_args: --add-opens=java.base/java.util=ALL-UNNAMED --add-opens=java.base/java.lang=ALL-UNNAMED --add-opens=java.base/java.lang.invoke=ALL-UNNAMED --add-opens=java.base/java.util=ALL-UNNAMED --add-opens=java.prefs/java.util.prefs=ALL-UNNAMED --add-opens=java.prefs/java.util.prefs=ALL-UNNAMED --add-opens=java.base/java.nio.charset=ALL-UNNAMED --add-opens=java.base/java.net=ALL-UNNAMED --add-opens=java.base/java.util.concurrent.atomic=ALL-UNNAMED -Xmx2048m -Dfile.encoding=UTF-8 -Duser.country=ZA -Duser.language=en -Duser.variant 
java_command: org.gradle.launcher.daemon.bootstrap.GradleDaemon 7.2
java_class_path (initial): C:\Users\lucam\AndroidStudioProjects\18004671_OPSC7311_TaskApp\wrapper\dists\gradle-7.2-bin\2dnblmf4td7x66yl1d74lt32g\gradle-7.2\lib\gradle-launcher-7.2.jar
Launcher Type: SUN_STANDARD

[Global flags]
     intx CICompilerCount                          = 4                                         {product} {ergonomic}
     uint ConcGCThreads                            = 2                                         {product} {ergonomic}
     uint G1ConcRefinementThreads                  = 8                                         {product} {ergonomic}
   size_t G1HeapRegionSize                         = 1048576                                   {product} {ergonomic}
    uintx GCDrainStackTargetSize                   = 64                                        {product} {ergonomic}
   size_t InitialHeapSize                          = 132120576                                 {product} {ergonomic}
   size_t MarkStackSize                            = 4194304                                   {product} {ergonomic}
   size_t MaxHeapSize                              = 2147483648                                {product} {command line}
   size_t MaxNewSize                               = 1287651328                                {product} {ergonomic}
   size_t MinHeapDeltaBytes                        = 1048576                                   {product} {ergonomic}
    uintx NonNMethodCodeHeapSize                   = 5836300                                {pd product} {ergonomic}
    uintx NonProfiledCodeHeapSize                  = 122910970                              {pd product} {ergonomic}
    uintx ProfiledCodeHeapSize                     = 122910970                              {pd product} {ergonomic}
    uintx ReservedCodeCacheSize                    = 251658240                              {pd product} {ergonomic}
     bool SegmentedCodeCache                       = true                                      {product} {ergonomic}
     bool UseCompressedClassPointers               = true                                 {lp64_product} {ergonomic}
     bool UseCompressedOops                        = true                                 {lp64_product} {ergonomic}
     bool UseG1GC                                  = true                                      {product} {ergonomic}
     bool UseLargePagesIndividualAllocation        = false                                  {pd product} {ergonomic}

Logging:
Log output configuration:
 #0: stdout all=warning uptime,level,tags
 #1: stderr all=off uptime,level,tags

Environment Variables:
PATH=C:\Program Files\Microsoft\jdk-11.0.12.7-hotspot\bin;C:\Oracle19c\WINDOWS.X64_193000_db_home\bin;C:\Windows\system32;C:\Windows;C:\Windows\System32\Wbem;C:\Windows\System32\WindowsPowerShell\v1.0\;C:\Windows\System32\OpenSSH\;C:\Program Files (x86)\NVIDIA Corporation\PhysX\Common;C:\Program Files\NVIDIA Corporation\NVIDIA NvDLISR;C:\Program Files\Microsoft SQL Server\130\Tools\Binn\;C:\Program Files\Microsoft SQL Server\Client SDK\ODBC\170\Tools\Binn\;C:\Program Files\dotnet\;C:\WINDOWS\system32;C:\WINDOWS;C:\WINDOWS\System32\Wbem;C:\WINDOWS\System32\WindowsPowerShell\v1.0\;C:\WINDOWS\System32\OpenSSH\;C:\Program Files\Git\cmd;C:\Program Files\nodejs\;C:\ProgramData\chocolatey\bin;C:\Program Files\Microsoft SQL Server\150\Tools\Binn\;C:\Program Files (x86)\Microsoft SQL Server\150\DTS\Binn\;C:\Program Files\Azure Data Studio\bin;C:\Users\lucam\AppData\Local\Microsoft\WindowsApps;C:\Program Files\MongoDB\Server\5.0\bin;C:\Users\lucam\.dotnet\tools;C:\Users\lucam\AppData\Local\GitHubDesktop\bin;C:\Users\lucam\AppData\Roaming\npm;C:\Users\lucam\AppData\Local\Programs\Microsoft VS Code\bin;C:\Program Files\Azure Data Studio\bin;C:\Users\lucam\OpenSSL-Win64\bin;
USERNAME=lucam
OS=Windows_NT
PROCESSOR_IDENTIFIER=Intel64 Family 6 Model 165 Stepping 2, GenuineIntel



---------------  S Y S T E M  ---------------

OS: Windows 10 , 64 bit Build 22000 (10.0.22000.708)
OS uptime: 27 days 7:35 hours

CPU:total 8 (initial active 8) (4 cores per cpu, 2 threads per core) family 6 model 165 stepping 2 microcode 0xe0, cmov, cx8, fxsr, mmx, sse, sse2, sse3, ssse3, sse4.1, sse4.2, popcnt, avx, avx2, aes, clmul, erms, 3dnowpref, lzcnt, ht, tsc, tscinvbit, bmi1, bmi2, adx, fma

Memory: 4k page, system-wide physical 8029M (41M free)
TotalPageFile size 32605M (AvailPageFile size 0M)
current process WorkingSet (physical memory assigned to process): 85M, peak: 509M
current process commit charge ("private bytes"): 539M, peak: 574M

vm_info: OpenJDK 64-Bit Server VM (11.0.11+9-b60-7590822) for windows-amd64 JRE (11.0.11+9-b60-7590822), built on Jul 29 2021 21:43:44 by "builder" with MS VC++ 14.0 (VS2015)

END.
